2017-12-01 10:27:29,560 - seismic - INFO - experiment started for:{'run_id': 1, 'max_iter': 10, 'optimization_config': {'mog': 12000}, 'xtol': 0.001, 'git_hash': '3f4e82e7b829db341edc40e68bf2dc23ed7005c2', 'model_init': None, 'ftol': 1, 'latent_noise:': 0.001, 'sparsity_factor': 1.0, 'll': 'SeismicLL', 'sample_num': 100000, 'experiment': 'seismic', 'git_branch': 'seismic', 'random_Z': False, 'method': 'full'}
2017-12-01 10:27:40,471 - seismic - INFO - Iteration 1 started.
2017-12-01 10:27:40,471 - seismic - INFO - Optimizing: mog
2017-12-01 10:27:40,562 - seismic - DEBUG - Objective: 65438.1131
2017-12-01 10:27:51,223 - seismic - DEBUG - Objective: 55728.5356
2017-12-01 10:28:01,971 - seismic - DEBUG - Objective: 25623.2744
2017-12-01 10:28:12,686 - seismic - DEBUG - Objective: 15541.1172
2017-12-01 10:28:23,359 - seismic - DEBUG - Objective: 8685.0341
2017-12-01 10:28:33,933 - seismic - DEBUG - Objective: 9158.0764
2017-12-01 10:28:44,551 - seismic - DEBUG - Objective: 6857.9342
2017-12-01 10:28:55,078 - seismic - DEBUG - Objective: 4240.5410
2017-12-01 10:29:05,712 - seismic - DEBUG - Objective: 2843.3297
2017-12-01 10:29:16,326 - seismic - DEBUG - Objective: 2315.5369
2017-12-01 10:29:26,925 - seismic - DEBUG - Objective: 1659.5921
2017-12-01 10:29:37,620 - seismic - DEBUG - Objective: 1425.1303
2017-12-01 10:29:48,216 - seismic - DEBUG - Objective: 1221.3766
2017-12-01 10:29:58,802 - seismic - DEBUG - Objective: 934.1227
2017-12-01 10:30:09,553 - seismic - DEBUG - Objective: 758.1731
2017-12-01 10:30:20,198 - seismic - DEBUG - Objective: 695.0157
2017-12-01 10:30:30,769 - seismic - DEBUG - Objective: 652.0674
2017-12-01 10:30:41,398 - seismic - DEBUG - Objective: 592.0727
2017-12-01 10:30:51,925 - seismic - DEBUG - Objective: 574.0986
2017-12-01 10:31:02,504 - seismic - DEBUG - Objective: 508.6593
2017-12-01 10:31:12,988 - seismic - DEBUG - Objective: 488.9193
2017-12-01 10:31:23,447 - seismic - DEBUG - Objective: 467.1757
2017-12-01 10:31:33,927 - seismic - DEBUG - Objective: 438.2281
2017-12-01 10:31:44,386 - seismic - DEBUG - Objective: 439.8804
2017-12-01 10:31:54,829 - seismic - DEBUG - Objective: 421.2117
2017-12-01 10:32:05,329 - seismic - DEBUG - Objective: 407.0589
2017-12-01 10:32:15,784 - seismic - DEBUG - Objective: 397.6930
2017-12-01 10:32:26,267 - seismic - DEBUG - Objective: 385.7464
2017-12-01 10:32:36,754 - seismic - DEBUG - Objective: 374.4026
2017-12-01 10:32:47,231 - seismic - DEBUG - Objective: 363.2222
2017-12-01 10:32:57,939 - seismic - DEBUG - Objective: 355.0228
2017-12-01 10:33:08,566 - seismic - DEBUG - Objective: 348.4262
2017-12-01 10:33:19,167 - seismic - DEBUG - Objective: 344.4978
2017-12-01 10:33:29,814 - seismic - DEBUG - Objective: 332.2889
2017-12-01 10:33:40,665 - seismic - DEBUG - Objective: 328.2403
2017-12-01 10:33:51,256 - seismic - DEBUG - Objective: 321.7607
2017-12-01 10:34:02,027 - seismic - DEBUG - Objective: 312.7046
2017-12-01 10:34:13,172 - seismic - DEBUG - Objective: 305.9840
2017-12-01 10:34:23,920 - seismic - DEBUG - Objective: 298.2109
2017-12-01 10:34:34,860 - seismic - DEBUG - Objective: 293.4680
2017-12-01 10:34:45,617 - seismic - DEBUG - Objective: 287.6451
2017-12-01 10:34:56,514 - seismic - DEBUG - Objective: 283.9880
2017-12-01 10:35:07,289 - seismic - DEBUG - Objective: 274.9090
2017-12-01 10:35:18,110 - seismic - DEBUG - Objective: 271.0500
2017-12-01 10:35:28,786 - seismic - DEBUG - Objective: 266.3413
2017-12-01 10:35:39,467 - seismic - DEBUG - Objective: 259.5917
2017-12-01 10:35:50,182 - seismic - DEBUG - Objective: 254.8043
2017-12-01 10:36:00,914 - seismic - DEBUG - Objective: 249.2632
2017-12-01 10:36:11,604 - seismic - DEBUG - Objective: 246.1751
2017-12-01 10:36:22,200 - seismic - DEBUG - Objective: 242.6572
2017-12-01 10:36:32,791 - seismic - DEBUG - Objective: 241.1907
2017-12-01 10:36:43,399 - seismic - DEBUG - Objective: 237.5158
2017-12-01 10:36:53,977 - seismic - DEBUG - Objective: 236.2825
2017-12-01 10:37:04,597 - seismic - DEBUG - Objective: 234.3938
2017-12-01 10:37:15,229 - seismic - DEBUG - Objective: 232.6604
2017-12-01 10:37:25,840 - seismic - DEBUG - Objective: 230.7143
2017-12-01 10:37:36,518 - seismic - DEBUG - Objective: 229.6258
2017-12-01 10:37:47,569 - seismic - DEBUG - Objective: 228.4408
2017-12-01 10:37:58,449 - seismic - DEBUG - Objective: 227.5384
2017-12-01 10:38:09,161 - seismic - DEBUG - Objective: 226.5026
2017-12-01 10:38:19,825 - seismic - DEBUG - Objective: 225.6476
2017-12-01 10:38:30,474 - seismic - DEBUG - Objective: 225.0106
2017-12-01 10:38:41,244 - seismic - DEBUG - Objective: 224.2712
2017-12-01 10:38:51,919 - seismic - DEBUG - Objective: 223.2765
2017-12-01 10:39:02,461 - seismic - DEBUG - Objective: 222.7150
2017-12-01 10:39:13,261 - seismic - DEBUG - Objective: 222.0229
2017-12-01 10:39:24,090 - seismic - DEBUG - Objective: 221.5001
2017-12-01 10:39:34,871 - seismic - DEBUG - Objective: 220.6377
2017-12-01 10:39:45,561 - seismic - DEBUG - Objective: 220.0109
2017-12-01 10:39:56,178 - seismic - DEBUG - Objective: 219.4329
2017-12-01 10:40:06,929 - seismic - DEBUG - Objective: 218.5536
2017-12-01 10:40:17,569 - seismic - DEBUG - Objective: 217.6839
2017-12-01 10:40:28,200 - seismic - DEBUG - Objective: 216.9161
2017-12-01 10:40:39,116 - seismic - DEBUG - Objective: 215.9314
2017-12-01 10:40:49,973 - seismic - DEBUG - Objective: 215.1028
2017-12-01 10:41:00,710 - seismic - DEBUG - Objective: 213.7221
2017-12-01 10:41:11,379 - seismic - DEBUG - Objective: 212.6059
2017-12-01 10:41:22,002 - seismic - DEBUG - Objective: 211.3790
2017-12-01 10:41:32,645 - seismic - DEBUG - Objective: 210.1878
2017-12-01 10:41:43,357 - seismic - DEBUG - Objective: 209.0548
2017-12-01 10:41:54,074 - seismic - DEBUG - Objective: 207.7068
2017-12-01 10:42:04,780 - seismic - DEBUG - Objective: 206.5689
2017-12-01 10:42:15,598 - seismic - DEBUG - Objective: 205.4406
2017-12-01 10:42:26,293 - seismic - DEBUG - Objective: 204.2416
2017-12-01 10:42:37,129 - seismic - DEBUG - Objective: 202.9648
2017-12-01 10:42:47,956 - seismic - DEBUG - Objective: 201.8937
2017-12-01 10:42:58,649 - seismic - DEBUG - Objective: 200.7742
2017-12-01 10:43:09,382 - seismic - DEBUG - Objective: 199.7754
2017-12-01 10:43:20,006 - seismic - DEBUG - Objective: 198.3849
2017-12-01 10:43:30,596 - seismic - DEBUG - Objective: 196.7854
2017-12-01 10:43:41,213 - seismic - DEBUG - Objective: 195.5361
2017-12-01 10:43:51,800 - seismic - DEBUG - Objective: 194.4472
2017-12-01 10:44:02,525 - seismic - DEBUG - Objective: 193.1564
2017-12-01 10:44:13,930 - seismic - DEBUG - Objective: 192.2441
2017-12-01 10:44:26,907 - seismic - DEBUG - Objective: 191.1300
2017-12-01 10:44:38,143 - seismic - DEBUG - Objective: 189.9034
2017-12-01 10:44:48,842 - seismic - DEBUG - Objective: 188.8876
2017-12-01 10:44:59,519 - seismic - DEBUG - Objective: 188.0487
2017-12-01 10:45:10,210 - seismic - DEBUG - Objective: 186.3148
2017-12-01 10:45:20,903 - seismic - DEBUG - Objective: 185.1331
2017-12-01 10:45:31,870 - seismic - DEBUG - Objective: 183.9969
2017-12-01 10:45:42,641 - seismic - DEBUG - Objective: 182.6103
2017-12-01 10:45:53,312 - seismic - DEBUG - Objective: 181.4900
2017-12-01 10:46:03,958 - seismic - DEBUG - Objective: 180.5839
2017-12-01 10:46:14,788 - seismic - DEBUG - Objective: 178.7739
2017-12-01 10:46:25,447 - seismic - DEBUG - Objective: 178.0827
2017-12-01 10:46:36,114 - seismic - DEBUG - Objective: 176.9848
2017-12-01 10:46:46,885 - seismic - DEBUG - Objective: 176.2290
2017-12-01 10:46:57,509 - seismic - DEBUG - Objective: 174.8719
2017-12-01 10:47:08,296 - seismic - DEBUG - Objective: 173.8341
2017-12-01 10:47:19,074 - seismic - DEBUG - Objective: 172.7137
2017-12-01 10:47:29,704 - seismic - DEBUG - Objective: 171.3538
2017-12-01 10:47:40,475 - seismic - DEBUG - Objective: 170.1325
2017-12-01 10:47:51,253 - seismic - DEBUG - Objective: 169.2365
2017-12-01 10:48:01,826 - seismic - DEBUG - Objective: 168.1701
2017-12-01 10:48:12,440 - seismic - DEBUG - Objective: 167.0983
2017-12-01 10:48:22,980 - seismic - DEBUG - Objective: 165.9226
2017-12-01 10:48:33,646 - seismic - DEBUG - Objective: 164.9438
2017-12-01 10:48:44,244 - seismic - DEBUG - Objective: 164.2404
2017-12-01 10:48:55,026 - seismic - DEBUG - Objective: 163.3024
2017-12-01 10:49:06,080 - seismic - DEBUG - Objective: 162.6955
2017-12-01 10:49:16,894 - seismic - DEBUG - Objective: 161.6855
2017-12-01 10:49:27,549 - seismic - DEBUG - Objective: 161.0599
2017-12-01 10:49:38,240 - seismic - DEBUG - Objective: 160.3994
2017-12-01 10:49:48,892 - seismic - DEBUG - Objective: 159.5651
2017-12-01 10:49:59,498 - seismic - DEBUG - Objective: 158.7067
2017-12-01 10:50:10,139 - seismic - DEBUG - Objective: 158.0997
2017-12-01 10:50:20,733 - seismic - DEBUG - Objective: 157.4210
2017-12-01 10:50:31,343 - seismic - DEBUG - Objective: 156.9114
2017-12-01 10:50:42,232 - seismic - DEBUG - Objective: 156.2746
2017-12-01 10:50:52,938 - seismic - DEBUG - Objective: 155.5236
2017-12-01 10:51:03,811 - seismic - DEBUG - Objective: 154.9824
2017-12-01 10:51:14,671 - seismic - DEBUG - Objective: 154.5670
2017-12-01 10:51:25,506 - seismic - DEBUG - Objective: 153.7900
2017-12-01 10:51:36,436 - seismic - DEBUG - Objective: 153.3748
2017-12-01 10:51:47,287 - seismic - DEBUG - Objective: 152.8947
2017-12-01 10:51:58,004 - seismic - DEBUG - Objective: 152.1827
2017-12-01 10:52:08,894 - seismic - DEBUG - Objective: 151.7417
2017-12-01 10:52:19,766 - seismic - DEBUG - Objective: 150.9369
2017-12-01 10:52:30,656 - seismic - DEBUG - Objective: 150.5566
2017-12-01 10:52:41,402 - seismic - DEBUG - Objective: 149.7125
2017-12-01 10:52:52,194 - seismic - DEBUG - Objective: 149.3320
2017-12-01 10:53:03,001 - seismic - DEBUG - Objective: 148.8721
2017-12-01 10:53:13,871 - seismic - DEBUG - Objective: 148.3619
2017-12-01 10:53:24,620 - seismic - DEBUG - Objective: 147.8213
2017-12-01 10:53:35,440 - seismic - DEBUG - Objective: 147.3817
2017-12-01 10:53:46,250 - seismic - DEBUG - Objective: 147.0238
2017-12-01 10:53:57,073 - seismic - DEBUG - Objective: 146.5654
2017-12-01 10:54:07,936 - seismic - DEBUG - Objective: 145.9815
2017-12-01 10:54:18,790 - seismic - DEBUG - Objective: 145.4284
2017-12-01 10:54:29,717 - seismic - DEBUG - Objective: 144.9913
2017-12-01 10:54:40,601 - seismic - DEBUG - Objective: 144.4887
2017-12-01 10:54:51,420 - seismic - DEBUG - Objective: 143.8539
2017-12-01 10:55:02,212 - seismic - DEBUG - Objective: 143.4302
2017-12-01 10:55:13,196 - seismic - DEBUG - Objective: 142.9706
2017-12-01 10:55:23,943 - seismic - DEBUG - Objective: 142.5479
2017-12-01 10:55:34,967 - seismic - DEBUG - Objective: 142.2555
2017-12-01 10:55:45,919 - seismic - DEBUG - Objective: 141.8826
2017-12-01 10:55:56,840 - seismic - DEBUG - Objective: 141.6193
2017-12-01 10:56:07,855 - seismic - DEBUG - Objective: 141.3411
2017-12-01 10:56:18,787 - seismic - DEBUG - Objective: 140.9465
2017-12-01 10:56:29,646 - seismic - DEBUG - Objective: 140.7419
2017-12-01 10:56:40,570 - seismic - DEBUG - Objective: 140.2051
2017-12-01 10:56:51,507 - seismic - DEBUG - Objective: 140.0190
2017-12-01 10:57:02,237 - seismic - DEBUG - Objective: 139.7321
2017-12-01 10:57:13,166 - seismic - DEBUG - Objective: 139.2955
2017-12-01 10:57:24,074 - seismic - DEBUG - Objective: 138.9457
2017-12-01 10:57:34,940 - seismic - DEBUG - Objective: 138.5793
2017-12-01 10:57:45,855 - seismic - DEBUG - Objective: 138.2783
2017-12-01 10:57:56,633 - seismic - DEBUG - Objective: 138.0442
2017-12-01 10:58:07,392 - seismic - DEBUG - Objective: 137.7362
2017-12-01 10:58:18,122 - seismic - DEBUG - Objective: 137.4417
2017-12-01 10:58:28,814 - seismic - DEBUG - Objective: 137.1456
2017-12-01 10:58:39,548 - seismic - DEBUG - Objective: 136.7845
2017-12-01 10:58:50,466 - seismic - DEBUG - Objective: 136.4011
2017-12-01 10:59:01,138 - seismic - DEBUG - Objective: 136.0632
2017-12-01 10:59:12,434 - seismic - DEBUG - Objective: 135.6961
2017-12-01 10:59:23,226 - seismic - DEBUG - Objective: 135.3957
2017-12-01 10:59:34,190 - seismic - DEBUG - Objective: 135.0294
2017-12-01 10:59:45,134 - seismic - DEBUG - Objective: 134.6750
2017-12-01 10:59:56,045 - seismic - DEBUG - Objective: 134.4235
2017-12-01 11:00:06,997 - seismic - DEBUG - Objective: 134.1668
2017-12-01 11:00:17,899 - seismic - DEBUG - Objective: 133.8127
2017-12-01 11:00:28,733 - seismic - DEBUG - Objective: 133.5971
2017-12-01 11:00:39,569 - seismic - DEBUG - Objective: 133.2117
2017-12-01 11:00:50,411 - seismic - DEBUG - Objective: 132.6808
2017-12-01 11:01:01,197 - seismic - DEBUG - Objective: 132.2303
2017-12-01 11:01:12,106 - seismic - DEBUG - Objective: 131.8642
2017-12-01 11:01:22,976 - seismic - DEBUG - Objective: 131.4854
2017-12-01 11:01:33,856 - seismic - DEBUG - Objective: 131.1012
2017-12-01 11:01:44,618 - seismic - DEBUG - Objective: 130.6217
2017-12-01 11:01:55,465 - seismic - DEBUG - Objective: 130.2738
2017-12-01 11:02:06,340 - seismic - DEBUG - Objective: 130.0642
2017-12-01 11:02:17,167 - seismic - DEBUG - Objective: 129.7039
2017-12-01 11:02:28,015 - seismic - DEBUG - Objective: 129.7167
2017-12-01 11:02:38,839 - seismic - DEBUG - Objective: 129.5328
2017-12-01 11:02:49,595 - seismic - DEBUG - Objective: 129.2506
2017-12-01 11:03:00,378 - seismic - DEBUG - Objective: 128.8866
2017-12-01 11:03:11,165 - seismic - DEBUG - Objective: 128.5926
2017-12-01 11:03:21,979 - seismic - DEBUG - Objective: 128.3228
2017-12-01 11:03:32,766 - seismic - DEBUG - Objective: 127.9739
2017-12-01 11:03:43,690 - seismic - DEBUG - Objective: 127.7412
2017-12-01 11:03:54,486 - seismic - DEBUG - Objective: 127.3827
2017-12-01 11:04:05,221 - seismic - DEBUG - Objective: 127.0234
2017-12-01 11:04:16,082 - seismic - DEBUG - Objective: 126.6414
2017-12-01 11:04:26,970 - seismic - DEBUG - Objective: 126.3497
2017-12-01 11:04:37,750 - seismic - DEBUG - Objective: 126.0355
2017-12-01 11:04:48,721 - seismic - DEBUG - Objective: 125.9079
2017-12-01 11:04:59,569 - seismic - DEBUG - Objective: 125.6837
2017-12-01 11:05:10,389 - seismic - DEBUG - Objective: 125.4796
2017-12-01 11:05:21,209 - seismic - DEBUG - Objective: 125.2710
2017-12-01 11:05:32,114 - seismic - DEBUG - Objective: 124.8872
2017-12-01 11:05:42,981 - seismic - DEBUG - Objective: 124.4741
2017-12-01 11:05:53,830 - seismic - DEBUG - Objective: 124.1062
2017-12-01 11:06:04,682 - seismic - DEBUG - Objective: 123.8378
2017-12-01 11:06:15,500 - seismic - DEBUG - Objective: 123.3968
2017-12-01 11:06:26,308 - seismic - DEBUG - Objective: 123.1315
2017-12-01 11:06:36,994 - seismic - DEBUG - Objective: 122.7570
2017-12-01 11:06:47,890 - seismic - DEBUG - Objective: 122.3847
2017-12-01 11:06:57,798 - seismic - DEBUG - Objective: 122.0546
2017-12-01 11:07:06,382 - seismic - DEBUG - Objective: 121.9214
2017-12-01 11:07:15,191 - seismic - DEBUG - Objective: 121.3769
2017-12-01 11:07:23,876 - seismic - DEBUG - Objective: 121.2090
2017-12-01 11:07:32,957 - seismic - DEBUG - Objective: 120.9012
2017-12-01 11:07:41,795 - seismic - DEBUG - Objective: 120.7265
2017-12-01 11:07:50,463 - seismic - DEBUG - Objective: 120.3158
2017-12-01 11:07:59,108 - seismic - DEBUG - Objective: 120.0018
2017-12-01 11:08:07,869 - seismic - DEBUG - Objective: 119.7177
2017-12-01 11:08:16,552 - seismic - DEBUG - Objective: 119.3264
2017-12-01 11:08:25,382 - seismic - DEBUG - Objective: 119.2228
2017-12-01 11:08:34,229 - seismic - DEBUG - Objective: 118.7792
2017-12-01 11:08:42,838 - seismic - DEBUG - Objective: 118.6031
2017-12-01 11:08:51,936 - seismic - DEBUG - Objective: 118.3331
2017-12-01 11:09:00,769 - seismic - DEBUG - Objective: 118.2554
2017-12-01 11:09:09,645 - seismic - DEBUG - Objective: 117.9306
2017-12-01 11:09:18,465 - seismic - DEBUG - Objective: 117.7899
2017-12-01 11:09:26,721 - seismic - DEBUG - Objective: 117.5667
2017-12-01 11:09:35,034 - seismic - DEBUG - Objective: 117.3392
2017-12-01 11:09:43,617 - seismic - DEBUG - Objective: 117.1500
2017-12-01 11:09:52,276 - seismic - DEBUG - Objective: 116.9018
2017-12-01 11:10:01,309 - seismic - DEBUG - Objective: 116.7014
2017-12-01 11:10:10,317 - seismic - DEBUG - Objective: 116.3583
2017-12-01 11:10:19,146 - seismic - DEBUG - Objective: 116.3934
2017-12-01 11:10:27,854 - seismic - DEBUG - Objective: 116.2035
2017-12-01 11:10:36,699 - seismic - DEBUG - Objective: 115.9969
2017-12-01 11:10:45,534 - seismic - DEBUG - Objective: 115.8143
2017-12-01 11:10:54,305 - seismic - DEBUG - Objective: 115.6215
2017-12-01 11:11:03,141 - seismic - DEBUG - Objective: 115.5001
2017-12-01 11:11:12,041 - seismic - DEBUG - Objective: 115.2971
2017-12-01 11:11:20,971 - seismic - DEBUG - Objective: 115.1872
2017-12-01 11:11:30,088 - seismic - DEBUG - Objective: 115.0587
2017-12-01 11:11:39,176 - seismic - DEBUG - Objective: 114.8421
2017-12-01 11:11:47,896 - seismic - DEBUG - Objective: 114.8932
2017-12-01 11:11:56,621 - seismic - DEBUG - Objective: 114.7278
2017-12-01 11:12:05,505 - seismic - DEBUG - Objective: 114.5244
2017-12-01 11:12:14,356 - seismic - DEBUG - Objective: 114.3054
2017-12-01 11:12:23,188 - seismic - DEBUG - Objective: 114.1359
2017-12-01 11:12:31,989 - seismic - DEBUG - Objective: 113.9563
2017-12-01 11:12:40,779 - seismic - DEBUG - Objective: 113.8004
2017-12-01 11:12:49,267 - seismic - DEBUG - Objective: 113.6219
2017-12-01 11:12:58,036 - seismic - DEBUG - Objective: 113.4775
2017-12-01 11:13:06,949 - seismic - DEBUG - Objective: 113.3559
2017-12-01 11:13:15,666 - seismic - DEBUG - Objective: 113.2301
2017-12-01 11:13:24,568 - seismic - DEBUG - Objective: 113.1455
2017-12-01 11:13:33,268 - seismic - DEBUG - Objective: 112.9702
2017-12-01 11:13:42,196 - seismic - DEBUG - Objective: 112.7223
2017-12-01 11:13:50,805 - seismic - DEBUG - Objective: 112.5812
2017-12-01 11:13:59,730 - seismic - DEBUG - Objective: 112.4863
2017-12-01 11:14:08,425 - seismic - DEBUG - Objective: 112.3399
2017-12-01 11:14:17,170 - seismic - DEBUG - Objective: 112.1964
2017-12-01 11:14:26,152 - seismic - DEBUG - Objective: 112.0040
2017-12-01 11:14:35,173 - seismic - DEBUG - Objective: 111.8286
2017-12-01 11:14:44,065 - seismic - DEBUG - Objective: 111.7339
2017-12-01 11:14:53,239 - seismic - DEBUG - Objective: 111.5920
2017-12-01 11:15:02,302 - seismic - DEBUG - Objective: 111.4748
2017-12-01 11:15:11,200 - seismic - DEBUG - Objective: 111.3240
2017-12-01 11:15:19,863 - seismic - DEBUG - Objective: 111.1544
2017-12-01 11:15:28,921 - seismic - DEBUG - Objective: 111.0498
2017-12-01 11:15:37,604 - seismic - DEBUG - Objective: 110.9106
2017-12-01 11:15:46,375 - seismic - DEBUG - Objective: 110.7134
2017-12-01 11:15:55,258 - seismic - DEBUG - Objective: 110.6108
2017-12-01 11:16:03,756 - seismic - DEBUG - Objective: 110.3225
2017-12-01 11:16:12,619 - seismic - DEBUG - Objective: 110.1507
2017-12-01 11:16:21,319 - seismic - DEBUG - Objective: 109.9840
2017-12-01 11:16:29,918 - seismic - DEBUG - Objective: 109.8960
2017-12-01 11:16:38,587 - seismic - DEBUG - Objective: 109.6721
2017-12-01 11:16:47,314 - seismic - DEBUG - Objective: 109.4900
2017-12-01 11:16:56,026 - seismic - DEBUG - Objective: 109.2826
2017-12-01 11:17:04,835 - seismic - DEBUG - Objective: 109.1211
2017-12-01 11:17:13,820 - seismic - DEBUG - Objective: 108.9953
2017-12-01 11:17:22,683 - seismic - DEBUG - Objective: 108.7886
2017-12-01 11:17:31,439 - seismic - DEBUG - Objective: 108.5876
2017-12-01 11:17:39,992 - seismic - DEBUG - Objective: 108.3773
2017-12-01 11:17:48,974 - seismic - DEBUG - Objective: 108.2933
2017-12-01 11:17:57,672 - seismic - DEBUG - Objective: 108.1354
2017-12-01 11:18:06,625 - seismic - DEBUG - Objective: 107.9553
2017-12-01 11:18:15,274 - seismic - DEBUG - Objective: 107.7274
2017-12-01 11:18:24,093 - seismic - DEBUG - Objective: 107.5149
2017-12-01 11:18:32,864 - seismic - DEBUG - Objective: 107.3845
2017-12-01 11:18:41,815 - seismic - DEBUG - Objective: 107.2332
2017-12-01 11:18:50,546 - seismic - DEBUG - Objective: 107.1177
2017-12-01 11:18:59,340 - seismic - DEBUG - Objective: 106.9798
2017-12-01 11:19:08,212 - seismic - DEBUG - Objective: 106.5263
2017-12-01 11:19:17,052 - seismic - DEBUG - Objective: 106.5396
2017-12-01 11:19:25,686 - seismic - DEBUG - Objective: 106.4311
2017-12-01 11:19:34,448 - seismic - DEBUG - Objective: 106.3013
2017-12-01 11:19:43,279 - seismic - DEBUG - Objective: 106.1671
2017-12-01 11:19:51,665 - seismic - DEBUG - Objective: 105.9945
2017-12-01 11:20:00,581 - seismic - DEBUG - Objective: 105.7578
2017-12-01 11:20:09,361 - seismic - DEBUG - Objective: 105.5868
2017-12-01 11:20:18,466 - seismic - DEBUG - Objective: 105.4797
2017-12-01 11:20:27,199 - seismic - DEBUG - Objective: 105.2785
2017-12-01 11:20:36,194 - seismic - DEBUG - Objective: 105.0655
2017-12-01 11:20:44,889 - seismic - DEBUG - Objective: 104.8575
2017-12-01 11:20:53,644 - seismic - DEBUG - Objective: 104.7333
2017-12-01 11:21:02,421 - seismic - DEBUG - Objective: 104.6071
2017-12-01 11:21:11,413 - seismic - DEBUG - Objective: 104.3870
2017-12-01 11:21:20,462 - seismic - DEBUG - Objective: 104.3035
2017-12-01 11:21:29,216 - seismic - DEBUG - Objective: 104.0950
2017-12-01 11:21:38,067 - seismic - DEBUG - Objective: 104.0250
2017-12-01 11:21:46,735 - seismic - DEBUG - Objective: 103.9259
2017-12-01 11:21:55,583 - seismic - DEBUG - Objective: 103.7419
2017-12-01 11:22:04,137 - seismic - DEBUG - Objective: 103.4941
2017-12-01 11:22:13,143 - seismic - DEBUG - Objective: 103.6330
2017-12-01 11:22:21,773 - seismic - DEBUG - Objective: 103.3866
2017-12-01 11:22:30,618 - seismic - DEBUG - Objective: 103.2507
2017-12-01 11:22:39,442 - seismic - DEBUG - Objective: 103.1436
2017-12-01 11:22:48,231 - seismic - DEBUG - Objective: 103.0402
2017-12-01 11:22:57,129 - seismic - DEBUG - Objective: 102.9708
2017-12-01 11:23:06,034 - seismic - DEBUG - Objective: 102.8488
2017-12-01 11:23:15,082 - seismic - DEBUG - Objective: 102.7383
2017-12-01 11:23:23,758 - seismic - DEBUG - Objective: 102.8151
2017-12-01 11:23:32,467 - seismic - DEBUG - Objective: 102.6277
2017-12-01 11:23:40,987 - seismic - DEBUG - Objective: 102.4789
2017-12-01 11:23:49,940 - seismic - DEBUG - Objective: 102.3936
2017-12-01 11:23:58,466 - seismic - DEBUG - Objective: 102.2596
2017-12-01 11:24:07,235 - seismic - DEBUG - Objective: 102.0945
2017-12-01 11:24:15,609 - seismic - DEBUG - Objective: 102.1030
2017-12-01 11:24:24,262 - seismic - DEBUG - Objective: 101.9914
2017-12-01 11:24:33,128 - seismic - DEBUG - Objective: 101.8461
2017-12-01 11:24:41,840 - seismic - DEBUG - Objective: 101.7832
2017-12-01 11:24:50,654 - seismic - DEBUG - Objective: 101.6688
2017-12-01 11:24:59,351 - seismic - DEBUG - Objective: 101.5702
2017-12-01 11:25:08,379 - seismic - DEBUG - Objective: 101.4878
2017-12-01 11:25:16,824 - seismic - DEBUG - Objective: 101.3157
2017-12-01 11:25:25,720 - seismic - DEBUG - Objective: 101.2422
2017-12-01 11:25:34,438 - seismic - DEBUG - Objective: 101.0839
2017-12-01 11:25:43,218 - seismic - DEBUG - Objective: 101.0089
2017-12-01 11:25:51,893 - seismic - DEBUG - Objective: 100.9392
2017-12-01 11:26:00,744 - seismic - DEBUG - Objective: 100.8098
2017-12-01 11:26:09,610 - seismic - DEBUG - Objective: 100.6999
2017-12-01 11:26:18,269 - seismic - DEBUG - Objective: 100.5556
2017-12-01 11:26:26,877 - seismic - DEBUG - Objective: 100.4658
2017-12-01 11:26:35,561 - seismic - DEBUG - Objective: 100.3799
2017-12-01 11:26:44,350 - seismic - DEBUG - Objective: 100.3230
2017-12-01 11:26:53,051 - seismic - DEBUG - Objective: 100.2294
2017-12-01 11:27:01,850 - seismic - DEBUG - Objective: 100.1491
2017-12-01 11:27:10,608 - seismic - DEBUG - Objective: 100.0887
2017-12-01 11:27:19,285 - seismic - DEBUG - Objective: 99.9210
2017-12-01 11:27:28,085 - seismic - DEBUG - Objective: 99.8076
2017-12-01 11:27:37,205 - seismic - DEBUG - Objective: 99.6371
2017-12-01 11:27:45,948 - seismic - DEBUG - Objective: 99.5571
2017-12-01 11:27:54,594 - seismic - DEBUG - Objective: 99.4697
2017-12-01 11:28:03,289 - seismic - DEBUG - Objective: 99.3413
2017-12-01 11:28:12,152 - seismic - DEBUG - Objective: 99.2219
2017-12-01 11:28:21,047 - seismic - DEBUG - Objective: 99.0955
2017-12-01 11:28:29,794 - seismic - DEBUG - Objective: 99.0244
2017-12-01 11:28:38,683 - seismic - DEBUG - Objective: 98.9305
2017-12-01 11:28:47,435 - seismic - DEBUG - Objective: 98.8263
2017-12-01 11:28:56,531 - seismic - DEBUG - Objective: 98.7176
2017-12-01 11:29:05,119 - seismic - DEBUG - Objective: 98.5889
2017-12-01 11:29:13,783 - seismic - DEBUG - Objective: 98.4823
2017-12-01 11:29:22,422 - seismic - DEBUG - Objective: 98.3397
2017-12-01 11:29:31,268 - seismic - DEBUG - Objective: 98.2771
2017-12-01 11:29:40,166 - seismic - DEBUG - Objective: 98.1406
2017-12-01 11:29:48,251 - seismic - DEBUG - Objective: 98.0750
2017-12-01 11:29:56,287 - seismic - DEBUG - Objective: 98.0151
2017-12-01 11:30:04,279 - seismic - DEBUG - Objective: 97.8664
2017-12-01 11:30:12,318 - seismic - DEBUG - Objective: 97.6908
2017-12-01 11:30:20,414 - seismic - DEBUG - Objective: 97.5676
2017-12-01 11:30:28,413 - seismic - DEBUG - Objective: 97.4605
2017-12-01 11:30:36,503 - seismic - DEBUG - Objective: 97.3699
2017-12-01 11:30:44,495 - seismic - DEBUG - Objective: 97.3070
2017-12-01 11:30:52,635 - seismic - DEBUG - Objective: 97.2231
2017-12-01 11:31:00,678 - seismic - DEBUG - Objective: 97.0556
2017-12-01 11:31:08,747 - seismic - DEBUG - Objective: 97.0204
2017-12-01 11:31:16,825 - seismic - DEBUG - Objective: 96.8967
2017-12-01 11:31:24,943 - seismic - DEBUG - Objective: 96.8017
2017-12-01 11:31:33,043 - seismic - DEBUG - Objective: 96.7239
2017-12-01 11:31:41,094 - seismic - DEBUG - Objective: 96.6086
2017-12-01 11:31:49,214 - seismic - DEBUG - Objective: 96.5008
2017-12-01 11:31:57,280 - seismic - DEBUG - Objective: 96.3780
2017-12-01 11:32:05,333 - seismic - DEBUG - Objective: 96.2592
2017-12-01 11:32:13,346 - seismic - DEBUG - Objective: 96.1615
2017-12-01 11:32:21,406 - seismic - DEBUG - Objective: 96.0019
2017-12-01 11:32:29,402 - seismic - DEBUG - Objective: 95.9131
2017-12-01 11:32:37,380 - seismic - DEBUG - Objective: 95.8481
2017-12-01 11:32:45,425 - seismic - DEBUG - Objective: 95.7208
2017-12-01 11:32:53,522 - seismic - DEBUG - Objective: 95.5002
2017-12-01 11:33:01,692 - seismic - DEBUG - Objective: 95.6199
2017-12-01 11:33:09,706 - seismic - DEBUG - Objective: 95.4148
2017-12-01 11:33:17,824 - seismic - DEBUG - Objective: 95.2791
2017-12-01 11:33:25,818 - seismic - DEBUG - Objective: 95.1781
2017-12-01 11:33:33,808 - seismic - DEBUG - Objective: 95.1071
2017-12-01 11:33:41,880 - seismic - DEBUG - Objective: 94.9242
2017-12-01 11:33:49,950 - seismic - DEBUG - Objective: 94.7345
2017-12-01 11:33:58,015 - seismic - DEBUG - Objective: 94.5353
2017-12-01 11:34:06,124 - seismic - DEBUG - Objective: 94.3924
2017-12-01 11:34:14,146 - seismic - DEBUG - Objective: 94.2750
2017-12-01 11:34:22,188 - seismic - DEBUG - Objective: 94.1364
2017-12-01 11:34:30,243 - seismic - DEBUG - Objective: 94.0136
2017-12-01 11:34:38,348 - seismic - DEBUG - Objective: 93.8923
2017-12-01 11:34:46,394 - seismic - DEBUG - Objective: 93.7328
2017-12-01 11:34:54,355 - seismic - DEBUG - Objective: 93.4585
2017-12-01 11:35:02,503 - seismic - DEBUG - Objective: 93.9742
2017-12-01 11:35:10,496 - seismic - DEBUG - Objective: 93.3805
2017-12-01 11:35:18,593 - seismic - DEBUG - Objective: 93.2667
2017-12-01 11:35:26,603 - seismic - DEBUG - Objective: 93.1231
2017-12-01 11:35:34,662 - seismic - DEBUG - Objective: 92.9801
2017-12-01 11:35:42,661 - seismic - DEBUG - Objective: 92.8459
2017-12-01 11:35:50,676 - seismic - DEBUG - Objective: 92.7352
2017-12-01 11:35:58,719 - seismic - DEBUG - Objective: 92.5821
2017-12-01 11:36:06,769 - seismic - DEBUG - Objective: 92.5153
2017-12-01 11:36:14,764 - seismic - DEBUG - Objective: 92.3566
2017-12-01 11:36:22,903 - seismic - DEBUG - Objective: 92.2545
2017-12-01 11:36:30,947 - seismic - DEBUG - Objective: 92.1650
2017-12-01 11:36:39,050 - seismic - DEBUG - Objective: 91.9727
2017-12-01 11:36:47,051 - seismic - DEBUG - Objective: 92.5219
2017-12-01 11:36:55,059 - seismic - DEBUG - Objective: 91.8999
2017-12-01 11:37:03,057 - seismic - DEBUG - Objective: 91.7944
2017-12-01 11:37:11,033 - seismic - DEBUG - Objective: 91.6489
2017-12-01 11:37:19,090 - seismic - DEBUG - Objective: 91.4489
2017-12-01 11:37:27,160 - seismic - DEBUG - Objective: 91.2918
2017-12-01 11:37:35,166 - seismic - DEBUG - Objective: 91.0835
2017-12-01 11:37:43,236 - seismic - DEBUG - Objective: 90.8937
2017-12-01 11:37:51,320 - seismic - DEBUG - Objective: 90.8733
2017-12-01 11:37:59,394 - seismic - DEBUG - Objective: 90.7039
2017-12-01 11:38:07,422 - seismic - DEBUG - Objective: 90.6427
2017-12-01 11:38:15,451 - seismic - DEBUG - Objective: 90.4997
2017-12-01 11:38:23,537 - seismic - DEBUG - Objective: 90.3739
2017-12-01 11:38:31,591 - seismic - DEBUG - Objective: 90.2139
2017-12-01 11:38:39,702 - seismic - DEBUG - Objective: 89.9668
2017-12-01 11:38:47,737 - seismic - DEBUG - Objective: 89.8667
2017-12-01 11:38:55,704 - seismic - DEBUG - Objective: 89.7007
2017-12-01 11:39:03,795 - seismic - DEBUG - Objective: 89.4816
2017-12-01 11:39:11,838 - seismic - DEBUG - Objective: 89.3814
2017-12-01 11:39:19,915 - seismic - DEBUG - Objective: 89.1834
2017-12-01 11:39:27,990 - seismic - DEBUG - Objective: 89.0750
2017-12-01 11:39:36,068 - seismic - DEBUG - Objective: 88.9420
2017-12-01 11:39:44,136 - seismic - DEBUG - Objective: 89.2394
2017-12-01 11:39:52,176 - seismic - DEBUG - Objective: 88.8632
2017-12-01 11:40:00,308 - seismic - DEBUG - Objective: 88.7502
2017-12-01 11:40:08,316 - seismic - DEBUG - Objective: 88.5898
2017-12-01 11:40:16,270 - seismic - DEBUG - Objective: 88.4913
2017-12-01 11:40:24,399 - seismic - DEBUG - Objective: 88.2104
2017-12-01 11:40:32,408 - seismic - DEBUG - Objective: 88.4258
2017-12-01 11:40:40,431 - seismic - DEBUG - Objective: 88.1256
2017-12-01 11:40:48,539 - seismic - DEBUG - Objective: 87.9927
2017-12-01 11:40:56,630 - seismic - DEBUG - Objective: 87.8636
2017-12-01 11:41:04,664 - seismic - DEBUG - Objective: 87.7455
2017-12-01 11:41:12,681 - seismic - DEBUG - Objective: 87.6617
2017-12-01 11:41:20,728 - seismic - DEBUG - Objective: 87.4844
2017-12-01 11:41:28,810 - seismic - DEBUG - Objective: 87.2707
2017-12-01 11:41:36,823 - seismic - DEBUG - Objective: 87.1034
2017-12-01 11:41:44,895 - seismic - DEBUG - Objective: 86.9177
2017-12-01 11:41:52,939 - seismic - DEBUG - Objective: 86.8454
2017-12-01 11:42:01,045 - seismic - DEBUG - Objective: 86.7870
2017-12-01 11:42:09,088 - seismic - DEBUG - Objective: 86.7123
2017-12-01 11:42:17,164 - seismic - DEBUG - Objective: 86.6444
2017-12-01 11:42:25,267 - seismic - DEBUG - Objective: 86.4952
2017-12-01 11:42:33,401 - seismic - DEBUG - Objective: 86.6816
2017-12-01 11:42:41,404 - seismic - DEBUG - Objective: 86.4052
2017-12-01 11:42:49,514 - seismic - DEBUG - Objective: 86.2758
2017-12-01 11:42:57,722 - seismic - DEBUG - Objective: 86.1878
2017-12-01 11:43:05,823 - seismic - DEBUG - Objective: 86.0159
2017-12-01 11:43:13,843 - seismic - DEBUG - Objective: 85.8662
2017-12-01 11:43:21,873 - seismic - DEBUG - Objective: 85.7623
2017-12-01 11:43:29,949 - seismic - DEBUG - Objective: 85.6401
2017-12-01 11:43:38,031 - seismic - DEBUG - Objective: 85.6267
2017-12-01 11:43:46,067 - seismic - DEBUG - Objective: 85.5804
2017-12-01 11:43:54,145 - seismic - DEBUG - Objective: 85.5113
2017-12-01 11:44:02,214 - seismic - DEBUG - Objective: 85.3629
2017-12-01 11:44:10,267 - seismic - DEBUG - Objective: 85.3049
2017-12-01 11:44:18,275 - seismic - DEBUG - Objective: 85.1606
2017-12-01 11:44:26,373 - seismic - DEBUG - Objective: 85.3111
2017-12-01 11:44:34,464 - seismic - DEBUG - Objective: 85.0974
2017-12-01 11:44:42,479 - seismic - DEBUG - Objective: 84.9988
2017-12-01 11:44:50,590 - seismic - DEBUG - Objective: 84.8781
2017-12-01 11:44:58,740 - seismic - DEBUG - Objective: 84.7996
2017-12-01 11:45:06,873 - seismic - DEBUG - Objective: 84.6137
2017-12-01 11:45:14,882 - seismic - DEBUG - Objective: 84.6660
2017-12-01 11:45:22,941 - seismic - DEBUG - Objective: 84.5330
2017-12-01 11:45:30,996 - seismic - DEBUG - Objective: 84.3727
2017-12-01 11:45:39,084 - seismic - DEBUG - Objective: 84.2700
2017-12-01 11:45:47,104 - seismic - DEBUG - Objective: 84.2388
2017-12-01 11:45:55,165 - seismic - DEBUG - Objective: 84.2079
2017-12-01 11:46:03,294 - seismic - DEBUG - Objective: 84.1479
2017-12-01 11:46:11,426 - seismic - DEBUG - Objective: 83.9964
2017-12-01 11:46:19,514 - seismic - DEBUG - Objective: 83.9132
2017-12-01 11:46:27,579 - seismic - DEBUG - Objective: 83.7848
2017-12-01 11:46:35,630 - seismic - DEBUG - Objective: 83.6205
2017-12-01 11:46:43,656 - seismic - DEBUG - Objective: 83.5338
2017-12-01 11:46:51,737 - seismic - DEBUG - Objective: 83.3710
2017-12-01 11:46:59,800 - seismic - DEBUG - Objective: 83.2655
2017-12-01 11:47:07,847 - seismic - DEBUG - Objective: 83.1717
2017-12-01 11:47:15,914 - seismic - DEBUG - Objective: 83.0101
2017-12-01 11:47:23,998 - seismic - DEBUG - Objective: 82.9437
2017-12-01 11:47:32,049 - seismic - DEBUG - Objective: 82.8230
2017-12-01 11:47:40,083 - seismic - DEBUG - Objective: 82.7399
2017-12-01 11:47:48,130 - seismic - DEBUG - Objective: 82.6782
2017-12-01 11:47:56,199 - seismic - DEBUG - Objective: 82.6189
2017-12-01 11:48:04,256 - seismic - DEBUG - Objective: 82.5725
2017-12-01 11:48:12,332 - seismic - DEBUG - Objective: 82.4579
2017-12-01 11:48:20,349 - seismic - DEBUG - Objective: 82.4729
2017-12-01 11:48:28,392 - seismic - DEBUG - Objective: 82.3981
2017-12-01 11:48:36,437 - seismic - DEBUG - Objective: 82.3398
2017-12-01 11:48:44,479 - seismic - DEBUG - Objective: 82.2420
2017-12-01 11:48:52,525 - seismic - DEBUG - Objective: 82.1302
2017-12-01 11:49:00,573 - seismic - DEBUG - Objective: 81.9255
2017-12-01 11:49:08,633 - seismic - DEBUG - Objective: 82.0565
2017-12-01 11:49:16,710 - seismic - DEBUG - Objective: 81.8542
2017-12-01 11:49:24,868 - seismic - DEBUG - Objective: 81.7474
2017-12-01 11:49:32,894 - seismic - DEBUG - Objective: 81.6627
2017-12-01 11:49:40,871 - seismic - DEBUG - Objective: 81.5967
2017-12-01 11:49:48,859 - seismic - DEBUG - Objective: 81.5491
2017-12-01 11:49:56,929 - seismic - DEBUG - Objective: 81.4588
2017-12-01 11:50:04,978 - seismic - DEBUG - Objective: 81.4085
2017-12-01 11:50:13,131 - seismic - DEBUG - Objective: 81.2733
2017-12-01 11:50:21,192 - seismic - DEBUG - Objective: 81.1888
2017-12-01 11:50:29,243 - seismic - DEBUG - Objective: 81.0874
2017-12-01 11:50:37,229 - seismic - DEBUG - Objective: 81.0330
2017-12-01 11:50:45,302 - seismic - DEBUG - Objective: 80.9419
2017-12-01 11:50:53,396 - seismic - DEBUG - Objective: 80.7901
2017-12-01 11:51:01,953 - seismic - DEBUG - Objective: 80.7244
2017-12-01 11:51:10,582 - seismic - DEBUG - Objective: 80.5618
2017-12-01 11:51:19,210 - seismic - DEBUG - Objective: 80.5111
2017-12-01 11:51:27,695 - seismic - DEBUG - Objective: 80.4613
2017-12-01 11:51:36,294 - seismic - DEBUG - Objective: 80.3892
2017-12-01 11:51:45,140 - seismic - DEBUG - Objective: 80.2160
2017-12-01 11:51:53,391 - seismic - DEBUG - Objective: 80.0965
2017-12-01 11:52:01,777 - seismic - DEBUG - Objective: 79.9937
2017-12-01 11:52:10,434 - seismic - DEBUG - Objective: 79.9360
2017-12-01 11:52:18,957 - seismic - DEBUG - Objective: 79.8135
2017-12-01 11:52:27,731 - seismic - DEBUG - Objective: 79.7333
2017-12-01 11:52:36,329 - seismic - DEBUG - Objective: 79.6845
2017-12-01 11:52:45,107 - seismic - DEBUG - Objective: 79.5384
2017-12-01 11:52:53,661 - seismic - DEBUG - Objective: 79.4872
2017-12-01 11:53:02,317 - seismic - DEBUG - Objective: 79.3203
2017-12-01 11:53:10,856 - seismic - DEBUG - Objective: 79.2655
2017-12-01 11:53:19,643 - seismic - DEBUG - Objective: 79.1724
2017-12-01 11:53:28,277 - seismic - DEBUG - Objective: 79.0768
2017-12-01 11:53:36,762 - seismic - DEBUG - Objective: 78.9322
2017-12-01 11:53:45,305 - seismic - DEBUG - Objective: 78.9423
2017-12-01 11:53:53,671 - seismic - DEBUG - Objective: 78.8700
2017-12-01 11:54:02,118 - seismic - DEBUG - Objective: 78.7799
2017-12-01 11:54:10,563 - seismic - DEBUG - Objective: 78.6739
2017-12-01 11:54:19,140 - seismic - DEBUG - Objective: 78.5896
2017-12-01 11:54:27,848 - seismic - DEBUG - Objective: 78.5104
2017-12-01 11:54:36,509 - seismic - DEBUG - Objective: 78.4004
2017-12-01 11:54:45,354 - seismic - DEBUG - Objective: 78.2556
2017-12-01 11:54:54,068 - seismic - DEBUG - Objective: 78.7010
2017-12-01 11:55:02,874 - seismic - DEBUG - Objective: 78.2188
2017-12-01 11:55:11,699 - seismic - DEBUG - Objective: 78.0836
2017-12-01 11:55:20,397 - seismic - DEBUG - Objective: 77.9838
2017-12-01 11:55:29,232 - seismic - DEBUG - Objective: 77.8676
2017-12-01 11:55:37,988 - seismic - DEBUG - Objective: 77.7521
2017-12-01 11:55:46,876 - seismic - DEBUG - Objective: 77.6544
2017-12-01 11:55:55,388 - seismic - DEBUG - Objective: 77.5392
2017-12-01 11:56:04,129 - seismic - DEBUG - Objective: 77.4471
2017-12-01 11:56:12,823 - seismic - DEBUG - Objective: 77.3463
2017-12-01 11:56:21,632 - seismic - DEBUG - Objective: 77.2514
2017-12-01 11:56:30,363 - seismic - DEBUG - Objective: 77.1004
2017-12-01 11:56:39,142 - seismic - DEBUG - Objective: 77.0211
2017-12-01 11:56:47,937 - seismic - DEBUG - Objective: 77.0333
2017-12-01 11:56:56,435 - seismic - DEBUG - Objective: 76.9084
2017-12-01 11:57:05,155 - seismic - DEBUG - Objective: 76.7700
2017-12-01 11:57:13,780 - seismic - DEBUG - Objective: 76.6678
2017-12-01 11:57:22,829 - seismic - DEBUG - Objective: 76.4514
2017-12-01 11:57:31,404 - seismic - DEBUG - Objective: 76.4443
2017-12-01 11:57:40,197 - seismic - DEBUG - Objective: 76.3386
2017-12-01 11:57:48,964 - seismic - DEBUG - Objective: 76.1908
2017-12-01 11:57:57,711 - seismic - DEBUG - Objective: 76.1084
2017-12-01 11:58:06,578 - seismic - DEBUG - Objective: 75.9836
2017-12-01 11:58:15,537 - seismic - DEBUG - Objective: 75.9217
2017-12-01 11:58:24,140 - seismic - DEBUG - Objective: 75.7191
2017-12-01 11:58:32,926 - seismic - DEBUG - Objective: 75.5608
2017-12-01 11:58:41,942 - seismic - DEBUG - Objective: 75.3953
2017-12-01 11:58:50,785 - seismic - DEBUG - Objective: 75.2848
2017-12-01 11:58:59,631 - seismic - DEBUG - Objective: 75.1662
2017-12-01 11:59:08,156 - seismic - DEBUG - Objective: 74.9716
2017-12-01 11:59:16,744 - seismic - DEBUG - Objective: 74.8246
2017-12-01 11:59:25,471 - seismic - DEBUG - Objective: 74.7046
2017-12-01 11:59:34,119 - seismic - DEBUG - Objective: 74.5672
2017-12-01 11:59:43,083 - seismic - DEBUG - Objective: 74.3240
2017-12-01 11:59:51,719 - seismic - DEBUG - Objective: 75.0219
2017-12-01 12:00:00,517 - seismic - DEBUG - Objective: 74.2708
2017-12-01 12:00:09,115 - seismic - DEBUG - Objective: 74.1166
2017-12-01 12:00:17,963 - seismic - DEBUG - Objective: 73.9583
2017-12-01 12:00:26,977 - seismic - DEBUG - Objective: 73.8383
2017-12-01 12:00:35,653 - seismic - DEBUG - Objective: 73.7557
2017-12-01 12:00:44,056 - seismic - DEBUG - Objective: 73.6457
2017-12-01 12:00:52,863 - seismic - DEBUG - Objective: 73.4588
2017-12-01 12:01:01,323 - seismic - DEBUG - Objective: 73.3408
2017-12-01 12:01:10,103 - seismic - DEBUG - Objective: 73.2078
2017-12-01 12:01:18,927 - seismic - DEBUG - Objective: 72.9288
2017-12-01 12:01:27,892 - seismic - DEBUG - Objective: 72.8501
2017-12-01 12:01:36,876 - seismic - DEBUG - Objective: 72.7635
2017-12-01 12:01:45,388 - seismic - DEBUG - Objective: 72.6467
2017-12-01 12:01:54,516 - seismic - DEBUG - Objective: 72.5569
2017-12-01 12:02:03,283 - seismic - DEBUG - Objective: 72.3630
2017-12-01 12:02:11,968 - seismic - DEBUG - Objective: 72.1874
2017-12-01 12:02:20,894 - seismic - DEBUG - Objective: 72.7162
2017-12-01 12:02:29,859 - seismic - DEBUG - Objective: 72.0603
2017-12-01 12:02:38,744 - seismic - DEBUG - Objective: 71.8838
2017-12-01 12:02:47,508 - seismic - DEBUG - Objective: 71.7966
2017-12-01 12:02:56,311 - seismic - DEBUG - Objective: 71.6494
2017-12-01 12:03:04,986 - seismic - DEBUG - Objective: 71.5838
2017-12-01 12:03:13,540 - seismic - DEBUG - Objective: 71.4813
2017-12-01 12:03:22,212 - seismic - DEBUG - Objective: 71.3638
2017-12-01 12:03:31,052 - seismic - DEBUG - Objective: 71.2715
2017-12-01 12:03:39,832 - seismic - DEBUG - Objective: 71.2070
2017-12-01 12:03:48,546 - seismic - DEBUG - Objective: 71.1411
2017-12-01 12:03:57,063 - seismic - DEBUG - Objective: 71.0066
2017-12-01 12:04:05,750 - seismic - DEBUG - Objective: 71.0443
2017-12-01 12:04:14,528 - seismic - DEBUG - Objective: 70.9454
2017-12-01 12:04:23,537 - seismic - DEBUG - Objective: 70.8615
2017-12-01 12:04:32,503 - seismic - DEBUG - Objective: 70.7900
2017-12-01 12:04:41,403 - seismic - DEBUG - Objective: 70.7027
2017-12-01 12:04:50,210 - seismic - DEBUG - Objective: 70.5330
2017-12-01 12:04:58,831 - seismic - DEBUG - Objective: 70.4362
2017-12-01 12:05:07,603 - seismic - DEBUG - Objective: 70.3245
2017-12-01 12:05:16,483 - seismic - DEBUG - Objective: 70.2146
2017-12-01 12:05:25,462 - seismic - DEBUG - Objective: 70.1615
2017-12-01 12:05:34,365 - seismic - DEBUG - Objective: 70.0961
2017-12-01 12:05:43,424 - seismic - DEBUG - Objective: 70.0012
2017-12-01 12:05:52,488 - seismic - DEBUG - Objective: 69.9448
2017-12-01 12:06:01,131 - seismic - DEBUG - Objective: 69.8497
2017-12-01 12:06:10,133 - seismic - DEBUG - Objective: 69.7361
2017-12-01 12:06:18,914 - seismic - DEBUG - Objective: 69.6861
2017-12-01 12:06:28,021 - seismic - DEBUG - Objective: 69.6013
2017-12-01 12:06:36,745 - seismic - DEBUG - Objective: 69.4780
2017-12-01 12:06:45,651 - seismic - DEBUG - Objective: 69.4125
2017-12-01 12:06:54,478 - seismic - DEBUG - Objective: 69.2646
2017-12-01 12:07:03,211 - seismic - DEBUG - Objective: 69.2001
2017-12-01 12:07:12,204 - seismic - DEBUG - Objective: 69.1169
2017-12-01 12:07:21,100 - seismic - DEBUG - Objective: 69.1381
2017-12-01 12:07:29,764 - seismic - DEBUG - Objective: 69.0775
2017-12-01 12:07:38,722 - seismic - DEBUG - Objective: 68.9996
2017-12-01 12:07:47,786 - seismic - DEBUG - Objective: 68.8883
2017-12-01 12:07:56,470 - seismic - DEBUG - Objective: 68.7973
2017-12-01 12:08:05,121 - seismic - DEBUG - Objective: 68.7186
2017-12-01 12:08:13,871 - seismic - DEBUG - Objective: 68.6293
2017-12-01 12:08:22,682 - seismic - DEBUG - Objective: 68.5998
2017-12-01 12:08:31,510 - seismic - DEBUG - Objective: 68.5396
2017-12-01 12:08:40,292 - seismic - DEBUG - Objective: 68.4610
2017-12-01 12:08:49,245 - seismic - DEBUG - Objective: 68.3211
2017-12-01 12:08:58,057 - seismic - DEBUG - Objective: 68.1880
2017-12-01 12:09:06,943 - seismic - DEBUG - Objective: 68.0877
2017-12-01 12:09:15,424 - seismic - DEBUG - Objective: 67.9972
2017-12-01 12:09:24,150 - seismic - DEBUG - Objective: 67.9199
2017-12-01 12:09:33,014 - seismic - DEBUG - Objective: 67.8704
2017-12-01 12:09:41,935 - seismic - DEBUG - Objective: 67.7711
2017-12-01 12:09:50,608 - seismic - DEBUG - Objective: 67.7209
2017-12-01 12:09:59,132 - seismic - DEBUG - Objective: 68.4571
2017-12-01 12:10:08,067 - seismic - DEBUG - Objective: 67.6620
2017-12-01 12:10:16,943 - seismic - DEBUG - Objective: 67.5458
2017-12-01 12:10:25,680 - seismic - DEBUG - Objective: 67.4690
2017-12-01 12:10:34,448 - seismic - DEBUG - Objective: 67.4009
2017-12-01 12:10:43,261 - seismic - DEBUG - Objective: 67.3013
2017-12-01 12:10:52,012 - seismic - DEBUG - Objective: 67.2697
2017-12-01 12:11:00,865 - seismic - DEBUG - Objective: 67.1469
2017-12-01 12:11:09,603 - seismic - DEBUG - Objective: 67.1066
2017-12-01 12:11:18,568 - seismic - DEBUG - Objective: 67.0742
2017-12-01 12:11:27,813 - seismic - DEBUG - Objective: 67.0166
2017-12-01 12:11:36,669 - seismic - DEBUG - Objective: 66.9796
2017-12-01 12:11:45,308 - seismic - DEBUG - Objective: 66.9261
2017-12-01 12:11:54,251 - seismic - DEBUG - Objective: 66.8309
2017-12-01 12:12:03,055 - seismic - DEBUG - Objective: 67.9514
2017-12-01 12:12:12,028 - seismic - DEBUG - Objective: 66.7899
2017-12-01 12:12:21,135 - seismic - DEBUG - Objective: 66.6749
2017-12-01 12:12:30,141 - seismic - DEBUG - Objective: 66.6353
2017-12-01 12:12:39,173 - seismic - DEBUG - Objective: 66.5343
2017-12-01 12:12:47,653 - seismic - DEBUG - Objective: 66.4391
2017-12-01 12:12:56,511 - seismic - DEBUG - Objective: 66.4257
2017-12-01 12:13:05,288 - seismic - DEBUG - Objective: 66.2561
2017-12-01 12:13:14,196 - seismic - DEBUG - Objective: 66.1954
2017-12-01 12:13:23,185 - seismic - DEBUG - Objective: 66.1481
2017-12-01 12:13:31,960 - seismic - DEBUG - Objective: 66.0934
2017-12-01 12:13:40,755 - seismic - DEBUG - Objective: 66.0297
2017-12-01 12:13:49,717 - seismic - DEBUG - Objective: 65.9655
2017-12-01 12:13:58,576 - seismic - DEBUG - Objective: 65.8910
2017-12-01 12:14:07,496 - seismic - DEBUG - Objective: 65.8083
2017-12-01 12:14:16,657 - seismic - DEBUG - Objective: 65.7509
2017-12-01 12:14:25,734 - seismic - DEBUG - Objective: 65.7272
2017-12-01 12:14:34,485 - seismic - DEBUG - Objective: 65.6597
2017-12-01 12:14:43,491 - seismic - DEBUG - Objective: 65.4841
2017-12-01 12:14:52,263 - seismic - DEBUG - Objective: 65.5334
2017-12-01 12:15:00,955 - seismic - DEBUG - Objective: 65.4021
2017-12-01 12:15:09,698 - seismic - DEBUG - Objective: 65.2896
2017-12-01 12:15:18,216 - seismic - DEBUG - Objective: 65.2029
2017-12-01 12:15:27,024 - seismic - DEBUG - Objective: 65.2026
2017-12-01 12:15:35,786 - seismic - DEBUG - Objective: 65.1031
2017-12-01 12:15:44,618 - seismic - DEBUG - Objective: 65.0355
2017-12-01 12:15:53,611 - seismic - DEBUG - Objective: 64.9908
2017-12-01 12:16:02,321 - seismic - DEBUG - Objective: 64.9100
2017-12-01 12:16:11,334 - seismic - DEBUG - Objective: 64.8002
2017-12-01 12:16:20,034 - seismic - DEBUG - Objective: 64.9097
2017-12-01 12:16:29,002 - seismic - DEBUG - Objective: 64.7422
2017-12-01 12:16:37,689 - seismic - DEBUG - Objective: 64.6795
2017-12-01 12:16:46,412 - seismic - DEBUG - Objective: 64.6440
2017-12-01 12:16:55,201 - seismic - DEBUG - Objective: 64.5907
2017-12-01 12:17:04,044 - seismic - DEBUG - Objective: 64.4562
2017-12-01 12:17:12,851 - seismic - DEBUG - Objective: 64.3808
2017-12-01 12:17:21,460 - seismic - DEBUG - Objective: 64.2981
2017-12-01 12:17:30,575 - seismic - DEBUG - Objective: 64.2452
2017-12-01 12:17:39,477 - seismic - DEBUG - Objective: 64.1691
2017-12-01 12:17:48,098 - seismic - DEBUG - Objective: 64.1300
2017-12-01 12:17:56,535 - seismic - DEBUG - Objective: 64.0213
2017-12-01 12:18:05,695 - seismic - DEBUG - Objective: 63.9085
2017-12-01 12:18:14,408 - seismic - DEBUG - Objective: 63.9798
2017-12-01 12:18:23,259 - seismic - DEBUG - Objective: 63.8500
2017-12-01 12:18:31,920 - seismic - DEBUG - Objective: 63.7386
2017-12-01 12:18:40,887 - seismic - DEBUG - Objective: 63.6762
2017-12-01 12:18:49,704 - seismic - DEBUG - Objective: 63.5809
2017-12-01 12:18:58,428 - seismic - DEBUG - Objective: 63.4873
2017-12-01 12:19:07,343 - seismic - DEBUG - Objective: 63.3591
2017-12-01 12:19:16,090 - seismic - DEBUG - Objective: 63.2881
2017-12-01 12:19:24,726 - seismic - DEBUG - Objective: 63.1986
2017-12-01 12:19:33,749 - seismic - DEBUG - Objective: 63.4295
2017-12-01 12:19:42,506 - seismic - DEBUG - Objective: 63.1740
2017-12-01 12:19:51,249 - seismic - DEBUG - Objective: 63.1481
2017-12-01 12:20:00,017 - seismic - DEBUG - Objective: 63.0415
2017-12-01 12:20:08,822 - seismic - DEBUG - Objective: 63.0159
2017-12-01 12:20:17,500 - seismic - DEBUG - Objective: 62.9416
2017-12-01 12:20:26,299 - seismic - DEBUG - Objective: 63.2959
2017-12-01 12:20:35,101 - seismic - DEBUG - Objective: 62.9181
2017-12-01 12:20:44,029 - seismic - DEBUG - Objective: 62.8255
2017-12-01 12:20:52,768 - seismic - DEBUG - Objective: 62.6933
2017-12-01 12:21:01,607 - seismic - DEBUG - Objective: 62.6166
2017-12-01 12:21:10,433 - seismic - DEBUG - Objective: 62.5303
2017-12-01 12:21:19,274 - seismic - DEBUG - Objective: 62.4367
2017-12-01 12:21:28,287 - seismic - DEBUG - Objective: 62.3808
2017-12-01 12:21:37,043 - seismic - DEBUG - Objective: 62.3136
2017-12-01 12:21:45,944 - seismic - DEBUG - Objective: 62.3784
2017-12-01 12:21:54,751 - seismic - DEBUG - Objective: 62.2731
2017-12-01 12:22:03,661 - seismic - DEBUG - Objective: 62.2669
2017-12-01 12:22:12,839 - seismic - DEBUG - Objective: 62.0589
2017-12-01 12:22:21,769 - seismic - DEBUG - Objective: 62.0258
2017-12-01 12:22:30,134 - seismic - DEBUG - Objective: 61.9110
2017-12-01 12:22:39,092 - seismic - DEBUG - Objective: 61.8291
2017-12-01 12:22:48,041 - seismic - DEBUG - Objective: 61.8301
2017-12-01 12:22:56,869 - seismic - DEBUG - Objective: 61.7578
2017-12-01 12:23:05,739 - seismic - DEBUG - Objective: 61.7323
2017-12-01 12:23:14,635 - seismic - DEBUG - Objective: 61.6741
2017-12-01 12:23:23,696 - seismic - DEBUG - Objective: 61.5975
2017-12-01 12:23:32,714 - seismic - DEBUG - Objective: 61.5379
2017-12-01 12:23:41,580 - seismic - DEBUG - Objective: 61.4761
2017-12-01 12:23:50,530 - seismic - DEBUG - Objective: 61.4267
2017-12-01 12:23:59,580 - seismic - DEBUG - Objective: 61.3681
2017-12-01 12:24:08,668 - seismic - DEBUG - Objective: 61.2526
2017-12-01 12:24:17,628 - seismic - DEBUG - Objective: 61.1530
2017-12-01 12:24:26,897 - seismic - DEBUG - Objective: 61.0484
2017-12-01 12:24:35,996 - seismic - DEBUG - Objective: 60.9289
2017-12-01 12:24:45,040 - seismic - DEBUG - Objective: 60.8385
2017-12-01 12:24:53,813 - seismic - DEBUG - Objective: 60.7986
2017-12-01 12:25:02,892 - seismic - DEBUG - Objective: 60.7673
2017-12-01 12:25:11,574 - seismic - DEBUG - Objective: 60.6547
2017-12-01 12:25:20,564 - seismic - DEBUG - Objective: 60.5195
2017-12-01 12:25:29,437 - seismic - DEBUG - Objective: 60.3895
2017-12-01 12:25:38,242 - seismic - DEBUG - Objective: 60.3117
2017-12-01 12:25:47,192 - seismic - DEBUG - Objective: 60.2650
2017-12-01 12:25:56,060 - seismic - DEBUG - Objective: 60.1991
2017-12-01 12:26:05,139 - seismic - DEBUG - Objective: 60.0956
2017-12-01 12:26:13,971 - seismic - DEBUG - Objective: 59.9984
2017-12-01 12:26:23,110 - seismic - DEBUG - Objective: 59.9389
2017-12-01 12:26:32,126 - seismic - DEBUG - Objective: 59.8404
2017-12-01 12:26:41,027 - seismic - DEBUG - Objective: 59.7903
2017-12-01 12:26:50,235 - seismic - DEBUG - Objective: 59.7523
2017-12-01 12:26:59,173 - seismic - DEBUG - Objective: 59.6940
2017-12-01 12:27:08,247 - seismic - DEBUG - Objective: 59.6022
2017-12-01 12:27:17,298 - seismic - DEBUG - Objective: 59.4529
2017-12-01 12:27:26,272 - seismic - DEBUG - Objective: 59.4222
2017-12-01 12:27:35,113 - seismic - DEBUG - Objective: 59.3360
2017-12-01 12:27:43,890 - seismic - DEBUG - Objective: 59.2823
2017-12-01 12:27:52,695 - seismic - DEBUG - Objective: 59.2193
2017-12-01 12:28:01,731 - seismic - DEBUG - Objective: 59.1745
2017-12-01 12:28:10,682 - seismic - DEBUG - Objective: 59.1181
2017-12-01 12:28:19,579 - seismic - DEBUG - Objective: 59.1009
2017-12-01 12:28:28,213 - seismic - DEBUG - Objective: 58.9483
2017-12-01 12:28:36,774 - seismic - DEBUG - Objective: 58.9248
2017-12-01 12:28:45,798 - seismic - DEBUG - Objective: 58.8777
2017-12-01 12:28:54,587 - seismic - DEBUG - Objective: 58.7650
2017-12-01 12:29:03,398 - seismic - DEBUG - Objective: 58.6347
2017-12-01 12:29:12,273 - seismic - DEBUG - Objective: 58.5244
2017-12-01 12:29:21,091 - seismic - DEBUG - Objective: 58.4319
2017-12-01 12:29:30,177 - seismic - DEBUG - Objective: 58.3789
2017-12-01 12:29:39,021 - seismic - DEBUG - Objective: 58.3172
2017-12-01 12:29:48,379 - seismic - DEBUG - Objective: 58.2508
2017-12-01 12:29:57,121 - seismic - DEBUG - Objective: 58.1575
2017-12-01 12:30:06,170 - seismic - DEBUG - Objective: 58.0750
2017-12-01 12:30:15,109 - seismic - DEBUG - Objective: 58.0448
2017-12-01 12:30:23,944 - seismic - DEBUG - Objective: 57.9794
2017-12-01 12:30:33,007 - seismic - DEBUG - Objective: 57.9301
2017-12-01 12:30:42,010 - seismic - DEBUG - Objective: 57.9091
2017-12-01 12:30:51,087 - seismic - DEBUG - Objective: 57.7211
2017-12-01 12:30:59,953 - seismic - DEBUG - Objective: 57.7280
2017-12-01 12:31:08,962 - seismic - DEBUG - Objective: 57.6588
2017-12-01 12:31:17,864 - seismic - DEBUG - Objective: 57.5769
2017-12-01 12:31:26,759 - seismic - DEBUG - Objective: 57.4934
2017-12-01 12:31:35,715 - seismic - DEBUG - Objective: 57.4544
2017-12-01 12:31:44,849 - seismic - DEBUG - Objective: 57.4043
2017-12-01 12:31:54,028 - seismic - DEBUG - Objective: 57.3540
2017-12-01 12:32:02,914 - seismic - DEBUG - Objective: 57.3425
2017-12-01 12:32:11,435 - seismic - DEBUG - Objective: 57.2650
2017-12-01 12:32:20,082 - seismic - DEBUG - Objective: 58.5511
2017-12-01 12:32:28,812 - seismic - DEBUG - Objective: 57.2395
2017-12-01 12:32:37,485 - seismic - DEBUG - Objective: 57.1803
2017-12-01 12:32:46,248 - seismic - DEBUG - Objective: 57.0987
2017-12-01 12:32:54,895 - seismic - DEBUG - Objective: 57.0271
2017-12-01 12:33:03,423 - seismic - DEBUG - Objective: 56.9802
2017-12-01 12:33:12,208 - seismic - DEBUG - Objective: 56.9048
2017-12-01 12:33:20,889 - seismic - DEBUG - Objective: 56.8514
2017-12-01 12:33:29,498 - seismic - DEBUG - Objective: 56.8089
2017-12-01 12:33:38,176 - seismic - DEBUG - Objective: 56.7589
2017-12-01 12:33:46,783 - seismic - DEBUG - Objective: 56.6815
2017-12-01 12:33:55,670 - seismic - DEBUG - Objective: 56.6343
2017-12-01 12:34:04,273 - seismic - DEBUG - Objective: 56.6029
2017-12-01 12:34:13,176 - seismic - DEBUG - Objective: 56.5515
2017-12-01 12:34:21,895 - seismic - DEBUG - Objective: 56.5822
2017-12-01 12:34:30,571 - seismic - DEBUG - Objective: 56.5013
2017-12-01 12:34:39,571 - seismic - DEBUG - Objective: 56.4434
2017-12-01 12:34:48,217 - seismic - DEBUG - Objective: 56.3382
2017-12-01 12:34:56,680 - seismic - DEBUG - Objective: 56.3160
2017-12-01 12:35:05,288 - seismic - DEBUG - Objective: 56.2490
2017-12-01 12:35:13,798 - seismic - DEBUG - Objective: 56.1603
2017-12-01 12:35:22,432 - seismic - DEBUG - Objective: 56.1133
2017-12-01 12:35:31,238 - seismic - DEBUG - Objective: 56.1042
2017-12-01 12:35:39,888 - seismic - DEBUG - Objective: 56.0540
2017-12-01 12:35:48,452 - seismic - DEBUG - Objective: 55.9895
2017-12-01 12:35:57,509 - seismic - DEBUG - Objective: 55.9356
2017-12-01 12:36:06,136 - seismic - DEBUG - Objective: 55.8883
2017-12-01 12:36:14,916 - seismic - DEBUG - Objective: 55.8539
2017-12-01 12:36:23,625 - seismic - DEBUG - Objective: 55.7885
2017-12-01 12:36:32,084 - seismic - DEBUG - Objective: 55.7659
2017-12-01 12:36:40,684 - seismic - DEBUG - Objective: 55.7015
2017-12-01 12:36:49,031 - seismic - DEBUG - Objective: 55.7016
2017-12-01 12:36:58,006 - seismic - DEBUG - Objective: 55.6854
2017-12-01 12:37:06,505 - seismic - DEBUG - Objective: 55.6159
2017-12-01 12:37:15,283 - seismic - DEBUG - Objective: 55.7287
2017-12-01 12:37:24,032 - seismic - DEBUG - Objective: 55.5922
2017-12-01 12:37:32,906 - seismic - DEBUG - Objective: 55.5625
2017-12-01 12:37:41,408 - seismic - DEBUG - Objective: 55.5490
2017-12-01 12:37:49,892 - seismic - DEBUG - Objective: 55.4554
2017-12-01 12:37:58,628 - seismic - DEBUG - Objective: 55.4141
2017-12-01 12:38:06,937 - seismic - DEBUG - Objective: 55.3804
2017-12-01 12:38:15,871 - seismic - DEBUG - Objective: 55.3256
2017-12-01 12:38:24,559 - seismic - DEBUG - Objective: 55.3818
2017-12-01 12:38:33,261 - seismic - DEBUG - Objective: 55.3196
2017-12-01 12:38:42,071 - seismic - DEBUG - Objective: 55.2727
2017-12-01 12:38:50,712 - seismic - DEBUG - Objective: 55.2291
2017-12-01 12:38:59,371 - seismic - DEBUG - Objective: 55.2176
2017-12-01 12:39:07,949 - seismic - DEBUG - Objective: 55.1818
2017-12-01 12:39:16,816 - seismic - DEBUG - Objective: 55.1182
2017-12-01 12:39:25,845 - seismic - DEBUG - Objective: 55.1013
2017-12-01 12:39:34,698 - seismic - DEBUG - Objective: 55.0802
2017-12-01 12:39:43,722 - seismic - DEBUG - Objective: 55.0553
2017-12-01 12:39:52,546 - seismic - DEBUG - Objective: 55.0339
2017-12-01 12:40:01,485 - seismic - DEBUG - Objective: 54.9785
2017-12-01 12:40:10,273 - seismic - DEBUG - Objective: 55.1476
2017-12-01 12:40:19,295 - seismic - DEBUG - Objective: 54.9639
2017-12-01 12:40:28,282 - seismic - DEBUG - Objective: 54.9236
2017-12-01 12:40:37,438 - seismic - DEBUG - Objective: 54.8875
2017-12-01 12:40:46,392 - seismic - DEBUG - Objective: 54.8621
2017-12-01 12:40:55,225 - seismic - DEBUG - Objective: 54.8508
2017-12-01 12:41:04,270 - seismic - DEBUG - Objective: 54.7466
2017-12-01 12:41:13,285 - seismic - DEBUG - Objective: 54.7270
2017-12-01 12:41:22,435 - seismic - DEBUG - Objective: 54.6840
2017-12-01 12:41:31,386 - seismic - DEBUG - Objective: 54.6389
2017-12-01 12:41:40,439 - seismic - DEBUG - Objective: 54.5770
2017-12-01 12:41:49,088 - seismic - DEBUG - Objective: 54.5444
2017-12-01 12:41:58,161 - seismic - DEBUG - Objective: 54.4756
2017-12-01 12:42:07,154 - seismic - DEBUG - Objective: 54.4398
2017-12-01 12:42:16,173 - seismic - DEBUG - Objective: 54.3923
2017-12-01 12:42:25,187 - seismic - DEBUG - Objective: 54.3831
2017-12-01 12:42:34,256 - seismic - DEBUG - Objective: 54.3857
2017-12-01 12:42:43,322 - seismic - DEBUG - Objective: 54.3843
2017-12-01 12:42:52,490 - seismic - DEBUG - Objective: 54.3822
2017-12-01 12:43:01,605 - seismic - DEBUG - Objective: 54.3492
2017-12-01 12:43:10,961 - seismic - DEBUG - Objective: 54.3209
2017-12-01 12:43:20,045 - seismic - DEBUG - Objective: 54.2538
2017-12-01 12:43:29,267 - seismic - DEBUG - Objective: 54.2147
2017-12-01 12:43:38,274 - seismic - DEBUG - Objective: 54.2102
2017-12-01 12:43:46,779 - seismic - DEBUG - Objective: 54.1794
2017-12-01 12:43:54,911 - seismic - DEBUG - Objective: 54.1360
2017-12-01 12:44:03,127 - seismic - DEBUG - Objective: 54.0805
2017-12-01 12:44:11,403 - seismic - DEBUG - Objective: 54.0342
2017-12-01 12:44:19,741 - seismic - DEBUG - Objective: 53.9913
2017-12-01 12:44:28,046 - seismic - DEBUG - Objective: 53.9556
2017-12-01 12:44:36,244 - seismic - DEBUG - Objective: 53.9720
2017-12-01 12:44:44,477 - seismic - DEBUG - Objective: 53.9274
2017-12-01 12:44:52,667 - seismic - DEBUG - Objective: 53.8651
2017-12-01 12:45:00,881 - seismic - DEBUG - Objective: 53.8416
2017-12-01 12:45:09,146 - seismic - DEBUG - Objective: 53.8138
2017-12-01 12:45:17,426 - seismic - DEBUG - Objective: 53.7573
2017-12-01 12:45:25,670 - seismic - DEBUG - Objective: 53.7350
2017-12-01 12:45:33,861 - seismic - DEBUG - Objective: 53.6948
2017-12-01 12:45:42,150 - seismic - DEBUG - Objective: 53.6192
2017-12-01 12:45:50,327 - seismic - DEBUG - Objective: 53.5647
2017-12-01 12:45:58,517 - seismic - DEBUG - Objective: 53.4818
2017-12-01 12:46:06,800 - seismic - DEBUG - Objective: 53.4696
2017-12-01 12:46:15,017 - seismic - DEBUG - Objective: 53.4047
2017-12-01 12:46:23,235 - seismic - DEBUG - Objective: 53.3672
2017-12-01 12:46:31,561 - seismic - DEBUG - Objective: 53.2883
2017-12-01 12:46:39,892 - seismic - DEBUG - Objective: 53.2372
2017-12-01 12:46:48,081 - seismic - DEBUG - Objective: 53.2220
2017-12-01 12:46:56,300 - seismic - DEBUG - Objective: 53.1766
2017-12-01 12:47:04,582 - seismic - DEBUG - Objective: 53.1488
2017-12-01 12:47:12,877 - seismic - DEBUG - Objective: 53.0674
2017-12-01 12:47:21,017 - seismic - DEBUG - Objective: 53.0280
2017-12-01 12:47:29,257 - seismic - DEBUG - Objective: 52.9448
2017-12-01 12:47:37,463 - seismic - DEBUG - Objective: 52.8809
2017-12-01 12:47:45,709 - seismic - DEBUG - Objective: 52.8393
2017-12-01 12:47:53,916 - seismic - DEBUG - Objective: 52.7953
2017-12-01 12:48:02,131 - seismic - DEBUG - Objective: 52.7257
2017-12-01 12:48:10,375 - seismic - DEBUG - Objective: 52.6456
2017-12-01 12:48:18,619 - seismic - DEBUG - Objective: 52.7481
2017-12-01 12:48:26,920 - seismic - DEBUG - Objective: 52.5865
2017-12-01 12:48:35,154 - seismic - DEBUG - Objective: 52.5132
2017-12-01 12:48:43,434 - seismic - DEBUG - Objective: 52.5627
2017-12-01 12:48:51,568 - seismic - DEBUG - Objective: 52.4857
2017-12-01 12:48:59,792 - seismic - DEBUG - Objective: 52.4644
2017-12-01 12:49:08,014 - seismic - DEBUG - Objective: 52.4068
2017-12-01 12:49:16,281 - seismic - DEBUG - Objective: 52.3426
2017-12-01 12:49:24,547 - seismic - DEBUG - Objective: 52.2323
2017-12-01 12:49:32,878 - seismic - DEBUG - Objective: 52.5285
2017-12-01 12:49:41,042 - seismic - DEBUG - Objective: 52.1954
2017-12-01 12:49:49,232 - seismic - DEBUG - Objective: 52.1069
2017-12-01 12:49:57,433 - seismic - DEBUG - Objective: 52.0237
2017-12-01 12:50:05,685 - seismic - DEBUG - Objective: 51.9231
2017-12-01 12:50:13,904 - seismic - DEBUG - Objective: 51.8372
2017-12-01 12:50:22,116 - seismic - DEBUG - Objective: 51.7733
2017-12-01 12:50:30,327 - seismic - DEBUG - Objective: 51.6869
2017-12-01 12:50:38,662 - seismic - DEBUG - Objective: 51.9579
2017-12-01 12:50:46,852 - seismic - DEBUG - Objective: 51.6829
2017-12-01 12:50:55,031 - seismic - DEBUG - Objective: 51.6225
2017-12-01 12:51:03,378 - seismic - DEBUG - Objective: 51.5776
2017-12-01 12:51:11,608 - seismic - DEBUG - Objective: 51.4844
2017-12-01 12:51:19,829 - seismic - DEBUG - Objective: 51.3861
2017-12-01 12:51:28,038 - seismic - DEBUG - Objective: 51.6050
2017-12-01 12:51:36,314 - seismic - DEBUG - Objective: 51.3215
2017-12-01 12:51:44,634 - seismic - DEBUG - Objective: 51.2844
2017-12-01 12:51:52,879 - seismic - DEBUG - Objective: 51.2147
2017-12-01 12:52:01,113 - seismic - DEBUG - Objective: 51.1145
2017-12-01 12:52:09,337 - seismic - DEBUG - Objective: 51.0867
2017-12-01 12:52:17,590 - seismic - DEBUG - Objective: 50.9970
2017-12-01 12:52:25,952 - seismic - DEBUG - Objective: 50.9582
2017-12-01 12:52:34,158 - seismic - DEBUG - Objective: 50.9075
2017-12-01 12:52:42,338 - seismic - DEBUG - Objective: 50.8616
2017-12-01 12:52:50,652 - seismic - DEBUG - Objective: 50.8498
2017-12-01 12:52:58,895 - seismic - DEBUG - Objective: 50.8140
2017-12-01 12:53:07,089 - seismic - DEBUG - Objective: 50.7442
2017-12-01 12:53:15,366 - seismic - DEBUG - Objective: 50.6943
2017-12-01 12:53:23,584 - seismic - DEBUG - Objective: 50.6666
2017-12-01 12:53:31,889 - seismic - DEBUG - Objective: 50.5927
2017-12-01 12:53:40,131 - seismic - DEBUG - Objective: 50.5630
2017-12-01 12:53:48,340 - seismic - DEBUG - Objective: 50.5099
2017-12-01 12:53:56,687 - seismic - DEBUG - Objective: 50.4099
2017-12-01 12:54:04,921 - seismic - DEBUG - Objective: 50.3953
2017-12-01 12:54:13,260 - seismic - DEBUG - Objective: 50.2616
2017-12-01 12:54:21,432 - seismic - DEBUG - Objective: 50.2504
2017-12-01 12:54:29,674 - seismic - DEBUG - Objective: 50.2441
2017-12-01 12:54:37,841 - seismic - DEBUG - Objective: 50.2076
2017-12-01 12:54:46,027 - seismic - DEBUG - Objective: 50.1912
2017-12-01 12:54:54,417 - seismic - DEBUG - Objective: 50.1170
2017-12-01 12:55:02,727 - seismic - DEBUG - Objective: 50.0621
2017-12-01 12:55:11,023 - seismic - DEBUG - Objective: 50.0004
2017-12-01 12:55:19,238 - seismic - DEBUG - Objective: 49.9670
2017-12-01 12:55:27,484 - seismic - DEBUG - Objective: 49.9436
2017-12-01 12:55:35,791 - seismic - DEBUG - Objective: 49.8853
2017-12-01 12:55:44,068 - seismic - DEBUG - Objective: 49.8122
2017-12-01 12:55:52,265 - seismic - DEBUG - Objective: 49.8115
2017-12-01 12:56:00,564 - seismic - DEBUG - Objective: 49.7666
2017-12-01 12:56:08,719 - seismic - DEBUG - Objective: 49.6593
2017-12-01 12:56:16,947 - seismic - DEBUG - Objective: 49.6300
2017-12-01 12:56:25,258 - seismic - DEBUG - Objective: 49.5908
2017-12-01 12:56:33,423 - seismic - DEBUG - Objective: 49.5903
2017-12-01 12:56:41,712 - seismic - DEBUG - Objective: 49.5261
2017-12-01 12:56:49,958 - seismic - DEBUG - Objective: 49.4520
2017-12-01 12:56:58,187 - seismic - DEBUG - Objective: 49.4654
2017-12-01 12:57:06,400 - seismic - DEBUG - Objective: 49.4142
2017-12-01 12:57:14,662 - seismic - DEBUG - Objective: 49.3586
2017-12-01 12:57:22,832 - seismic - DEBUG - Objective: 49.2984
2017-12-01 12:57:31,110 - seismic - DEBUG - Objective: 49.2275
2017-12-01 12:57:39,387 - seismic - DEBUG - Objective: 49.2042
2017-12-01 12:57:47,700 - seismic - DEBUG - Objective: 49.0975
2017-12-01 12:57:55,897 - seismic - DEBUG - Objective: 49.0578
2017-12-01 12:58:04,227 - seismic - DEBUG - Objective: 49.0131
2017-12-01 12:58:12,397 - seismic - DEBUG - Objective: 48.9962
2017-12-01 12:58:20,730 - seismic - DEBUG - Objective: 48.9494
2017-12-01 12:58:28,959 - seismic - DEBUG - Objective: 48.9253
2017-12-01 12:58:37,166 - seismic - DEBUG - Objective: 48.8939
2017-12-01 12:58:45,472 - seismic - DEBUG - Objective: 48.8447
2017-12-01 12:58:53,647 - seismic - DEBUG - Objective: 48.8246
2017-12-01 12:59:01,849 - seismic - DEBUG - Objective: 48.7114
2017-12-01 12:59:10,214 - seismic - DEBUG - Objective: 48.7074
2017-12-01 12:59:18,485 - seismic - DEBUG - Objective: 48.6512
2017-12-01 12:59:26,682 - seismic - DEBUG - Objective: 48.5840
2017-12-01 12:59:34,846 - seismic - DEBUG - Objective: 48.5369
2017-12-01 12:59:43,146 - seismic - DEBUG - Objective: 48.5094
2017-12-01 12:59:51,471 - seismic - DEBUG - Objective: 48.5159
2017-12-01 12:59:59,763 - seismic - DEBUG - Objective: 48.5107
2017-12-01 13:00:08,037 - seismic - DEBUG - Objective: 48.5005
2017-12-01 13:00:16,202 - seismic - DEBUG - Objective: 48.5091
2017-12-01 13:00:24,467 - seismic - DEBUG - Objective: 48.5259
2017-12-01 13:00:24,495 - seismic - INFO - Iteration 2 started.
2017-12-01 13:00:24,495 - seismic - INFO - Optimizing: mog
2017-12-01 13:00:24,559 - seismic - DEBUG - Objective: 48.5259
2017-12-01 13:00:32,905 - seismic - DEBUG - Objective: 6620.5178
2017-12-01 13:00:41,091 - seismic - DEBUG - Objective: 48.4995
2017-12-01 13:00:49,264 - seismic - DEBUG - Objective: 48.4855
2017-12-01 13:00:57,543 - seismic - DEBUG - Objective: 48.4845
2017-12-01 13:01:05,722 - seismic - DEBUG - Objective: 48.4765
2017-12-01 13:01:14,006 - seismic - DEBUG - Objective: 48.4567
2017-12-01 13:01:22,332 - seismic - DEBUG - Objective: 48.4311
2017-12-01 13:01:30,557 - seismic - DEBUG - Objective: 48.4240
2017-12-01 13:01:38,929 - seismic - DEBUG - Objective: 48.3842
2017-12-01 13:01:47,083 - seismic - DEBUG - Objective: 48.3596
2017-12-01 13:01:55,306 - seismic - DEBUG - Objective: 48.3457
2017-12-01 13:02:03,516 - seismic - DEBUG - Objective: 48.3033
2017-12-01 13:02:11,758 - seismic - DEBUG - Objective: 48.2951
2017-12-01 13:02:20,017 - seismic - DEBUG - Objective: 48.2834
2017-12-01 13:02:28,341 - seismic - DEBUG - Objective: 48.2648
2017-12-01 13:02:36,488 - seismic - DEBUG - Objective: 48.2398
2017-12-01 13:02:44,798 - seismic - DEBUG - Objective: 48.2464
2017-12-01 13:02:53,022 - seismic - DEBUG - Objective: 48.2482
2017-12-01 13:03:01,209 - seismic - DEBUG - Objective: 48.2450
2017-12-01 13:03:09,478 - seismic - DEBUG - Objective: 48.2489
2017-12-01 13:03:17,642 - seismic - DEBUG - Objective: 48.2558
2017-12-01 13:03:25,800 - seismic - DEBUG - Objective: 48.2391
2017-12-01 13:03:34,048 - seismic - DEBUG - Objective: 48.2387
2017-12-01 13:03:42,320 - seismic - DEBUG - Objective: 48.2425
2017-12-01 13:03:50,651 - seismic - DEBUG - Objective: 48.2455
2017-12-01 13:03:50,652 - seismic - DEBUG - Objective: 48.2455
2017-12-01 13:03:50,681 - seismic - DEBUG - Objective difference: 0.280350
2017-12-01 13:03:50,681 - seismic - INFO - Mean difference: 0.000856
2017-12-01 13:03:50,681 - seismic - INFO - Covariance difference: 0.000181
2017-12-01 13:03:50,681 - seismic - DEBUG - prediction started...
2017-12-01 13:03:55,706 - seismic - DEBUG - prediction finished
