2018-08-21 16:47:44,949 - seismic - INFO - experiment started for:{'latent_noise:': 0.001, 'optimize_stochastic': False, 'sparsity_factor': 1.0, 'experiment': 'seismic', 'run_id': 1, 'll': 'SeismicLL', 'max_iter': 200, 'transformer': 'MeanStdXTransformation', 'sample_num': 100000, 'optimization_config': {'hyp': 100, 'mog': 100}, 'git_branch': 'seismic-dev', 'xtol': 0.001, 'random_Z': False, 'git_hash': '9077abcd8c2f8fdd8dbff0a31c644433a0c5bb26', 'method': 'full', 'model_init': None, 'ftol': 1e-05}
2018-08-21 16:48:01,239 - seismic - INFO - Iteration 1 started.
2018-08-21 16:48:01,239 - seismic - INFO - Optimizing: hyp
2018-08-21 16:48:14,909 - seismic - DEBUG - Objective: 65438.0822
2018-08-21 16:48:15,050 - seismic - DEBUG - Objective: 66907.0432
2018-08-21 16:48:15,185 - seismic - DEBUG - Objective: 65737.9494
2018-08-21 16:48:15,322 - seismic - DEBUG - Objective: 64466.5353
2018-08-21 16:48:15,461 - seismic - DEBUG - Objective: 64696.3400
2018-08-21 16:48:15,598 - seismic - DEBUG - Objective: 65119.2541
2018-08-21 16:48:15,735 - seismic - DEBUG - Objective: 64864.5978
2018-08-21 16:48:15,872 - seismic - DEBUG - Objective: 64466.5353
2018-08-21 16:48:16,007 - seismic - DEBUG - Objective: 117757.1525
2018-08-21 16:48:16,290 - seismic - DEBUG - Objective: 64466.5353
2018-08-21 16:48:16,427 - seismic - DEBUG - Objective: 64466.5353
2018-08-21 16:48:16,564 - seismic - DEBUG - Objective: 64466.5353
2018-08-21 16:48:16,701 - seismic - DEBUG - Objective: 64466.5353
2018-08-21 16:48:16,840 - seismic - DEBUG - Objective: 64466.5353
2018-08-21 16:48:16,977 - seismic - DEBUG - Objective: 64466.5353
2018-08-21 16:48:17,115 - seismic - DEBUG - Objective: 64466.5353
2018-08-21 16:48:17,253 - seismic - DEBUG - Objective: 64466.5353
2018-08-21 16:48:17,390 - seismic - DEBUG - Objective: 64466.5353
2018-08-21 16:48:17,530 - seismic - DEBUG - Objective: 64466.5353
2018-08-21 16:48:17,666 - seismic - DEBUG - Objective: 64466.5353
2018-08-21 16:48:17,803 - seismic - DEBUG - Objective: 64466.5353
2018-08-21 16:48:17,939 - seismic - DEBUG - Objective: 64466.5353
2018-08-21 16:48:18,111 - seismic - DEBUG - Objective: 64466.5353
2018-08-21 16:48:18,249 - seismic - DEBUG - Objective: 64466.5353
2018-08-21 16:48:18,386 - seismic - DEBUG - Objective: 64466.5353
2018-08-21 16:48:18,522 - seismic - DEBUG - Objective: 64466.5353
2018-08-21 16:48:18,523 - seismic - DEBUG - Objective: 64466.5353
2018-08-21 16:48:18,660 - seismic - INFO - Optimizing: mog
2018-08-21 16:48:34,980 - seismic - DEBUG - Objective: 64466.5329
2018-08-21 16:48:50,440 - seismic - DEBUG - Objective: 54947.5352
2018-08-21 16:49:06,270 - seismic - DEBUG - Objective: 25309.7917
2018-08-21 16:49:21,855 - seismic - DEBUG - Objective: 15354.5313
2018-08-21 16:49:37,377 - seismic - DEBUG - Objective: 8538.6991
2018-08-21 16:49:52,768 - seismic - DEBUG - Objective: 7435.2529
2018-08-21 16:50:08,307 - seismic - DEBUG - Objective: 3679.3558
2018-08-21 16:50:24,163 - seismic - DEBUG - Objective: 2784.7304
2018-08-21 16:50:40,769 - seismic - DEBUG - Objective: 2052.0618
2018-08-21 16:50:57,106 - seismic - DEBUG - Objective: 5023.5243
2018-08-21 16:51:12,754 - seismic - DEBUG - Objective: 1810.9452
2018-08-21 16:51:28,526 - seismic - DEBUG - Objective: 1261.1738
2018-08-21 16:51:44,375 - seismic - DEBUG - Objective: 906.8033
2018-08-21 16:52:00,026 - seismic - DEBUG - Objective: 954.8167
2018-08-21 16:52:16,318 - seismic - DEBUG - Objective: 802.0667
2018-08-21 16:52:32,214 - seismic - DEBUG - Objective: 698.8334
2018-08-21 16:52:47,872 - seismic - DEBUG - Objective: 633.6674
2018-08-21 16:53:03,225 - seismic - DEBUG - Objective: 576.9199
2018-08-21 16:53:18,554 - seismic - DEBUG - Objective: 524.8917
2018-08-21 16:53:34,157 - seismic - DEBUG - Objective: 501.0010
2018-08-21 16:53:50,349 - seismic - DEBUG - Objective: 466.3738
2018-08-21 16:54:06,696 - seismic - DEBUG - Objective: 454.8009
2018-08-21 16:54:22,139 - seismic - DEBUG - Objective: 423.0356
2018-08-21 16:54:37,534 - seismic - DEBUG - Objective: 408.8796
2018-08-21 16:54:53,860 - seismic - DEBUG - Objective: 397.5068
2018-08-21 16:55:10,738 - seismic - DEBUG - Objective: 379.8502
2018-08-21 16:55:26,373 - seismic - DEBUG - Objective: 363.9562
2018-08-21 16:55:41,988 - seismic - DEBUG - Objective: 354.5046
2018-08-21 16:55:58,646 - seismic - DEBUG - Objective: 344.9340
2018-08-21 16:56:14,414 - seismic - DEBUG - Objective: 337.4495
2018-08-21 16:56:30,030 - seismic - DEBUG - Objective: 328.1571
2018-08-21 16:56:46,498 - seismic - DEBUG - Objective: 317.7820
2018-08-21 16:57:01,910 - seismic - DEBUG - Objective: 313.0398
2018-08-21 16:57:17,254 - seismic - DEBUG - Objective: 307.6900
2018-08-21 16:57:32,627 - seismic - DEBUG - Objective: 296.4747
2018-08-21 16:57:48,185 - seismic - DEBUG - Objective: 291.9405
2018-08-21 16:58:04,129 - seismic - DEBUG - Objective: 286.4674
2018-08-21 16:58:19,669 - seismic - DEBUG - Objective: 277.6276
2018-08-21 16:58:34,921 - seismic - DEBUG - Objective: 273.1337
2018-08-21 16:58:50,458 - seismic - DEBUG - Objective: 266.3916
2018-08-21 16:59:06,275 - seismic - DEBUG - Objective: 261.1486
2018-08-21 16:59:21,434 - seismic - DEBUG - Objective: 257.1009
2018-08-21 16:59:36,678 - seismic - DEBUG - Objective: 252.1451
2018-08-21 16:59:51,972 - seismic - DEBUG - Objective: 248.2494
2018-08-21 17:00:07,361 - seismic - DEBUG - Objective: 244.2380
2018-08-21 17:00:22,571 - seismic - DEBUG - Objective: 240.8115
2018-08-21 17:00:38,025 - seismic - DEBUG - Objective: 238.1482
2018-08-21 17:00:53,788 - seismic - DEBUG - Objective: 234.5218
2018-08-21 17:01:09,567 - seismic - DEBUG - Objective: 231.7955
2018-08-21 17:01:24,834 - seismic - DEBUG - Objective: 230.3251
2018-08-21 17:01:40,258 - seismic - DEBUG - Objective: 228.3223
2018-08-21 17:01:55,638 - seismic - DEBUG - Objective: 226.9953
2018-08-21 17:02:11,521 - seismic - DEBUG - Objective: 225.4598
2018-08-21 17:02:27,202 - seismic - DEBUG - Objective: 224.5334
2018-08-21 17:02:42,723 - seismic - DEBUG - Objective: 223.4775
2018-08-21 17:02:58,468 - seismic - DEBUG - Objective: 222.5634
2018-08-21 17:03:14,110 - seismic - DEBUG - Objective: 220.9408
2018-08-21 17:03:29,259 - seismic - DEBUG - Objective: 220.3504
2018-08-21 17:03:45,007 - seismic - DEBUG - Objective: 219.5462
2018-08-21 17:04:00,138 - seismic - DEBUG - Objective: 218.8543
2018-08-21 17:04:15,261 - seismic - DEBUG - Objective: 217.9436
2018-08-21 17:04:30,278 - seismic - DEBUG - Objective: 217.3017
2018-08-21 17:04:45,999 - seismic - DEBUG - Objective: 216.6836
2018-08-21 17:05:01,787 - seismic - DEBUG - Objective: 216.1560
2018-08-21 17:05:17,160 - seismic - DEBUG - Objective: 215.3386
2018-08-21 17:05:32,471 - seismic - DEBUG - Objective: 214.7930
2018-08-21 17:05:47,832 - seismic - DEBUG - Objective: 214.2223
2018-08-21 17:06:03,159 - seismic - DEBUG - Objective: 213.4662
2018-08-21 17:06:19,498 - seismic - DEBUG - Objective: 212.4874
2018-08-21 17:06:34,840 - seismic - DEBUG - Objective: 211.6683
2018-08-21 17:06:50,258 - seismic - DEBUG - Objective: 210.6896
2018-08-21 17:07:05,628 - seismic - DEBUG - Objective: 209.7153
2018-08-21 17:07:20,999 - seismic - DEBUG - Objective: 208.6270
2018-08-21 17:07:36,176 - seismic - DEBUG - Objective: 207.2783
2018-08-21 17:07:51,620 - seismic - DEBUG - Objective: 206.4203
2018-08-21 17:08:07,553 - seismic - DEBUG - Objective: 205.2144
2018-08-21 17:08:23,216 - seismic - DEBUG - Objective: 203.9238
2018-08-21 17:08:39,313 - seismic - DEBUG - Objective: 202.6021
2018-08-21 17:08:54,436 - seismic - DEBUG - Objective: 201.6213
2018-08-21 17:09:10,224 - seismic - DEBUG - Objective: 200.0888
2018-08-21 17:09:25,410 - seismic - DEBUG - Objective: 198.8911
2018-08-21 17:09:40,775 - seismic - DEBUG - Objective: 197.9103
2018-08-21 17:09:55,761 - seismic - DEBUG - Objective: 196.3692
2018-08-21 17:10:10,785 - seismic - DEBUG - Objective: 195.2341
2018-08-21 17:10:25,917 - seismic - DEBUG - Objective: 193.4991
2018-08-21 17:10:42,563 - seismic - DEBUG - Objective: 192.2118
2018-08-21 17:10:57,664 - seismic - DEBUG - Objective: 190.8442
2018-08-21 17:11:13,107 - seismic - DEBUG - Objective: 189.3656
2018-08-21 17:11:29,183 - seismic - DEBUG - Objective: 188.1414
2018-08-21 17:11:44,524 - seismic - DEBUG - Objective: 186.7310
2018-08-21 17:11:59,558 - seismic - DEBUG - Objective: 185.2849
2018-08-21 17:12:14,775 - seismic - DEBUG - Objective: 183.8627
2018-08-21 17:12:30,883 - seismic - DEBUG - Objective: 182.6603
2018-08-21 17:12:47,083 - seismic - DEBUG - Objective: 181.5017
2018-08-21 17:13:03,171 - seismic - DEBUG - Objective: 180.0934
2018-08-21 17:13:19,516 - seismic - DEBUG - Objective: 178.6700
2018-08-21 17:13:35,004 - seismic - DEBUG - Objective: 177.2706
2018-08-21 17:13:50,485 - seismic - DEBUG - Objective: 175.7001
2018-08-21 17:14:06,121 - seismic - DEBUG - Objective: 174.7352
2018-08-21 17:14:22,033 - seismic - DEBUG - Objective: 173.7410
2018-08-21 17:14:37,167 - seismic - DEBUG - Objective: 172.1346
2018-08-21 17:14:37,173 - seismic - INFO - Optimizing: hyp
2018-08-21 17:14:50,390 - seismic - DEBUG - Objective: 172.1360
2018-08-21 17:14:50,530 - seismic - DEBUG - Objective: 659.8369
2018-08-21 17:14:50,681 - seismic - DEBUG - Objective: 185.8351
2018-08-21 17:14:50,879 - seismic - DEBUG - Objective: 184.3247
2018-08-21 17:14:51,090 - seismic - DEBUG - Objective: 184.7715
2018-08-21 17:14:51,235 - seismic - DEBUG - Objective: 183.2852
2018-08-21 17:14:51,379 - seismic - DEBUG - Objective: 183.7412
2018-08-21 17:14:51,520 - seismic - DEBUG - Objective: 184.7657
2018-08-21 17:14:51,660 - seismic - DEBUG - Objective: 184.2385
2018-08-21 17:14:51,804 - seismic - DEBUG - Objective: 172.1360
2018-08-21 17:14:51,946 - seismic - DEBUG - Objective: 172.1360
2018-08-21 17:14:52,087 - seismic - DEBUG - Objective: 172.1360
2018-08-21 17:14:52,227 - seismic - DEBUG - Objective: 172.1360
2018-08-21 17:14:52,363 - seismic - DEBUG - Objective: 172.1360
2018-08-21 17:14:52,508 - seismic - DEBUG - Objective: 172.1360
2018-08-21 17:14:52,654 - seismic - DEBUG - Objective: 172.1360
2018-08-21 17:14:52,793 - seismic - DEBUG - Objective: 172.1360
2018-08-21 17:14:52,932 - seismic - DEBUG - Objective: 172.1360
2018-08-21 17:14:53,073 - seismic - DEBUG - Objective: 172.1360
2018-08-21 17:14:53,216 - seismic - DEBUG - Objective: 172.1360
2018-08-21 17:14:53,353 - seismic - DEBUG - Objective: 172.1360
2018-08-21 17:14:53,509 - seismic - INFO - Iteration 2 started.
2018-08-21 17:14:53,510 - seismic - INFO - Optimizing: hyp
2018-08-21 17:14:53,510 - seismic - DEBUG - Objective: 172.1360
2018-08-21 17:14:53,660 - seismic - DEBUG - Objective: 659.8369
2018-08-21 17:14:53,802 - seismic - DEBUG - Objective: 185.8351
2018-08-21 17:14:53,939 - seismic - DEBUG - Objective: 184.3247
2018-08-21 17:14:54,076 - seismic - DEBUG - Objective: 184.7715
2018-08-21 17:14:54,213 - seismic - DEBUG - Objective: 183.2852
2018-08-21 17:14:54,350 - seismic - DEBUG - Objective: 183.7412
2018-08-21 17:14:54,488 - seismic - DEBUG - Objective: 184.7657
2018-08-21 17:14:54,624 - seismic - DEBUG - Objective: 184.2385
2018-08-21 17:14:54,761 - seismic - DEBUG - Objective: 172.1360
2018-08-21 17:14:54,899 - seismic - DEBUG - Objective: 172.1360
2018-08-21 17:14:55,037 - seismic - DEBUG - Objective: 172.1360
2018-08-21 17:14:55,178 - seismic - DEBUG - Objective: 172.1360
2018-08-21 17:14:55,321 - seismic - DEBUG - Objective: 172.1360
2018-08-21 17:14:55,459 - seismic - DEBUG - Objective: 172.1360
2018-08-21 17:14:55,599 - seismic - DEBUG - Objective: 172.1360
2018-08-21 17:14:55,744 - seismic - DEBUG - Objective: 172.1360
2018-08-21 17:14:55,883 - seismic - DEBUG - Objective: 172.1360
2018-08-21 17:14:56,021 - seismic - DEBUG - Objective: 172.1360
2018-08-21 17:14:56,157 - seismic - DEBUG - Objective: 172.1360
2018-08-21 17:14:56,294 - seismic - DEBUG - Objective: 172.1360
2018-08-21 17:14:56,433 - seismic - INFO - Optimizing: mog
2018-08-21 17:15:11,870 - seismic - DEBUG - Objective: 172.1339
2018-08-21 17:15:27,074 - seismic - DEBUG - Objective: 428.1605
2018-08-21 17:15:42,693 - seismic - DEBUG - Objective: 171.6136
2018-08-21 17:15:58,153 - seismic - DEBUG - Objective: 171.1867
2018-08-21 17:16:14,273 - seismic - DEBUG - Objective: 170.4980
2018-08-21 17:16:30,847 - seismic - DEBUG - Objective: 170.1781
2018-08-21 17:16:46,896 - seismic - DEBUG - Objective: 169.7962
2018-08-21 17:17:01,847 - seismic - DEBUG - Objective: 169.2450
2018-08-21 17:17:16,786 - seismic - DEBUG - Objective: 168.9261
2018-08-21 17:17:31,778 - seismic - DEBUG - Objective: 168.5817
2018-08-21 17:17:47,681 - seismic - DEBUG - Objective: 168.1358
2018-08-21 17:18:02,970 - seismic - DEBUG - Objective: 167.9071
2018-08-21 17:18:19,499 - seismic - DEBUG - Objective: 167.3621
2018-08-21 17:18:35,095 - seismic - DEBUG - Objective: 167.0241
2018-08-21 17:18:50,748 - seismic - DEBUG - Objective: 166.5432
2018-08-21 17:19:06,621 - seismic - DEBUG - Objective: 166.1329
2018-08-21 17:19:22,772 - seismic - DEBUG - Objective: 165.8850
2018-08-21 17:19:38,014 - seismic - DEBUG - Objective: 165.5090
2018-08-21 17:19:53,332 - seismic - DEBUG - Objective: 165.1067
2018-08-21 17:20:08,418 - seismic - DEBUG - Objective: 164.8019
2018-08-21 17:20:24,029 - seismic - DEBUG - Objective: 164.3834
2018-08-21 17:20:39,999 - seismic - DEBUG - Objective: 164.1716
2018-08-21 17:20:55,259 - seismic - DEBUG - Objective: 163.8071
2018-08-21 17:21:10,643 - seismic - DEBUG - Objective: 163.4823
2018-08-21 17:21:25,931 - seismic - DEBUG - Objective: 163.3184
2018-08-21 17:21:41,429 - seismic - DEBUG - Objective: 163.0165
2018-08-21 17:21:56,611 - seismic - DEBUG - Objective: 162.6943
2018-08-21 17:22:12,211 - seismic - DEBUG - Objective: 162.4407
2018-08-21 17:22:28,885 - seismic - DEBUG - Objective: 162.1264
2018-08-21 17:22:44,512 - seismic - DEBUG - Objective: 161.9096
2018-08-21 17:22:59,975 - seismic - DEBUG - Objective: 161.6077
2018-08-21 17:23:15,518 - seismic - DEBUG - Objective: 161.2838
2018-08-21 17:23:30,973 - seismic - DEBUG - Objective: 160.9981
2018-08-21 17:23:46,388 - seismic - DEBUG - Objective: 160.7614
2018-08-21 17:24:01,529 - seismic - DEBUG - Objective: 160.4377
2018-08-21 17:24:16,624 - seismic - DEBUG - Objective: 160.2411
2018-08-21 17:24:31,765 - seismic - DEBUG - Objective: 160.0546
2018-08-21 17:24:47,603 - seismic - DEBUG - Objective: 159.8160
2018-08-21 17:25:03,463 - seismic - DEBUG - Objective: 159.6111
2018-08-21 17:25:18,851 - seismic - DEBUG - Objective: 159.3873
2018-08-21 17:25:34,825 - seismic - DEBUG - Objective: 159.0994
2018-08-21 17:25:50,108 - seismic - DEBUG - Objective: 158.9104
2018-08-21 17:26:05,304 - seismic - DEBUG - Objective: 158.6781
2018-08-21 17:26:20,801 - seismic - DEBUG - Objective: 158.4819
2018-08-21 17:26:36,375 - seismic - DEBUG - Objective: 158.1835
2018-08-21 17:26:52,197 - seismic - DEBUG - Objective: 157.8908
2018-08-21 17:27:07,538 - seismic - DEBUG - Objective: 157.6292
2018-08-21 17:27:22,740 - seismic - DEBUG - Objective: 157.2318
2018-08-21 17:27:38,166 - seismic - DEBUG - Objective: 156.8262
2018-08-21 17:27:53,469 - seismic - DEBUG - Objective: 156.5121
2018-08-21 17:28:09,334 - seismic - DEBUG - Objective: 156.1503
2018-08-21 17:28:24,683 - seismic - DEBUG - Objective: 155.9725
2018-08-21 17:28:39,955 - seismic - DEBUG - Objective: 155.6459
2018-08-21 17:28:55,373 - seismic - DEBUG - Objective: 155.1135
2018-08-21 17:29:11,084 - seismic - DEBUG - Objective: 154.7986
2018-08-21 17:29:26,615 - seismic - DEBUG - Objective: 154.0598
2018-08-21 17:29:42,207 - seismic - DEBUG - Objective: 153.7641
2018-08-21 17:29:57,439 - seismic - DEBUG - Objective: 152.8143
2018-08-21 17:30:12,576 - seismic - DEBUG - Objective: 152.4189
2018-08-21 17:30:28,965 - seismic - DEBUG - Objective: 151.8651
2018-08-21 17:30:44,155 - seismic - DEBUG - Objective: 150.9973
2018-08-21 17:30:59,527 - seismic - DEBUG - Objective: 150.2060
2018-08-21 17:31:15,134 - seismic - DEBUG - Objective: 149.2386
2018-08-21 17:31:30,475 - seismic - DEBUG - Objective: 148.4738
2018-08-21 17:31:45,711 - seismic - DEBUG - Objective: 147.7731
2018-08-21 17:32:01,164 - seismic - DEBUG - Objective: 148.5942
2018-08-21 17:32:16,462 - seismic - DEBUG - Objective: 147.3385
2018-08-21 17:32:31,653 - seismic - DEBUG - Objective: 146.6641
2018-08-21 17:32:47,092 - seismic - DEBUG - Objective: 146.1717
2018-08-21 17:33:02,392 - seismic - DEBUG - Objective: 145.5588
2018-08-21 17:33:17,583 - seismic - DEBUG - Objective: 144.6618
2018-08-21 17:33:33,042 - seismic - DEBUG - Objective: 143.9162
2018-08-21 17:33:48,677 - seismic - DEBUG - Objective: 143.2466
2018-08-21 17:34:04,741 - seismic - DEBUG - Objective: 142.6891
2018-08-21 17:34:20,209 - seismic - DEBUG - Objective: 142.2365
2018-08-21 17:34:35,484 - seismic - DEBUG - Objective: 141.4847
2018-08-21 17:34:51,187 - seismic - DEBUG - Objective: 140.5939
2018-08-21 17:35:07,034 - seismic - DEBUG - Objective: 140.1095
2018-08-21 17:35:23,194 - seismic - DEBUG - Objective: 139.1705
2018-08-21 17:35:38,966 - seismic - DEBUG - Objective: 140.5996
2018-08-21 17:35:55,222 - seismic - DEBUG - Objective: 138.8007
2018-08-21 17:36:11,360 - seismic - DEBUG - Objective: 138.2867
2018-08-21 17:36:26,993 - seismic - DEBUG - Objective: 137.6453
2018-08-21 17:36:42,362 - seismic - DEBUG - Objective: 137.1975
2018-08-21 17:36:58,096 - seismic - DEBUG - Objective: 136.3805
2018-08-21 17:37:13,361 - seismic - DEBUG - Objective: 135.7260
2018-08-21 17:37:28,713 - seismic - DEBUG - Objective: 135.1339
2018-08-21 17:37:44,802 - seismic - DEBUG - Objective: 134.3614
2018-08-21 17:38:00,741 - seismic - DEBUG - Objective: 133.8428
2018-08-21 17:38:16,579 - seismic - DEBUG - Objective: 133.1932
2018-08-21 17:38:32,474 - seismic - DEBUG - Objective: 132.5118
2018-08-21 17:38:47,919 - seismic - DEBUG - Objective: 132.2000
2018-08-21 17:39:03,890 - seismic - DEBUG - Objective: 131.8334
2018-08-21 17:39:19,246 - seismic - DEBUG - Objective: 131.3170
2018-08-21 17:39:34,572 - seismic - DEBUG - Objective: 130.8631
2018-08-21 17:39:49,611 - seismic - DEBUG - Objective: 130.2578
2018-08-21 17:40:04,692 - seismic - DEBUG - Objective: 129.7032
2018-08-21 17:40:20,708 - seismic - DEBUG - Objective: 128.8877
2018-08-21 17:40:36,010 - seismic - DEBUG - Objective: 128.4773
2018-08-21 17:40:52,685 - seismic - DEBUG - Objective: 127.8981
2018-08-21 17:41:08,752 - seismic - DEBUG - Objective: 127.3185
2018-08-21 17:41:08,765 - seismic - INFO - Optimizing: hyp
2018-08-21 17:41:22,139 - seismic - DEBUG - Objective: 127.3159
2018-08-21 17:41:22,284 - seismic - DEBUG - Objective: 978.5042
2018-08-21 17:41:22,428 - seismic - DEBUG - Objective: 145.4329
2018-08-21 17:41:22,572 - seismic - DEBUG - Objective: 137.4408
2018-08-21 17:41:22,712 - seismic - DEBUG - Objective: 139.0695
2018-08-21 17:41:22,851 - seismic - DEBUG - Objective: 138.5981
2018-08-21 17:41:22,988 - seismic - DEBUG - Objective: 138.0988
2018-08-21 17:41:23,130 - seismic - DEBUG - Objective: 138.4780
2018-08-21 17:41:23,271 - seismic - DEBUG - Objective: 138.6329
2018-08-21 17:41:23,413 - seismic - DEBUG - Objective: 127.3159
2018-08-21 17:41:23,556 - seismic - DEBUG - Objective: 127.3159
2018-08-21 17:41:23,697 - seismic - DEBUG - Objective: 127.3159
2018-08-21 17:41:23,833 - seismic - DEBUG - Objective: 127.3159
2018-08-21 17:41:23,970 - seismic - DEBUG - Objective: 127.3159
2018-08-21 17:41:24,110 - seismic - DEBUG - Objective: 127.3159
2018-08-21 17:41:24,247 - seismic - DEBUG - Objective: 127.3159
2018-08-21 17:41:24,384 - seismic - DEBUG - Objective: 127.3159
2018-08-21 17:41:24,521 - seismic - DEBUG - Objective: 127.3159
2018-08-21 17:41:24,657 - seismic - DEBUG - Objective: 127.3159
2018-08-21 17:41:24,795 - seismic - DEBUG - Objective: 127.3159
2018-08-21 17:41:24,932 - seismic - DEBUG - Objective: 127.3159
2018-08-21 17:41:25,081 - seismic - DEBUG - Objective difference: 44.820114
2018-08-21 17:41:25,081 - seismic - INFO - Mean difference: 0.136378
2018-08-21 17:41:25,083 - seismic - INFO - Covariance difference: 0.044018
2018-08-21 17:41:25,083 - seismic - INFO - Iteration 3 started.
2018-08-21 17:41:25,083 - seismic - INFO - Optimizing: hyp
2018-08-21 17:41:25,084 - seismic - DEBUG - Objective: 127.3159
2018-08-21 17:41:25,224 - seismic - DEBUG - Objective: 978.5042
2018-08-21 17:41:25,364 - seismic - DEBUG - Objective: 145.4329
2018-08-21 17:41:25,505 - seismic - DEBUG - Objective: 137.4408
2018-08-21 17:41:25,645 - seismic - DEBUG - Objective: 139.0695
2018-08-21 17:41:25,783 - seismic - DEBUG - Objective: 138.5981
2018-08-21 17:41:25,919 - seismic - DEBUG - Objective: 138.0988
2018-08-21 17:41:26,059 - seismic - DEBUG - Objective: 138.4780
2018-08-21 17:41:26,195 - seismic - DEBUG - Objective: 138.6329
2018-08-21 17:41:26,355 - seismic - DEBUG - Objective: 127.3159
2018-08-21 17:41:26,501 - seismic - DEBUG - Objective: 127.3159
2018-08-21 17:41:26,655 - seismic - DEBUG - Objective: 127.3159
2018-08-21 17:41:26,803 - seismic - DEBUG - Objective: 127.3159
2018-08-21 17:41:26,942 - seismic - DEBUG - Objective: 127.3159
2018-08-21 17:41:27,080 - seismic - DEBUG - Objective: 127.3159
2018-08-21 17:41:27,217 - seismic - DEBUG - Objective: 127.3159
2018-08-21 17:41:27,366 - seismic - DEBUG - Objective: 127.3159
2018-08-21 17:41:27,772 - seismic - DEBUG - Objective: 127.3159
2018-08-21 17:41:27,917 - seismic - DEBUG - Objective: 127.3159
2018-08-21 17:41:28,054 - seismic - DEBUG - Objective: 127.3159
2018-08-21 17:41:28,191 - seismic - DEBUG - Objective: 127.3159
2018-08-21 17:41:28,348 - seismic - INFO - Optimizing: mog
2018-08-21 17:41:43,694 - seismic - DEBUG - Objective: 127.3181
2018-08-21 17:41:58,785 - seismic - DEBUG - Objective: 1200.5061
2018-08-21 17:42:13,849 - seismic - DEBUG - Objective: 127.0765
2018-08-21 17:42:29,497 - seismic - DEBUG - Objective: 126.9438
2018-08-21 17:42:45,120 - seismic - DEBUG - Objective: 126.8428
2018-08-21 17:43:01,184 - seismic - DEBUG - Objective: 126.5367
2018-08-21 17:43:17,238 - seismic - DEBUG - Objective: 126.3012
2018-08-21 17:43:33,009 - seismic - DEBUG - Objective: 126.0981
2018-08-21 17:43:49,977 - seismic - DEBUG - Objective: 125.9334
2018-08-21 17:44:05,315 - seismic - DEBUG - Objective: 125.6493
2018-08-21 17:44:21,593 - seismic - DEBUG - Objective: 125.4042
2018-08-21 17:44:36,807 - seismic - DEBUG - Objective: 125.1086
2018-08-21 17:44:53,131 - seismic - DEBUG - Objective: 124.8352
2018-08-21 17:45:08,600 - seismic - DEBUG - Objective: 124.5325
2018-08-21 17:45:24,092 - seismic - DEBUG - Objective: 124.2284
2018-08-21 17:45:40,039 - seismic - DEBUG - Objective: 124.0562
2018-08-21 17:45:55,928 - seismic - DEBUG - Objective: 123.8618
2018-08-21 17:46:11,043 - seismic - DEBUG - Objective: 123.7459
2018-08-21 17:46:27,135 - seismic - DEBUG - Objective: 123.4291
2018-08-21 17:46:42,565 - seismic - DEBUG - Objective: 123.2473
2018-08-21 17:46:58,948 - seismic - DEBUG - Objective: 123.0193
2018-08-21 17:47:14,566 - seismic - DEBUG - Objective: 122.6837
2018-08-21 17:47:30,263 - seismic - DEBUG - Objective: 122.3634
2018-08-21 17:47:46,757 - seismic - DEBUG - Objective: 122.0803
2018-08-21 17:48:01,904 - seismic - DEBUG - Objective: 121.8379
2018-08-21 17:48:17,470 - seismic - DEBUG - Objective: 121.3160
2018-08-21 17:48:33,649 - seismic - DEBUG - Objective: 120.9731
2018-08-21 17:48:48,945 - seismic - DEBUG - Objective: 120.7563
2018-08-21 17:49:05,312 - seismic - DEBUG - Objective: 120.4433
2018-08-21 17:49:21,653 - seismic - DEBUG - Objective: 120.2965
2018-08-21 17:49:37,715 - seismic - DEBUG - Objective: 120.1857
2018-08-21 17:49:52,799 - seismic - DEBUG - Objective: 119.8315
2018-08-21 17:50:07,711 - seismic - DEBUG - Objective: 119.4593
2018-08-21 17:50:22,639 - seismic - DEBUG - Objective: 119.1554
2018-08-21 17:50:37,905 - seismic - DEBUG - Objective: 118.8981
2018-08-21 17:50:52,792 - seismic - DEBUG - Objective: 118.7265
2018-08-21 17:51:08,293 - seismic - DEBUG - Objective: 118.4673
2018-08-21 17:51:24,269 - seismic - DEBUG - Objective: 118.2264
2018-08-21 17:51:39,601 - seismic - DEBUG - Objective: 117.8578
2018-08-21 17:51:54,706 - seismic - DEBUG - Objective: 117.6295
2018-08-21 17:52:09,937 - seismic - DEBUG - Objective: 117.4593
2018-08-21 17:52:25,179 - seismic - DEBUG - Objective: 117.3103
2018-08-21 17:52:40,287 - seismic - DEBUG - Objective: 116.9555
2018-08-21 17:52:55,677 - seismic - DEBUG - Objective: 116.6541
2018-08-21 17:53:11,043 - seismic - DEBUG - Objective: 116.4339
2018-08-21 17:53:26,268 - seismic - DEBUG - Objective: 116.1836
2018-08-21 17:53:41,277 - seismic - DEBUG - Objective: 115.9970
2018-08-21 17:53:57,312 - seismic - DEBUG - Objective: 115.8146
2018-08-21 17:54:12,892 - seismic - DEBUG - Objective: 115.7274
2018-08-21 17:54:29,046 - seismic - DEBUG - Objective: 115.5104
2018-08-21 17:54:44,843 - seismic - DEBUG - Objective: 115.4309
2018-08-21 17:55:00,955 - seismic - DEBUG - Objective: 115.3110
2018-08-21 17:55:17,292 - seismic - DEBUG - Objective: 115.4833
2018-08-21 17:55:32,950 - seismic - DEBUG - Objective: 115.2633
2018-08-21 17:55:48,782 - seismic - DEBUG - Objective: 115.1657
2018-08-21 17:56:04,824 - seismic - DEBUG - Objective: 115.0614
2018-08-21 17:56:20,869 - seismic - DEBUG - Objective: 114.9157
2018-08-21 17:56:36,285 - seismic - DEBUG - Objective: 114.7892
2018-08-21 17:56:52,574 - seismic - DEBUG - Objective: 114.6631
2018-08-21 17:57:07,522 - seismic - DEBUG - Objective: 114.5619
2018-08-21 17:57:22,929 - seismic - DEBUG - Objective: 114.4827
2018-08-21 17:57:38,875 - seismic - DEBUG - Objective: 114.3958
2018-08-21 17:57:53,938 - seismic - DEBUG - Objective: 114.2980
2018-08-21 17:58:09,936 - seismic - DEBUG - Objective: 114.2173
2018-08-21 17:58:26,040 - seismic - DEBUG - Objective: 114.1606
2018-08-21 17:58:41,260 - seismic - DEBUG - Objective: 114.1197
2018-08-21 17:58:57,793 - seismic - DEBUG - Objective: 114.0742
2018-08-21 17:59:13,441 - seismic - DEBUG - Objective: 114.0352
2018-08-21 17:59:28,946 - seismic - DEBUG - Objective: 113.9767
2018-08-21 17:59:44,435 - seismic - DEBUG - Objective: 113.8896
2018-08-21 17:59:59,843 - seismic - DEBUG - Objective: 113.8082
2018-08-21 18:00:15,692 - seismic - DEBUG - Objective: 113.7197
2018-08-21 18:00:31,231 - seismic - DEBUG - Objective: 113.6746
2018-08-21 18:00:46,848 - seismic - DEBUG - Objective: 113.6146
2018-08-21 18:01:03,214 - seismic - DEBUG - Objective: 113.5181
2018-08-21 18:01:18,694 - seismic - DEBUG - Objective: 113.4276
2018-08-21 18:01:33,874 - seismic - DEBUG - Objective: 113.3538
2018-08-21 18:01:49,147 - seismic - DEBUG - Objective: 113.2867
2018-08-21 18:02:04,362 - seismic - DEBUG - Objective: 113.2633
2018-08-21 18:02:19,812 - seismic - DEBUG - Objective: 113.2059
2018-08-21 18:02:35,594 - seismic - DEBUG - Objective: 113.1499
2018-08-21 18:02:50,941 - seismic - DEBUG - Objective: 113.1088
2018-08-21 18:03:06,238 - seismic - DEBUG - Objective: 113.0367
2018-08-21 18:03:21,366 - seismic - DEBUG - Objective: 112.9346
2018-08-21 18:03:36,612 - seismic - DEBUG - Objective: 112.8613
2018-08-21 18:03:51,941 - seismic - DEBUG - Objective: 112.7951
2018-08-21 18:04:07,191 - seismic - DEBUG - Objective: 112.7328
2018-08-21 18:04:22,517 - seismic - DEBUG - Objective: 112.6931
2018-08-21 18:04:38,005 - seismic - DEBUG - Objective: 112.6208
2018-08-21 18:04:54,510 - seismic - DEBUG - Objective: 112.5534
2018-08-21 18:05:09,980 - seismic - DEBUG - Objective: 112.5077
2018-08-21 18:05:25,639 - seismic - DEBUG - Objective: 112.4389
2018-08-21 18:05:41,775 - seismic - DEBUG - Objective: 112.4509
2018-08-21 18:05:57,833 - seismic - DEBUG - Objective: 112.4183
2018-08-21 18:06:13,308 - seismic - DEBUG - Objective: 112.3727
2018-08-21 18:06:28,732 - seismic - DEBUG - Objective: 112.3230
2018-08-21 18:06:44,116 - seismic - DEBUG - Objective: 112.2565
2018-08-21 18:06:59,238 - seismic - DEBUG - Objective: 112.1813
2018-08-21 18:07:15,392 - seismic - DEBUG - Objective: 112.1091
2018-08-21 18:07:31,844 - seismic - DEBUG - Objective: 112.0619
2018-08-21 18:07:46,909 - seismic - DEBUG - Objective: 111.9993
2018-08-21 18:07:46,917 - seismic - INFO - Optimizing: hyp
2018-08-21 18:08:00,239 - seismic - DEBUG - Objective: 111.9963
2018-08-21 18:08:00,375 - seismic - DEBUG - Objective: 933.2353
2018-08-21 18:08:00,503 - seismic - DEBUG - Objective: 128.5520
2018-08-21 18:08:00,659 - seismic - DEBUG - Objective: 124.6255
2018-08-21 18:08:00,801 - seismic - DEBUG - Objective: 122.6959
2018-08-21 18:08:00,939 - seismic - DEBUG - Objective: 124.0193
2018-08-21 18:08:01,076 - seismic - DEBUG - Objective: 122.9345
2018-08-21 18:08:01,214 - seismic - DEBUG - Objective: 123.6182
2018-08-21 18:08:01,352 - seismic - DEBUG - Objective: 123.6417
2018-08-21 18:08:01,492 - seismic - DEBUG - Objective: 111.9963
2018-08-21 18:08:01,630 - seismic - DEBUG - Objective: 111.9963
2018-08-21 18:08:01,767 - seismic - DEBUG - Objective: 111.9963
2018-08-21 18:08:01,905 - seismic - DEBUG - Objective: 111.9963
2018-08-21 18:08:02,043 - seismic - DEBUG - Objective: 111.9963
2018-08-21 18:08:02,182 - seismic - DEBUG - Objective: 111.9963
2018-08-21 18:08:02,319 - seismic - DEBUG - Objective: 111.9963
2018-08-21 18:08:02,456 - seismic - DEBUG - Objective: 111.9963
2018-08-21 18:08:02,606 - seismic - DEBUG - Objective: 111.9963
2018-08-21 18:08:02,752 - seismic - DEBUG - Objective: 111.9963
2018-08-21 18:08:02,894 - seismic - DEBUG - Objective: 111.9963
2018-08-21 18:08:03,036 - seismic - DEBUG - Objective: 111.9963
2018-08-21 18:08:03,187 - seismic - DEBUG - Objective difference: 15.319641
2018-08-21 18:08:03,187 - seismic - INFO - Mean difference: 0.030630
2018-08-21 18:08:03,188 - seismic - INFO - Covariance difference: 0.011636
2018-08-21 18:08:03,188 - seismic - INFO - Iteration 4 started.
2018-08-21 18:08:03,188 - seismic - INFO - Optimizing: hyp
2018-08-21 18:08:03,188 - seismic - DEBUG - Objective: 111.9963
2018-08-21 18:08:03,327 - seismic - DEBUG - Objective: 933.2353
2018-08-21 18:08:03,467 - seismic - DEBUG - Objective: 128.5520
2018-08-21 18:08:03,617 - seismic - DEBUG - Objective: 124.6255
2018-08-21 18:08:03,760 - seismic - DEBUG - Objective: 122.6959
2018-08-21 18:08:03,898 - seismic - DEBUG - Objective: 124.0193
2018-08-21 18:08:04,066 - seismic - DEBUG - Objective: 122.9345
2018-08-21 18:08:04,228 - seismic - DEBUG - Objective: 123.6182
2018-08-21 18:08:04,367 - seismic - DEBUG - Objective: 123.6417
2018-08-21 18:08:04,510 - seismic - DEBUG - Objective: 111.9963
2018-08-21 18:08:04,654 - seismic - DEBUG - Objective: 111.9963
2018-08-21 18:08:04,798 - seismic - DEBUG - Objective: 111.9963
2018-08-21 18:08:04,935 - seismic - DEBUG - Objective: 111.9963
2018-08-21 18:08:05,072 - seismic - DEBUG - Objective: 111.9963
2018-08-21 18:08:05,235 - seismic - DEBUG - Objective: 111.9963
2018-08-21 18:08:05,373 - seismic - DEBUG - Objective: 111.9963
2018-08-21 18:08:05,514 - seismic - DEBUG - Objective: 111.9963
2018-08-21 18:08:05,652 - seismic - DEBUG - Objective: 111.9963
2018-08-21 18:08:05,789 - seismic - DEBUG - Objective: 111.9963
2018-08-21 18:08:05,927 - seismic - DEBUG - Objective: 111.9963
2018-08-21 18:08:06,065 - seismic - DEBUG - Objective: 111.9963
2018-08-21 18:08:06,205 - seismic - INFO - Optimizing: mog
2018-08-21 18:08:21,595 - seismic - DEBUG - Objective: 111.9983
2018-08-21 18:08:36,603 - seismic - DEBUG - Objective: 775.5626
2018-08-21 18:08:51,619 - seismic - DEBUG - Objective: 111.9886
2018-08-21 18:09:06,610 - seismic - DEBUG - Objective: 111.9759
2018-08-21 18:09:21,707 - seismic - DEBUG - Objective: 111.9476
2018-08-21 18:09:36,938 - seismic - DEBUG - Objective: 111.9271
2018-08-21 18:09:52,429 - seismic - DEBUG - Objective: 111.9025
2018-08-21 18:10:07,815 - seismic - DEBUG - Objective: 111.8591
2018-08-21 18:10:22,813 - seismic - DEBUG - Objective: 111.8226
2018-08-21 18:10:38,439 - seismic - DEBUG - Objective: 111.8016
2018-08-21 18:10:54,691 - seismic - DEBUG - Objective: 111.7636
2018-08-21 18:11:10,571 - seismic - DEBUG - Objective: 111.7274
2018-08-21 18:11:26,109 - seismic - DEBUG - Objective: 111.6821
2018-08-21 18:11:41,140 - seismic - DEBUG - Objective: 111.6393
2018-08-21 18:11:56,158 - seismic - DEBUG - Objective: 111.6219
2018-08-21 18:12:11,138 - seismic - DEBUG - Objective: 111.6003
2018-08-21 18:12:26,131 - seismic - DEBUG - Objective: 111.5947
2018-08-21 18:12:41,362 - seismic - DEBUG - Objective: 111.5674
2018-08-21 18:12:57,431 - seismic - DEBUG - Objective: 111.5506
2018-08-21 18:13:13,588 - seismic - DEBUG - Objective: 111.5005
2018-08-21 18:13:29,711 - seismic - DEBUG - Objective: 111.5205
2018-08-21 18:13:45,876 - seismic - DEBUG - Objective: 111.4638
2018-08-21 18:14:01,191 - seismic - DEBUG - Objective: 111.4214
2018-08-21 18:14:16,309 - seismic - DEBUG - Objective: 111.3892
2018-08-21 18:14:31,770 - seismic - DEBUG - Objective: 111.3586
2018-08-21 18:14:46,758 - seismic - DEBUG - Objective: 111.2979
2018-08-21 18:15:02,156 - seismic - DEBUG - Objective: 111.2669
2018-08-21 18:15:17,256 - seismic - DEBUG - Objective: 111.2057
2018-08-21 18:15:32,674 - seismic - DEBUG - Objective: 111.1744
2018-08-21 18:15:48,315 - seismic - DEBUG - Objective: 111.1435
2018-08-21 18:16:03,538 - seismic - DEBUG - Objective: 111.1080
2018-08-21 18:16:19,977 - seismic - DEBUG - Objective: 111.0358
2018-08-21 18:16:35,413 - seismic - DEBUG - Objective: 110.9921
2018-08-21 18:16:51,005 - seismic - DEBUG - Objective: 110.8902
2018-08-21 18:17:06,337 - seismic - DEBUG - Objective: 110.8279
2018-08-21 18:17:22,419 - seismic - DEBUG - Objective: 110.7483
2018-08-21 18:17:37,850 - seismic - DEBUG - Objective: 110.6831
2018-08-21 18:17:53,714 - seismic - DEBUG - Objective: 110.6068
2018-08-21 18:18:09,046 - seismic - DEBUG - Objective: 110.4957
2018-08-21 18:18:24,559 - seismic - DEBUG - Objective: 110.4319
2018-08-21 18:18:41,062 - seismic - DEBUG - Objective: 110.3685
2018-08-21 18:18:56,395 - seismic - DEBUG - Objective: 110.3357
2018-08-21 18:19:12,546 - seismic - DEBUG - Objective: 110.2900
2018-08-21 18:19:27,968 - seismic - DEBUG - Objective: 110.2349
2018-08-21 18:19:43,178 - seismic - DEBUG - Objective: 110.1859
2018-08-21 18:19:58,336 - seismic - DEBUG - Objective: 110.1106
2018-08-21 18:20:13,429 - seismic - DEBUG - Objective: 110.0493
2018-08-21 18:20:29,398 - seismic - DEBUG - Objective: 109.9630
2018-08-21 18:20:45,134 - seismic - DEBUG - Objective: 109.8882
2018-08-21 18:21:00,624 - seismic - DEBUG - Objective: 109.8114
2018-08-21 18:21:16,184 - seismic - DEBUG - Objective: 109.7237
2018-08-21 18:21:31,422 - seismic - DEBUG - Objective: 109.6420
2018-08-21 18:21:47,360 - seismic - DEBUG - Objective: 109.5341
2018-08-21 18:22:02,992 - seismic - DEBUG - Objective: 109.4457
2018-08-21 18:22:18,327 - seismic - DEBUG - Objective: 109.4574
2018-08-21 18:22:33,708 - seismic - DEBUG - Objective: 109.4053
2018-08-21 18:22:49,337 - seismic - DEBUG - Objective: 109.3316
2018-08-21 18:23:04,574 - seismic - DEBUG - Objective: 109.2622
2018-08-21 18:23:19,939 - seismic - DEBUG - Objective: 109.1647
2018-08-21 18:23:35,076 - seismic - DEBUG - Objective: 109.0523
2018-08-21 18:23:50,438 - seismic - DEBUG - Objective: 108.8919
2018-08-21 18:24:05,958 - seismic - DEBUG - Objective: 108.7482
2018-08-21 18:24:22,141 - seismic - DEBUG - Objective: 108.6538
2018-08-21 18:24:37,869 - seismic - DEBUG - Objective: 108.5775
2018-08-21 18:24:53,982 - seismic - DEBUG - Objective: 108.4867
2018-08-21 18:25:09,056 - seismic - DEBUG - Objective: 108.3469
2018-08-21 18:25:24,618 - seismic - DEBUG - Objective: 108.2423
2018-08-21 18:25:40,792 - seismic - DEBUG - Objective: 108.2006
2018-08-21 18:25:56,984 - seismic - DEBUG - Objective: 108.1522
2018-08-21 18:26:12,688 - seismic - DEBUG - Objective: 108.1167
2018-08-21 18:26:28,123 - seismic - DEBUG - Objective: 108.0581
2018-08-21 18:26:44,288 - seismic - DEBUG - Objective: 107.9614
2018-08-21 18:27:00,236 - seismic - DEBUG - Objective: 107.8236
2018-08-21 18:27:15,655 - seismic - DEBUG - Objective: 107.6516
2018-08-21 18:27:30,731 - seismic - DEBUG - Objective: 107.5203
2018-08-21 18:27:46,402 - seismic - DEBUG - Objective: 107.3489
2018-08-21 18:28:01,594 - seismic - DEBUG - Objective: 107.2203
2018-08-21 18:28:16,837 - seismic - DEBUG - Objective: 107.0710
2018-08-21 18:28:31,999 - seismic - DEBUG - Objective: 106.9347
2018-08-21 18:28:47,003 - seismic - DEBUG - Objective: 106.8065
2018-08-21 18:29:02,646 - seismic - DEBUG - Objective: 106.6945
2018-08-21 18:29:17,847 - seismic - DEBUG - Objective: 106.5337
2018-08-21 18:29:33,654 - seismic - DEBUG - Objective: 106.3682
2018-08-21 18:29:50,006 - seismic - DEBUG - Objective: 106.1355
2018-08-21 18:30:05,929 - seismic - DEBUG - Objective: 105.9405
2018-08-21 18:30:21,553 - seismic - DEBUG - Objective: 105.7897
2018-08-21 18:30:37,915 - seismic - DEBUG - Objective: 105.6328
2018-08-21 18:30:54,679 - seismic - DEBUG - Objective: 105.4777
2018-08-21 18:31:11,058 - seismic - DEBUG - Objective: 105.3330
2018-08-21 18:31:26,726 - seismic - DEBUG - Objective: 105.2062
2018-08-21 18:31:41,838 - seismic - DEBUG - Objective: 105.0777
2018-08-21 18:31:57,731 - seismic - DEBUG - Objective: 104.9892
2018-08-21 18:32:13,352 - seismic - DEBUG - Objective: 104.8879
2018-08-21 18:32:29,282 - seismic - DEBUG - Objective: 104.7133
2018-08-21 18:32:44,775 - seismic - DEBUG - Objective: 104.5664
2018-08-21 18:33:00,585 - seismic - DEBUG - Objective: 104.3738
2018-08-21 18:33:16,756 - seismic - DEBUG - Objective: 104.2425
2018-08-21 18:33:32,705 - seismic - DEBUG - Objective: 104.1246
2018-08-21 18:33:48,555 - seismic - DEBUG - Objective: 103.9863
2018-08-21 18:34:04,185 - seismic - DEBUG - Objective: 103.8505
2018-08-21 18:34:19,498 - seismic - DEBUG - Objective: 103.6383
2018-08-21 18:34:19,513 - seismic - INFO - Optimizing: hyp
2018-08-21 18:34:32,922 - seismic - DEBUG - Objective: 103.6316
2018-08-21 18:34:33,153 - seismic - DEBUG - Objective: 865.8004
2018-08-21 18:34:33,293 - seismic - DEBUG - Objective: 116.4872
2018-08-21 18:34:33,435 - seismic - DEBUG - Objective: 114.3759
2018-08-21 18:34:33,574 - seismic - DEBUG - Objective: 115.1164
2018-08-21 18:34:33,714 - seismic - DEBUG - Objective: 114.0074
2018-08-21 18:34:33,852 - seismic - DEBUG - Objective: 114.3556
2018-08-21 18:34:33,989 - seismic - DEBUG - Objective: 114.4859
2018-08-21 18:34:34,128 - seismic - DEBUG - Objective: 114.8415
2018-08-21 18:34:34,268 - seismic - DEBUG - Objective: 103.6316
2018-08-21 18:34:34,405 - seismic - DEBUG - Objective: 103.6316
2018-08-21 18:34:34,542 - seismic - DEBUG - Objective: 103.6316
2018-08-21 18:34:34,679 - seismic - DEBUG - Objective: 103.6316
2018-08-21 18:34:34,817 - seismic - DEBUG - Objective: 103.6316
2018-08-21 18:34:34,956 - seismic - DEBUG - Objective: 103.6316
2018-08-21 18:34:35,118 - seismic - DEBUG - Objective: 103.6316
2018-08-21 18:34:35,262 - seismic - DEBUG - Objective: 103.6316
2018-08-21 18:34:35,404 - seismic - DEBUG - Objective: 103.6316
2018-08-21 18:34:35,548 - seismic - DEBUG - Objective: 103.6316
2018-08-21 18:34:35,700 - seismic - DEBUG - Objective: 103.6316
2018-08-21 18:34:35,843 - seismic - DEBUG - Objective: 103.6316
2018-08-21 18:34:35,995 - seismic - DEBUG - Objective difference: 8.364700
2018-08-21 18:34:35,995 - seismic - INFO - Mean difference: 0.107183
2018-08-21 18:34:35,996 - seismic - INFO - Covariance difference: 0.017999
2018-08-21 18:34:35,996 - seismic - INFO - Iteration 5 started.
2018-08-21 18:34:35,996 - seismic - INFO - Optimizing: hyp
2018-08-21 18:34:35,996 - seismic - DEBUG - Objective: 103.6316
2018-08-21 18:34:36,140 - seismic - DEBUG - Objective: 865.8004
2018-08-21 18:34:36,283 - seismic - DEBUG - Objective: 116.4872
2018-08-21 18:34:36,421 - seismic - DEBUG - Objective: 114.3759
2018-08-21 18:34:36,558 - seismic - DEBUG - Objective: 115.1164
2018-08-21 18:34:36,696 - seismic - DEBUG - Objective: 114.0074
2018-08-21 18:34:36,834 - seismic - DEBUG - Objective: 114.3556
2018-08-21 18:34:36,975 - seismic - DEBUG - Objective: 114.4859
2018-08-21 18:34:37,112 - seismic - DEBUG - Objective: 114.8415
2018-08-21 18:34:37,251 - seismic - DEBUG - Objective: 103.6316
2018-08-21 18:34:37,388 - seismic - DEBUG - Objective: 103.6316
2018-08-21 18:34:37,526 - seismic - DEBUG - Objective: 103.6316
2018-08-21 18:34:37,666 - seismic - DEBUG - Objective: 103.6316
2018-08-21 18:34:37,803 - seismic - DEBUG - Objective: 103.6316
2018-08-21 18:34:37,941 - seismic - DEBUG - Objective: 103.6316
2018-08-21 18:34:38,079 - seismic - DEBUG - Objective: 103.6316
2018-08-21 18:34:38,222 - seismic - DEBUG - Objective: 103.6316
2018-08-21 18:34:38,361 - seismic - DEBUG - Objective: 103.6316
2018-08-21 18:34:38,500 - seismic - DEBUG - Objective: 103.6316
2018-08-21 18:34:38,638 - seismic - DEBUG - Objective: 103.6316
2018-08-21 18:34:38,778 - seismic - DEBUG - Objective: 103.6316
2018-08-21 18:34:38,919 - seismic - INFO - Optimizing: mog
2018-08-21 18:34:55,109 - seismic - DEBUG - Objective: 103.6315
2018-08-21 18:35:11,404 - seismic - DEBUG - Objective: 891.6313
2018-08-21 18:35:26,425 - seismic - DEBUG - Objective: 103.5786
2018-08-21 18:35:41,256 - seismic - DEBUG - Objective: 103.5322
2018-08-21 18:35:56,758 - seismic - DEBUG - Objective: 103.4870
2018-08-21 18:36:12,573 - seismic - DEBUG - Objective: 103.3979
2018-08-21 18:36:27,979 - seismic - DEBUG - Objective: 103.3061
2018-08-21 18:36:43,654 - seismic - DEBUG - Objective: 103.2616
2018-08-21 18:36:59,161 - seismic - DEBUG - Objective: 103.1947
2018-08-21 18:37:14,523 - seismic - DEBUG - Objective: 103.1526
2018-08-21 18:37:30,779 - seismic - DEBUG - Objective: 103.0970
2018-08-21 18:37:47,264 - seismic - DEBUG - Objective: 103.0003
2018-08-21 18:38:03,259 - seismic - DEBUG - Objective: 102.8164
2018-08-21 18:38:19,596 - seismic - DEBUG - Objective: 102.6156
2018-08-21 18:38:35,510 - seismic - DEBUG - Objective: 102.5468
2018-08-21 18:38:51,538 - seismic - DEBUG - Objective: 102.4219
2018-08-21 18:39:07,018 - seismic - DEBUG - Objective: 102.3929
2018-08-21 18:39:22,188 - seismic - DEBUG - Objective: 102.3145
2018-08-21 18:39:38,568 - seismic - DEBUG - Objective: 102.1829
2018-08-21 18:39:53,896 - seismic - DEBUG - Objective: 101.9837
2018-08-21 18:40:10,238 - seismic - DEBUG - Objective: 101.8839
2018-08-21 18:40:26,709 - seismic - DEBUG - Objective: 101.7522
2018-08-21 18:40:42,291 - seismic - DEBUG - Objective: 101.6684
2018-08-21 18:40:58,376 - seismic - DEBUG - Objective: 101.5618
2018-08-21 18:41:13,373 - seismic - DEBUG - Objective: 101.4310
2018-08-21 18:41:28,757 - seismic - DEBUG - Objective: 101.2933
2018-08-21 18:41:44,684 - seismic - DEBUG - Objective: 101.1313
2018-08-21 18:42:01,281 - seismic - DEBUG - Objective: 101.4163
2018-08-21 18:42:16,727 - seismic - DEBUG - Objective: 101.0841
2018-08-21 18:42:32,707 - seismic - DEBUG - Objective: 100.9933
2018-08-21 18:42:47,807 - seismic - DEBUG - Objective: 100.9158
2018-08-21 18:43:03,438 - seismic - DEBUG - Objective: 100.8257
2018-08-21 18:43:18,485 - seismic - DEBUG - Objective: 100.7351
2018-08-21 18:43:34,185 - seismic - DEBUG - Objective: 100.6359
2018-08-21 18:43:49,714 - seismic - DEBUG - Objective: 100.5399
2018-08-21 18:44:04,775 - seismic - DEBUG - Objective: 100.4746
2018-08-21 18:44:20,719 - seismic - DEBUG - Objective: 100.3964
2018-08-21 18:44:35,737 - seismic - DEBUG - Objective: 100.3277
2018-08-21 18:44:51,163 - seismic - DEBUG - Objective: 100.1849
2018-08-21 18:45:06,585 - seismic - DEBUG - Objective: 100.2195
2018-08-21 18:45:21,880 - seismic - DEBUG - Objective: 100.0993
2018-08-21 18:45:37,867 - seismic - DEBUG - Objective: 99.9983
2018-08-21 18:45:52,963 - seismic - DEBUG - Objective: 99.9194
2018-08-21 18:46:08,258 - seismic - DEBUG - Objective: 99.8102
2018-08-21 18:46:23,222 - seismic - DEBUG - Objective: 99.6207
2018-08-21 18:46:38,466 - seismic - DEBUG - Objective: 99.5406
2018-08-21 18:46:54,752 - seismic - DEBUG - Objective: 99.4161
2018-08-21 18:47:09,696 - seismic - DEBUG - Objective: 99.3606
2018-08-21 18:47:25,270 - seismic - DEBUG - Objective: 99.2895
2018-08-21 18:47:40,218 - seismic - DEBUG - Objective: 99.2098
2018-08-21 18:47:55,433 - seismic - DEBUG - Objective: 99.1394
2018-08-21 18:48:10,483 - seismic - DEBUG - Objective: 99.0795
2018-08-21 18:48:25,947 - seismic - DEBUG - Objective: 99.0021
2018-08-21 18:48:41,067 - seismic - DEBUG - Objective: 98.9254
2018-08-21 18:48:55,924 - seismic - DEBUG - Objective: 98.8647
2018-08-21 18:49:12,096 - seismic - DEBUG - Objective: 98.8125
2018-08-21 18:49:27,487 - seismic - DEBUG - Objective: 98.7662
2018-08-21 18:49:43,904 - seismic - DEBUG - Objective: 98.6291
2018-08-21 18:49:58,949 - seismic - DEBUG - Objective: 98.5819
2018-08-21 18:50:14,114 - seismic - DEBUG - Objective: 98.5120
2018-08-21 18:50:29,387 - seismic - DEBUG - Objective: 98.4823
2018-08-21 18:50:45,143 - seismic - DEBUG - Objective: 98.4442
2018-08-21 18:51:00,848 - seismic - DEBUG - Objective: 98.3755
2018-08-21 18:51:15,919 - seismic - DEBUG - Objective: 98.4111
2018-08-21 18:51:31,109 - seismic - DEBUG - Objective: 98.3403
2018-08-21 18:51:46,161 - seismic - DEBUG - Objective: 98.3035
2018-08-21 18:52:01,288 - seismic - DEBUG - Objective: 98.2654
2018-08-21 18:52:16,433 - seismic - DEBUG - Objective: 98.2423
2018-08-21 18:52:31,701 - seismic - DEBUG - Objective: 98.2161
2018-08-21 18:52:47,236 - seismic - DEBUG - Objective: 98.1628
2018-08-21 18:53:03,051 - seismic - DEBUG - Objective: 98.1291
2018-08-21 18:53:17,949 - seismic - DEBUG - Objective: 98.0659
2018-08-21 18:53:33,255 - seismic - DEBUG - Objective: 98.0383
2018-08-21 18:53:48,226 - seismic - DEBUG - Objective: 98.0160
2018-08-21 18:54:03,102 - seismic - DEBUG - Objective: 97.9730
2018-08-21 18:54:18,588 - seismic - DEBUG - Objective: 97.9406
2018-08-21 18:54:33,505 - seismic - DEBUG - Objective: 97.8609
2018-08-21 18:54:48,401 - seismic - DEBUG - Objective: 97.9063
2018-08-21 18:55:03,320 - seismic - DEBUG - Objective: 97.8379
2018-08-21 18:55:18,642 - seismic - DEBUG - Objective: 97.7971
2018-08-21 18:55:34,304 - seismic - DEBUG - Objective: 97.7589
2018-08-21 18:55:49,589 - seismic - DEBUG - Objective: 97.7428
2018-08-21 18:56:04,876 - seismic - DEBUG - Objective: 97.6838
2018-08-21 18:56:20,378 - seismic - DEBUG - Objective: 97.6419
2018-08-21 18:56:35,919 - seismic - DEBUG - Objective: 97.5737
2018-08-21 18:56:52,172 - seismic - DEBUG - Objective: 97.5366
2018-08-21 18:57:07,326 - seismic - DEBUG - Objective: 97.5114
2018-08-21 18:57:22,716 - seismic - DEBUG - Objective: 97.4897
2018-08-21 18:57:37,719 - seismic - DEBUG - Objective: 97.4809
2018-08-21 18:57:52,743 - seismic - DEBUG - Objective: 97.4657
2018-08-21 18:58:07,778 - seismic - DEBUG - Objective: 97.4351
2018-08-21 18:58:22,814 - seismic - DEBUG - Objective: 97.4621
2018-08-21 18:58:37,953 - seismic - DEBUG - Objective: 97.4259
2018-08-21 18:58:53,189 - seismic - DEBUG - Objective: 97.4203
2018-08-21 18:59:08,351 - seismic - DEBUG - Objective: 97.4007
2018-08-21 18:59:23,413 - seismic - DEBUG - Objective: 97.3758
2018-08-21 18:59:39,400 - seismic - DEBUG - Objective: 97.3585
2018-08-21 18:59:55,103 - seismic - DEBUG - Objective: 97.3308
2018-08-21 19:00:10,297 - seismic - DEBUG - Objective: 97.3217
2018-08-21 19:00:26,402 - seismic - DEBUG - Objective: 97.3077
2018-08-21 19:00:42,010 - seismic - DEBUG - Objective: 97.2855
2018-08-21 19:00:42,020 - seismic - INFO - Optimizing: hyp
2018-08-21 19:00:55,447 - seismic - DEBUG - Objective: 97.2824
2018-08-21 19:00:55,586 - seismic - DEBUG - Objective: 867.5153
2018-08-21 19:00:55,724 - seismic - DEBUG - Objective: 112.3878
2018-08-21 19:00:55,864 - seismic - DEBUG - Objective: 106.5354
2018-08-21 19:00:56,003 - seismic - DEBUG - Objective: 109.6717
2018-08-21 19:00:56,144 - seismic - DEBUG - Objective: 108.6001
2018-08-21 19:00:56,287 - seismic - DEBUG - Objective: 108.0746
2018-08-21 19:00:56,429 - seismic - DEBUG - Objective: 108.4312
2018-08-21 19:00:56,568 - seismic - DEBUG - Objective: 108.6184
2018-08-21 19:00:56,715 - seismic - DEBUG - Objective: 97.2824
2018-08-21 19:00:56,854 - seismic - DEBUG - Objective: 97.2824
2018-08-21 19:00:56,995 - seismic - DEBUG - Objective: 97.2824
2018-08-21 19:00:57,132 - seismic - DEBUG - Objective: 97.2824
2018-08-21 19:00:57,269 - seismic - DEBUG - Objective: 97.2824
2018-08-21 19:00:57,409 - seismic - DEBUG - Objective: 97.2824
2018-08-21 19:00:57,549 - seismic - DEBUG - Objective: 97.2824
2018-08-21 19:00:57,689 - seismic - DEBUG - Objective: 97.2824
2018-08-21 19:00:57,827 - seismic - DEBUG - Objective: 97.2824
2018-08-21 19:00:57,967 - seismic - DEBUG - Objective: 97.2824
2018-08-21 19:00:58,108 - seismic - DEBUG - Objective: 97.2824
2018-08-21 19:00:58,244 - seismic - DEBUG - Objective: 97.2824
2018-08-21 19:00:58,395 - seismic - DEBUG - Objective difference: 6.349152
2018-08-21 19:00:58,395 - seismic - INFO - Mean difference: 0.020736
2018-08-21 19:00:58,396 - seismic - INFO - Covariance difference: 0.005906
2018-08-21 19:00:58,396 - seismic - INFO - Iteration 6 started.
2018-08-21 19:00:58,396 - seismic - INFO - Optimizing: hyp
2018-08-21 19:00:58,396 - seismic - DEBUG - Objective: 97.2824
2018-08-21 19:00:58,534 - seismic - DEBUG - Objective: 867.5153
2018-08-21 19:00:58,704 - seismic - DEBUG - Objective: 112.3878
2018-08-21 19:00:58,844 - seismic - DEBUG - Objective: 106.5354
2018-08-21 19:00:58,984 - seismic - DEBUG - Objective: 109.6717
2018-08-21 19:00:59,123 - seismic - DEBUG - Objective: 108.6001
2018-08-21 19:00:59,262 - seismic - DEBUG - Objective: 108.0746
2018-08-21 19:00:59,401 - seismic - DEBUG - Objective: 108.4312
2018-08-21 19:00:59,538 - seismic - DEBUG - Objective: 108.6184
2018-08-21 19:00:59,675 - seismic - DEBUG - Objective: 97.2824
2018-08-21 19:00:59,812 - seismic - DEBUG - Objective: 97.2824
2018-08-21 19:00:59,950 - seismic - DEBUG - Objective: 97.2824
2018-08-21 19:01:00,089 - seismic - DEBUG - Objective: 97.2824
2018-08-21 19:01:00,225 - seismic - DEBUG - Objective: 97.2824
2018-08-21 19:01:00,363 - seismic - DEBUG - Objective: 97.2824
2018-08-21 19:01:00,500 - seismic - DEBUG - Objective: 97.2824
2018-08-21 19:01:00,642 - seismic - DEBUG - Objective: 97.2824
2018-08-21 19:01:00,779 - seismic - DEBUG - Objective: 97.2824
2018-08-21 19:01:00,916 - seismic - DEBUG - Objective: 97.2824
2018-08-21 19:01:01,053 - seismic - DEBUG - Objective: 97.2824
2018-08-21 19:01:01,191 - seismic - DEBUG - Objective: 97.2824
2018-08-21 19:01:01,331 - seismic - INFO - Optimizing: mog
2018-08-21 19:01:17,313 - seismic - DEBUG - Objective: 97.2878
2018-08-21 19:01:32,315 - seismic - DEBUG - Objective: 3159.9011
2018-08-21 19:01:47,324 - seismic - DEBUG - Objective: 97.2725
2018-08-21 19:02:02,320 - seismic - DEBUG - Objective: 97.2798
2018-08-21 19:02:17,300 - seismic - DEBUG - Objective: 97.2692
2018-08-21 19:02:32,914 - seismic - DEBUG - Objective: 97.2713
2018-08-21 19:02:48,503 - seismic - DEBUG - Objective: 97.2691
2018-08-21 19:03:04,301 - seismic - DEBUG - Objective: 97.2768
2018-08-21 19:03:20,006 - seismic - DEBUG - Objective: 97.2758
2018-08-21 19:03:35,345 - seismic - DEBUG - Objective: 97.2767
2018-08-21 19:03:51,162 - seismic - DEBUG - Objective: 97.2727
2018-08-21 19:04:06,345 - seismic - DEBUG - Objective: 97.2746
2018-08-21 19:04:21,890 - seismic - DEBUG - Objective: 97.2704
2018-08-21 19:04:21,890 - seismic - DEBUG - Objective: 97.2704
2018-08-21 19:04:21,906 - seismic - INFO - Optimizing: hyp
2018-08-21 19:04:34,999 - seismic - DEBUG - Objective: 97.2754
2018-08-21 19:04:35,166 - seismic - DEBUG - Objective: 867.4798
2018-08-21 19:04:35,322 - seismic - DEBUG - Objective: 112.3788
2018-08-21 19:04:35,461 - seismic - DEBUG - Objective: 106.5286
2018-08-21 19:04:35,600 - seismic - DEBUG - Objective: 109.6639
2018-08-21 19:04:35,741 - seismic - DEBUG - Objective: 108.5928
2018-08-21 19:04:35,880 - seismic - DEBUG - Objective: 108.0673
2018-08-21 19:04:36,019 - seismic - DEBUG - Objective: 108.4240
2018-08-21 19:04:36,157 - seismic - DEBUG - Objective: 108.6111
2018-08-21 19:04:36,294 - seismic - DEBUG - Objective: 97.2754
2018-08-21 19:04:36,433 - seismic - DEBUG - Objective: 97.2754
2018-08-21 19:04:36,569 - seismic - DEBUG - Objective: 97.2754
2018-08-21 19:04:36,706 - seismic - DEBUG - Objective: 97.2754
2018-08-21 19:04:36,843 - seismic - DEBUG - Objective: 97.2754
2018-08-21 19:04:36,984 - seismic - DEBUG - Objective: 97.2754
2018-08-21 19:04:37,130 - seismic - DEBUG - Objective: 97.2754
2018-08-21 19:04:37,275 - seismic - DEBUG - Objective: 97.2754
2018-08-21 19:04:37,413 - seismic - DEBUG - Objective: 97.2754
2018-08-21 19:04:37,551 - seismic - DEBUG - Objective: 97.2754
2018-08-21 19:04:37,691 - seismic - DEBUG - Objective: 97.2754
2018-08-21 19:04:37,828 - seismic - DEBUG - Objective: 97.2754
2018-08-21 19:04:37,981 - seismic - DEBUG - Objective difference: 0.007065
2018-08-21 19:04:37,981 - seismic - INFO - Mean difference: 0.000010
2018-08-21 19:04:37,981 - seismic - INFO - Covariance difference: 0.000001
2018-08-21 19:04:37,981 - seismic - DEBUG - prediction started...
2018-08-21 19:04:49,314 - seismic - DEBUG - prediction finished
