2018-08-23 14:12:59,779 - seismic - INFO - experiment started for:{'latent_noise:': 0.001, 'optimize_stochastic': False, 'sparsity_factor': 1.0, 'experiment': 'seismic', 'run_id': 1, 'll': 'SeismicLL', 'max_iter': 200, 'transformer': 'MeanStdXTransformation', 'sample_num': 100000, 'optimization_config': {'hyp': 100, 'mog': 100}, 'git_branch': 'seismic-dev', 'xtol': 0.001, 'random_Z': False, 'git_hash': '159fd534a5a5d8b8929558c645efcb63ba2058b6', 'method': 'full', 'model_init': None, 'ftol': 1e-05}
2018-08-23 14:13:12,224 - seismic - INFO - Iteration 1 started.
2018-08-23 14:13:12,226 - seismic - INFO - Optimizing: hyp
2018-08-23 14:13:21,176 - seismic - DEBUG - Objective: 65438.0452; KL: 65941.8314;  NELL: -503.7863
2018-08-23 14:13:21,315 - seismic - DEBUG - Objective: 66907.0061; KL: 67410.7924;  NELL: -503.7863
2018-08-23 14:13:21,484 - seismic - DEBUG - Objective: 65737.9124; KL: 66241.6986;  NELL: -503.7863
2018-08-23 14:13:21,649 - seismic - DEBUG - Objective: 64466.4983; KL: 64970.2845;  NELL: -503.7863
2018-08-23 14:13:21,818 - seismic - DEBUG - Objective: 64696.3030; KL: 65200.0892;  NELL: -503.7863
2018-08-23 14:13:21,987 - seismic - DEBUG - Objective: 65119.2170; KL: 65623.0033;  NELL: -503.7863
2018-08-23 14:13:22,153 - seismic - DEBUG - Objective: 64864.5608; KL: 65368.3470;  NELL: -503.7863
2018-08-23 14:13:22,320 - seismic - DEBUG - Objective: 64466.4983; KL: 64970.2845;  NELL: -503.7863
2018-08-23 14:13:22,493 - seismic - DEBUG - Objective: 117757.1155; KL: 118260.9017;  NELL: -503.7863
2018-08-23 14:13:22,664 - seismic - DEBUG - Objective: 64466.4983; KL: 64970.2845;  NELL: -503.7863
2018-08-23 14:13:23,076 - seismic - DEBUG - Objective: 64466.4983; KL: 64970.2845;  NELL: -503.7863
2018-08-23 14:13:23,241 - seismic - DEBUG - Objective: 64466.4983; KL: 64970.2845;  NELL: -503.7863
2018-08-23 14:13:23,406 - seismic - DEBUG - Objective: 64466.4983; KL: 64970.2845;  NELL: -503.7863
2018-08-23 14:13:23,572 - seismic - DEBUG - Objective: 64466.4983; KL: 64970.2845;  NELL: -503.7863
2018-08-23 14:13:23,741 - seismic - DEBUG - Objective: 64466.4983; KL: 64970.2845;  NELL: -503.7863
2018-08-23 14:13:23,910 - seismic - DEBUG - Objective: 64466.4983; KL: 64970.2845;  NELL: -503.7863
2018-08-23 14:13:24,077 - seismic - DEBUG - Objective: 64466.4983; KL: 64970.2845;  NELL: -503.7863
2018-08-23 14:13:24,242 - seismic - DEBUG - Objective: 64466.4983; KL: 64970.2845;  NELL: -503.7863
2018-08-23 14:13:24,409 - seismic - DEBUG - Objective: 64466.4983; KL: 64970.2845;  NELL: -503.7863
2018-08-23 14:13:24,582 - seismic - DEBUG - Objective: 64466.4983; KL: 64970.2845;  NELL: -503.7863
2018-08-23 14:13:24,748 - seismic - DEBUG - Objective: 64466.4983; KL: 64970.2845;  NELL: -503.7863
2018-08-23 14:13:24,915 - seismic - DEBUG - Objective: 64466.4983; KL: 64970.2845;  NELL: -503.7863
2018-08-23 14:13:25,082 - seismic - DEBUG - Objective: 64466.4983; KL: 64970.2845;  NELL: -503.7863
2018-08-23 14:13:25,251 - seismic - DEBUG - Objective: 64466.4983; KL: 64970.2845;  NELL: -503.7863
2018-08-23 14:13:25,419 - seismic - DEBUG - Objective: 64466.4983; KL: 64970.2845;  NELL: -503.7863
2018-08-23 14:13:25,592 - seismic - DEBUG - Objective: 64466.4983; KL: 64970.2845;  NELL: -503.7863
2018-08-23 14:13:25,606 - seismic - DEBUG - Objective: 64466.4983; KL: 64970.2845;  NELL: -503.7863
2018-08-23 14:13:25,777 - seismic - INFO - Optimizing: mog
2018-08-23 14:13:37,105 - seismic - DEBUG - Objective: 64466.4964; KL: 64970.2845;  NELL: -503.7881
2018-08-23 14:13:47,683 - seismic - DEBUG - Objective: 54947.4537; KL: 55451.2433;  NELL: -503.7896
2018-08-23 14:13:58,406 - seismic - DEBUG - Objective: 25310.0147; KL: 25813.8093;  NELL: -503.7946
2018-08-23 14:14:10,649 - seismic - DEBUG - Objective: 15355.1573; KL: 15858.9520;  NELL: -503.7947
2018-08-23 14:14:21,214 - seismic - DEBUG - Objective: 8531.9046; KL: 9035.6987;  NELL: -503.7940
2018-08-23 14:14:24,308 - seismic - INFO - Interrupted by the user.
2018-08-23 14:14:24,309 - seismic - INFO - Last objective value: 7410.339325
2018-08-23 14:14:24,350 - seismic - DEBUG - prediction started...
