2017-11-28 22:20:29,479 - seismic - INFO - experiment started for:{'run_id': 1, 'max_iter': 10, 'optimization_config': {'mog': 12000}, 'xtol': 0.001, 'git_hash': 'fb8454f9a08927c0371669dbcd84c7874119ba53', 'model_init': None, 'ftol': 1, 'latent_noise:': 0.001, 'sparsity_factor': 1.0, 'll': 'SeismicLL', 'sample_num': 100000, 'experiment': 'seismic', 'git_branch': 'seismic', 'random_Z': False, 'method': 'full'}
2017-11-28 22:20:38,056 - seismic - INFO - Iteration 1 started.
2017-11-28 22:20:38,056 - seismic - INFO - Optimizing: mog
2017-11-28 22:20:38,125 - seismic - DEBUG - Objective: 11895.9579
2017-11-28 22:20:46,193 - seismic - DEBUG - Objective: 11865.0530
2017-11-28 22:20:54,188 - seismic - DEBUG - Objective: 11741.4483
2017-11-28 22:21:01,867 - seismic - DEBUG - Objective: 11248.9635
2017-11-28 22:21:09,332 - seismic - DEBUG - Objective: 9598.9199
2017-11-28 22:21:17,020 - seismic - DEBUG - Objective: 8121585724299.3457
2017-11-28 22:21:24,627 - seismic - DEBUG - Objective: 9600.3633
2017-11-28 22:21:32,008 - seismic - DEBUG - Objective: 9599.7422
2017-11-28 22:21:32,009 - seismic - DEBUG - Objective: 9599.7422
2017-11-28 22:21:32,009 - seismic - DEBUG - Objective: 9599.7422
2017-11-28 22:21:32,037 - seismic - INFO - Iteration 2 started.
2017-11-28 22:21:32,037 - seismic - INFO - Optimizing: mog
2017-11-28 22:21:32,105 - seismic - DEBUG - Objective: 9599.7422
2017-11-28 22:21:39,674 - seismic - DEBUG - Objective: 9566.8623
2017-11-28 22:21:47,465 - seismic - DEBUG - Objective: 9321.5784
2017-11-28 22:21:55,002 - seismic - DEBUG - Objective: 9115.5059
2017-11-28 22:22:02,535 - seismic - DEBUG - Objective: 9061.8127
2017-11-28 22:22:10,046 - seismic - DEBUG - Objective: 9002.2795
2017-11-28 22:22:17,677 - seismic - DEBUG - Objective: 8945.9297
2017-11-28 22:22:25,197 - seismic - DEBUG - Objective: 39398295.0867
2017-11-28 22:22:32,771 - seismic - DEBUG - Objective: 8830.8643
2017-11-28 22:22:40,397 - seismic - DEBUG - Objective: 8801.1951
2017-11-28 22:22:47,992 - seismic - DEBUG - Objective: 8672.8201
2017-11-28 22:22:55,401 - seismic - DEBUG - Objective: 8392.1387
2017-11-28 22:23:02,825 - seismic - DEBUG - Objective: 7923.9973
2017-11-28 22:23:10,359 - seismic - DEBUG - Objective: 8575.3052
2017-11-28 22:23:17,837 - seismic - DEBUG - Objective: 7218.4119
2017-11-28 22:23:25,348 - seismic - DEBUG - Objective: 7011.3894
2017-11-28 22:23:32,822 - seismic - DEBUG - Objective: 6522.7769
2017-11-28 22:23:40,259 - seismic - DEBUG - Objective: 5173.5222
2017-11-28 22:23:47,822 - seismic - DEBUG - Objective: 5498.4194
2017-11-28 22:23:55,204 - seismic - DEBUG - Objective: 4825.3242
2017-11-28 22:24:02,677 - seismic - DEBUG - Objective: 4581.9009
2017-11-28 22:24:10,081 - seismic - DEBUG - Objective: 4514.0989
2017-11-28 22:24:17,553 - seismic - DEBUG - Objective: 4393.5919
2017-11-28 22:24:25,057 - seismic - DEBUG - Objective: 5627.2224
2017-11-28 22:24:32,440 - seismic - DEBUG - Objective: 4304.2848
2017-11-28 22:24:39,840 - seismic - DEBUG - Objective: 4195.9764
2017-11-28 22:24:47,340 - seismic - DEBUG - Objective: 4171.8589
2017-11-28 22:24:54,832 - seismic - DEBUG - Objective: 4088.0475
2017-11-28 22:25:02,232 - seismic - DEBUG - Objective: 4004.6462
2017-11-28 22:25:09,671 - seismic - DEBUG - Objective: 1210911.6201
2017-11-28 22:25:17,139 - seismic - DEBUG - Objective: 3936.4006
2017-11-28 22:25:24,540 - seismic - DEBUG - Objective: 5460.7222
2017-11-28 22:25:31,962 - seismic - DEBUG - Objective: 3892.2997
2017-11-28 22:25:39,514 - seismic - DEBUG - Objective: 3812.4110
2017-11-28 22:25:46,962 - seismic - DEBUG - Objective: 3759.1865
2017-11-28 22:25:54,428 - seismic - DEBUG - Objective: 3733.2725
2017-11-28 22:26:01,870 - seismic - DEBUG - Objective: 3718.6710
2017-11-28 22:26:09,309 - seismic - DEBUG - Objective: 257930321789.1345
2017-11-28 22:26:16,957 - seismic - DEBUG - Objective: 3719.0238
2017-11-28 22:26:24,471 - seismic - DEBUG - Objective: 3718.5640
2017-11-28 22:26:31,932 - seismic - DEBUG - Objective: 3718.6592
2017-11-28 22:26:39,369 - seismic - DEBUG - Objective: 3718.7686
2017-11-28 22:26:39,370 - seismic - DEBUG - Objective: 3718.7686
2017-11-28 22:26:39,400 - seismic - DEBUG - Objective difference: 5880.973633
2017-11-28 22:26:39,400 - seismic - INFO - Mean difference: 30.944227
2017-11-28 22:26:39,401 - seismic - INFO - Covariance difference: 0.016574
2017-11-28 22:26:39,401 - seismic - INFO - Iteration 3 started.
2017-11-28 22:26:39,401 - seismic - INFO - Optimizing: mog
2017-11-28 22:26:39,464 - seismic - DEBUG - Objective: 3718.7686
2017-11-28 22:26:47,039 - seismic - DEBUG - Objective: 3709.3763
2017-11-28 22:26:54,512 - seismic - DEBUG - Objective: 3654.2417
2017-11-28 22:27:01,954 - seismic - DEBUG - Objective: 3604.9884
2017-11-28 22:27:09,360 - seismic - DEBUG - Objective: 3561.4752
2017-11-28 22:27:16,939 - seismic - DEBUG - Objective: 3514.6636
2017-11-28 22:27:24,384 - seismic - DEBUG - Objective: 3497.5901
2017-11-28 22:27:31,912 - seismic - DEBUG - Objective: 3455.3094
2017-11-28 22:27:39,331 - seismic - DEBUG - Objective: 3416.2197
2017-11-28 22:27:46,851 - seismic - DEBUG - Objective: 4401.9116
2017-11-28 22:27:54,459 - seismic - DEBUG - Objective: 3399.1160
2017-11-28 22:28:01,827 - seismic - DEBUG - Objective: 1205196.5972
2017-11-28 22:28:09,232 - seismic - DEBUG - Objective: 3375.7880
2017-11-28 22:28:16,648 - seismic - DEBUG - Objective: 3599.6400
2017-11-28 22:28:24,113 - seismic - DEBUG - Objective: 3356.5476
2017-11-28 22:28:31,509 - seismic - DEBUG - Objective: 3328.5720
2017-11-28 22:28:38,914 - seismic - DEBUG - Objective: 3301.8730
2017-11-28 22:28:46,220 - seismic - DEBUG - Objective: 3316.6615
2017-11-28 22:28:53,536 - seismic - DEBUG - Objective: 3273.2128
2017-11-28 22:29:00,829 - seismic - DEBUG - Objective: 3861.3884
2017-11-28 22:29:08,128 - seismic - DEBUG - Objective: 3254.6085
2017-11-28 22:29:15,539 - seismic - DEBUG - Objective: 3334735.6008
2017-11-28 22:29:23,131 - seismic - DEBUG - Objective: 3230.1042
2017-11-28 22:29:30,776 - seismic - DEBUG - Objective: 386082.6599
2017-11-28 22:29:38,668 - seismic - DEBUG - Objective: 3230.1808
2017-11-28 22:29:46,458 - seismic - DEBUG - Objective: 3230.5181
2017-11-28 22:29:54,283 - seismic - DEBUG - Objective: 3230.1836
2017-11-28 22:30:01,955 - seismic - DEBUG - Objective: 3229.9025
2017-11-28 22:30:01,956 - seismic - DEBUG - Objective: 3229.9025
2017-11-28 22:30:09,792 - seismic - DEBUG - Objective: 3230.1125
2017-11-28 22:30:17,520 - seismic - DEBUG - Objective: 3230.2566
2017-11-28 22:30:17,521 - seismic - DEBUG - Objective: 3230.2566
2017-11-28 22:30:17,549 - seismic - DEBUG - Objective difference: 488.511963
2017-11-28 22:30:17,549 - seismic - INFO - Mean difference: 1.144567
2017-11-28 22:30:17,549 - seismic - INFO - Covariance difference: 0.004740
2017-11-28 22:30:17,549 - seismic - INFO - Iteration 4 started.
2017-11-28 22:30:17,549 - seismic - INFO - Optimizing: mog
2017-11-28 22:30:17,612 - seismic - DEBUG - Objective: 3230.2566
2017-11-28 22:30:25,455 - seismic - DEBUG - Objective: 3223.6409
2017-11-28 22:30:33,163 - seismic - DEBUG - Objective: 3217.6545
2017-11-28 22:30:40,776 - seismic - DEBUG - Objective: 3202.4767
2017-11-28 22:30:48,689 - seismic - DEBUG - Objective: 3187.2238
2017-11-28 22:30:56,344 - seismic - DEBUG - Objective: 3090.5883
2017-11-28 22:31:04,295 - seismic - DEBUG - Objective: 2957.3977
2017-11-28 22:31:12,163 - seismic - DEBUG - Objective: 2841.5593
2017-11-28 22:31:19,854 - seismic - DEBUG - Objective: 2794.5488
2017-11-28 22:31:27,383 - seismic - DEBUG - Objective: 2784.6995
2017-11-28 22:31:35,181 - seismic - DEBUG - Objective: 2757.5682
2017-11-28 22:31:42,777 - seismic - DEBUG - Objective: 2731.2903
2017-11-28 22:31:50,787 - seismic - DEBUG - Objective: 2726.5214
2017-11-28 22:31:58,667 - seismic - DEBUG - Objective: 2715.9475
2017-11-28 22:32:06,557 - seismic - DEBUG - Objective: 2705.2335
2017-11-28 22:32:14,268 - seismic - DEBUG - Objective: 2690.2087
2017-11-28 22:32:21,940 - seismic - DEBUG - Objective: 2675.7533
2017-11-28 22:32:29,479 - seismic - DEBUG - Objective: 2693.9125
2017-11-28 22:32:37,056 - seismic - DEBUG - Objective: 2664.5282
2017-11-28 22:32:44,913 - seismic - DEBUG - Objective: 2776.0597
2017-11-28 22:32:52,731 - seismic - DEBUG - Objective: 2658.1022
2017-11-28 22:33:00,428 - seismic - DEBUG - Objective: 2654.9369
2017-11-28 22:33:07,921 - seismic - DEBUG - Objective: 2650.2198
2017-11-28 22:33:15,610 - seismic - DEBUG - Objective: 2649.2667
2017-11-28 22:33:23,100 - seismic - DEBUG - Objective: 2643.8494
2017-11-28 22:33:30,898 - seismic - DEBUG - Objective: 2633.6376
2017-11-28 22:33:38,942 - seismic - DEBUG - Objective: 2623.5222
2017-11-28 22:33:46,928 - seismic - DEBUG - Objective: 209923231.5210
2017-11-28 22:33:54,998 - seismic - DEBUG - Objective: 2613.3271
2017-11-28 22:34:03,030 - seismic - DEBUG - Objective: 2604.1862
2017-11-28 22:34:10,947 - seismic - DEBUG - Objective: 2600.5216
2017-11-28 22:34:18,914 - seismic - DEBUG - Objective: 2700.1160
2017-11-28 22:34:26,789 - seismic - DEBUG - Objective: 2585.7766
2017-11-28 22:34:34,769 - seismic - DEBUG - Objective: 2609.1346
2017-11-28 22:34:42,793 - seismic - DEBUG - Objective: 2575.9413
2017-11-28 22:34:50,786 - seismic - DEBUG - Objective: 5872.0808
2017-11-28 22:34:58,774 - seismic - DEBUG - Objective: 2570.0951
2017-11-28 22:35:06,645 - seismic - DEBUG - Objective: 2569.3236
2017-11-28 22:35:14,412 - seismic - DEBUG - Objective: 2555.4150
2017-11-28 22:35:22,387 - seismic - DEBUG - Objective: 2538.4873
2017-11-28 22:35:30,498 - seismic - DEBUG - Objective: 2522.6643
2017-11-28 22:35:38,564 - seismic - DEBUG - Objective: 2985.6742
2017-11-28 22:35:46,541 - seismic - DEBUG - Objective: 2499.1881
2017-11-28 22:35:54,621 - seismic - DEBUG - Objective: 2453.2808
2017-11-28 22:36:02,804 - seismic - DEBUG - Objective: 2387.6901
2017-11-28 22:36:10,737 - seismic - DEBUG - Objective: 3432903.4941
2017-11-28 22:36:18,568 - seismic - DEBUG - Objective: 2367.8093
2017-11-28 22:36:26,520 - seismic - DEBUG - Objective: 2340.3331
2017-11-28 22:36:34,482 - seismic - DEBUG - Objective: 1361592947066094410006528.0000
2017-11-28 22:36:42,302 - seismic - DEBUG - Objective: 30760663.9072
2017-11-28 22:36:50,095 - seismic - DEBUG - Objective: 195372.9197
2017-11-28 22:36:57,771 - seismic - DEBUG - Objective: 2334.3179
2017-11-28 22:37:05,406 - seismic - DEBUG - Objective: 2389.4302
2017-11-28 22:37:13,056 - seismic - DEBUG - Objective: 2290.3607
2017-11-28 22:37:20,797 - seismic - DEBUG - Objective: 2275.1014
2017-11-28 22:37:28,453 - seismic - DEBUG - Objective: 9766591.1455
2017-11-28 22:37:36,774 - seismic - DEBUG - Objective: 2275.1217
2017-11-28 22:37:45,505 - seismic - DEBUG - Objective: 2275.2020
2017-11-28 22:37:54,188 - seismic - DEBUG - Objective: 2275.4140
2017-11-28 22:37:54,188 - seismic - DEBUG - Objective: 2275.4140
2017-11-28 22:37:54,189 - seismic - DEBUG - Objective: 2275.4140
2017-11-28 22:37:54,225 - seismic - DEBUG - Objective difference: 954.842590
2017-11-28 22:37:54,226 - seismic - INFO - Mean difference: 10.173176
2017-11-28 22:37:54,226 - seismic - INFO - Covariance difference: 0.001295
2017-11-28 22:37:54,226 - seismic - INFO - Iteration 5 started.
2017-11-28 22:37:54,226 - seismic - INFO - Optimizing: mog
2017-11-28 22:37:54,306 - seismic - DEBUG - Objective: 2275.4140
2017-11-28 22:38:03,093 - seismic - DEBUG - Objective: 2271.3735
2017-11-28 22:38:11,433 - seismic - DEBUG - Objective: 2277.1245
2017-11-28 22:38:19,234 - seismic - DEBUG - Objective: 2264.7019
2017-11-28 22:38:27,814 - seismic - DEBUG - Objective: 2260.8160
2017-11-28 22:38:36,252 - seismic - DEBUG - Objective: 2257.0074
2017-11-28 22:38:44,801 - seismic - DEBUG - Objective: 2253.3811
2017-11-28 22:38:53,504 - seismic - DEBUG - Objective: 2250.2214
2017-11-28 22:39:01,942 - seismic - DEBUG - Objective: 2778.2478
2017-11-28 22:39:10,462 - seismic - DEBUG - Objective: 2245.6046
2017-11-28 22:39:19,383 - seismic - DEBUG - Objective: 176792819.9568
2017-11-28 22:39:28,143 - seismic - DEBUG - Objective: 186452.2017
2017-11-28 22:39:36,788 - seismic - DEBUG - Objective: 2243.5166
2017-11-28 22:39:45,245 - seismic - DEBUG - Objective: 2241.4059
2017-11-28 22:39:53,959 - seismic - DEBUG - Objective: 2237.6226
2017-11-28 22:40:02,298 - seismic - DEBUG - Objective: 2230.8981
2017-11-28 22:40:10,655 - seismic - DEBUG - Objective: 2195.8192
2017-11-28 22:40:19,437 - seismic - DEBUG - Objective: 2158.6722
2017-11-28 22:40:28,277 - seismic - DEBUG - Objective: 2150.2007
2017-11-28 22:40:37,576 - seismic - DEBUG - Objective: 2132.0483
2017-11-28 22:40:46,137 - seismic - DEBUG - Objective: 2127.3586
2017-11-28 22:40:54,911 - seismic - DEBUG - Objective: 2124.4153
2017-11-28 22:41:04,045 - seismic - DEBUG - Objective: 2120.4473
2017-11-28 22:41:12,758 - seismic - DEBUG - Objective: 2118.0129
2017-11-28 22:41:21,282 - seismic - DEBUG - Objective: 2117.5565
2017-11-28 22:41:30,427 - seismic - DEBUG - Objective: 2116.4785
2017-11-28 22:41:39,038 - seismic - DEBUG - Objective: 2118.2802
2017-11-28 22:41:47,514 - seismic - DEBUG - Objective: 2115.5353
2017-11-28 22:41:56,357 - seismic - DEBUG - Objective: 2113.6049
2017-11-28 22:42:05,584 - seismic - DEBUG - Objective: 2109.3395
2017-11-28 22:42:14,842 - seismic - DEBUG - Objective: 2096.2369
2017-11-28 22:42:23,569 - seismic - DEBUG - Objective: 2067.4442
2017-11-28 22:42:31,872 - seismic - DEBUG - Objective: 2010.0184
2017-11-28 22:42:40,227 - seismic - DEBUG - Objective: 2195.0746
2017-11-28 22:42:48,480 - seismic - DEBUG - Objective: 1986.4629
2017-11-28 22:42:57,056 - seismic - DEBUG - Objective: 1969.4884
2017-11-28 22:43:05,607 - seismic - DEBUG - Objective: 1963.5605
2017-11-28 22:43:14,412 - seismic - DEBUG - Objective: 1955.8376
2017-11-28 22:43:23,120 - seismic - DEBUG - Objective: 1952.2504
2017-11-28 22:43:31,530 - seismic - DEBUG - Objective: 1951.6768
2017-11-28 22:43:39,948 - seismic - DEBUG - Objective: 1950.6091
2017-11-28 22:43:49,142 - seismic - DEBUG - Objective: 1949.5406
2017-11-28 22:43:58,251 - seismic - DEBUG - Objective: 1946.4808
2017-11-28 22:44:07,335 - seismic - DEBUG - Objective: 1939.3257
2017-11-28 22:44:15,950 - seismic - DEBUG - Objective: 1928.0974
2017-11-28 22:44:25,417 - seismic - DEBUG - Objective: 1764545031.3318
2017-11-28 22:44:34,837 - seismic - DEBUG - Objective: 2215.6213
2017-11-28 22:44:44,281 - seismic - DEBUG - Objective: 1926.6986
2017-11-28 22:44:53,370 - seismic - DEBUG - Objective: 1920.7722
2017-11-28 22:45:02,032 - seismic - DEBUG - Objective: 1917.4189
2017-11-28 22:45:10,902 - seismic - DEBUG - Objective: 1918.2701
2017-11-28 22:45:19,546 - seismic - DEBUG - Objective: 1916.4914
2017-11-28 22:45:28,075 - seismic - DEBUG - Objective: 1915.8821
2017-11-28 22:45:36,429 - seismic - DEBUG - Objective: 1915.3218
2017-11-28 22:45:45,136 - seismic - DEBUG - Objective: 1915.1466
2017-11-28 22:45:54,048 - seismic - DEBUG - Objective: 1914.9648
2017-11-28 22:46:03,265 - seismic - DEBUG - Objective: 1914.6188
2017-11-28 22:46:11,960 - seismic - DEBUG - Objective: 1914.3661
2017-11-28 22:46:21,421 - seismic - DEBUG - Objective: 1913.8379
2017-11-28 22:46:30,439 - seismic - DEBUG - Objective: 1912.9402
2017-11-28 22:46:38,970 - seismic - DEBUG - Objective: 1912.2274
2017-11-28 22:46:47,358 - seismic - DEBUG - Objective: 1911.8146
2017-11-28 22:46:56,403 - seismic - DEBUG - Objective: 1911.5662
2017-11-28 22:47:05,642 - seismic - DEBUG - Objective: 1911.1400
2017-11-28 22:47:14,577 - seismic - DEBUG - Objective: 1910.6732
2017-11-28 22:47:23,666 - seismic - DEBUG - Objective: 1909.7773
2017-11-28 22:47:32,957 - seismic - DEBUG - Objective: 1908.3965
2017-11-28 22:47:42,594 - seismic - DEBUG - Objective: 1903.9008
2017-11-28 22:47:53,068 - seismic - DEBUG - Objective: 1895.2064
2017-11-28 22:48:02,376 - seismic - DEBUG - Objective: 1890.1284
2017-11-28 22:48:12,012 - seismic - DEBUG - Objective: 1884.7704
2017-11-28 22:48:21,760 - seismic - DEBUG - Objective: 1883.8389
2017-11-28 22:48:31,479 - seismic - DEBUG - Objective: 1883.6198
2017-11-28 22:48:40,548 - seismic - DEBUG - Objective: 1883.4204
2017-11-28 22:48:50,287 - seismic - DEBUG - Objective: 1883.4324
2017-11-28 22:48:59,440 - seismic - DEBUG - Objective: 1883.4358
2017-11-28 22:49:08,329 - seismic - DEBUG - Objective: 1883.6370
2017-11-28 22:49:16,923 - seismic - DEBUG - Objective: 1883.5659
2017-11-28 22:49:25,675 - seismic - DEBUG - Objective: 1883.4309
2017-11-28 22:49:34,295 - seismic - DEBUG - Objective: 1883.5758
2017-11-28 22:49:34,296 - seismic - DEBUG - Objective: 1883.5758
2017-11-28 22:49:34,296 - seismic - DEBUG - Objective: 1883.5758
2017-11-28 22:49:34,338 - seismic - DEBUG - Objective difference: 391.838165
2017-11-28 22:49:34,338 - seismic - INFO - Mean difference: 13.040904
2017-11-28 22:49:34,338 - seismic - INFO - Covariance difference: 0.001025
2017-11-28 22:49:34,338 - seismic - INFO - Iteration 6 started.
2017-11-28 22:49:34,338 - seismic - INFO - Optimizing: mog
2017-11-28 22:49:34,430 - seismic - DEBUG - Objective: 1883.5758
2017-11-28 22:49:43,629 - seismic - DEBUG - Objective: 1883.5346
2017-11-28 22:49:52,846 - seismic - DEBUG - Objective: 1883.4176
2017-11-28 22:50:02,494 - seismic - DEBUG - Objective: 1883.1455
2017-11-28 22:50:11,854 - seismic - DEBUG - Objective: 1883.2116
2017-11-28 22:50:21,541 - seismic - DEBUG - Objective: 1883.4196
2017-11-28 22:50:31,377 - seismic - DEBUG - Objective: 1883.2261
2017-11-28 22:50:40,785 - seismic - DEBUG - Objective: 1883.2727
2017-11-28 22:50:50,383 - seismic - DEBUG - Objective: 1883.1865
2017-11-28 22:51:00,053 - seismic - DEBUG - Objective: 1883.1797
2017-11-28 22:51:00,053 - seismic - DEBUG - Objective: 1883.1797
2017-11-28 22:51:00,094 - seismic - DEBUG - Objective difference: 0.396149
2017-11-28 22:51:00,094 - seismic - INFO - Mean difference: 0.006255
2017-11-28 22:51:00,094 - seismic - INFO - Covariance difference: 0.000209
2017-11-28 22:51:00,095 - seismic - DEBUG - prediction started...
2017-11-28 22:51:05,982 - seismic - DEBUG - prediction finished
