2018-08-22 15:30:07,533 - seismic - INFO - experiment started for:{'latent_noise:': 0.001, 'optimize_stochastic': False, 'sparsity_factor': 1.0, 'experiment': 'seismic', 'run_id': 1, 'll': 'SeismicLL', 'max_iter': 200, 'transformer': 'MeanStdXTransformation', 'sample_num': 100000, 'optimization_config': {'hyp': 100, 'mog': 100}, 'git_branch': 'seismic-dev', 'xtol': 0.001, 'random_Z': False, 'git_hash': '2a83272f3ddc39c1968fa0e623f808b84ebeb267', 'method': 'full', 'model_init': None, 'ftol': 1e-05}
2018-08-22 15:30:19,665 - seismic - INFO - Iteration 1 started.
2018-08-22 15:30:19,666 - seismic - INFO - Optimizing: hyp
2018-08-22 15:30:28,876 - seismic - DEBUG - Objective: 65438.0451; KL: 65941.8314;  NELL: -503.7863
2018-08-22 15:30:29,124 - seismic - DEBUG - Objective: 66907.0060; KL: 67410.7924;  NELL: -503.7863
2018-08-22 15:30:29,382 - seismic - DEBUG - Objective: 65737.9201; KL: 66241.7064;  NELL: -503.7863
2018-08-22 15:30:29,639 - seismic - DEBUG - Objective: 64466.4982; KL: 64970.2845;  NELL: -503.7863
2018-08-22 15:30:29,892 - seismic - DEBUG - Objective: 64659.4514; KL: 65163.2377;  NELL: -503.7863
2018-08-22 15:30:30,156 - seismic - DEBUG - Objective: 64769.3420; KL: 65273.1283;  NELL: -503.7863
2018-08-22 15:30:30,412 - seismic - DEBUG - Objective: 64827.8264; KL: 65331.6127;  NELL: -503.7863
2018-08-22 15:30:30,687 - seismic - DEBUG - Objective: 64466.4982; KL: 64970.2845;  NELL: -503.7863
2018-08-22 15:30:30,943 - seismic - DEBUG - Objective: 117757.1154; KL: 118260.9017;  NELL: -503.7863
2018-08-22 15:30:31,199 - seismic - DEBUG - Objective: 64466.4982; KL: 64970.2845;  NELL: -503.7863
2018-08-22 15:30:31,464 - seismic - DEBUG - Objective: 64466.4982; KL: 64970.2845;  NELL: -503.7863
2018-08-22 15:30:31,722 - seismic - DEBUG - Objective: 64466.4982; KL: 64970.2845;  NELL: -503.7863
2018-08-22 15:30:31,976 - seismic - DEBUG - Objective: 64466.4982; KL: 64970.2845;  NELL: -503.7863
2018-08-22 15:30:32,226 - seismic - DEBUG - Objective: 64466.4982; KL: 64970.2845;  NELL: -503.7863
2018-08-22 15:30:32,475 - seismic - DEBUG - Objective: 64466.4982; KL: 64970.2845;  NELL: -503.7863
2018-08-22 15:30:32,729 - seismic - DEBUG - Objective: 64466.4982; KL: 64970.2845;  NELL: -503.7863
2018-08-22 15:30:32,979 - seismic - DEBUG - Objective: 64466.4982; KL: 64970.2845;  NELL: -503.7863
2018-08-22 15:30:33,234 - seismic - DEBUG - Objective: 64466.4982; KL: 64970.2845;  NELL: -503.7863
2018-08-22 15:30:33,500 - seismic - DEBUG - Objective: 64466.4982; KL: 64970.2845;  NELL: -503.7863
2018-08-22 15:30:33,760 - seismic - DEBUG - Objective: 64466.4982; KL: 64970.2845;  NELL: -503.7863
2018-08-22 15:30:34,016 - seismic - DEBUG - Objective: 64466.4982; KL: 64970.2845;  NELL: -503.7863
2018-08-22 15:30:34,272 - seismic - DEBUG - Objective: 64466.4982; KL: 64970.2845;  NELL: -503.7863
2018-08-22 15:30:34,543 - seismic - DEBUG - Objective: 64466.4982; KL: 64970.2845;  NELL: -503.7863
2018-08-22 15:30:34,803 - seismic - DEBUG - Objective: 64466.4982; KL: 64970.2845;  NELL: -503.7863
2018-08-22 15:30:35,062 - seismic - DEBUG - Objective: 64466.4982; KL: 64970.2845;  NELL: -503.7863
2018-08-22 15:30:35,312 - seismic - DEBUG - Objective: 64466.4982; KL: 64970.2845;  NELL: -503.7863
2018-08-22 15:30:35,313 - seismic - DEBUG - Objective: 64466.4982; KL: 64970.2845;  NELL: -503.7863
2018-08-22 15:30:35,567 - seismic - INFO - Optimizing: mog
2018-08-22 15:30:47,248 - seismic - DEBUG - Objective: 64466.4964; KL: 64970.2845;  NELL: -503.7881
2018-08-22 15:30:57,737 - seismic - DEBUG - Objective: 54947.6141; KL: 55451.4035;  NELL: -503.7894
2018-08-22 15:31:05,067 - seismic - INFO - Interrupted by the user.
2018-08-22 15:31:05,067 - seismic - INFO - Last objective value: 25308.195068
2018-08-22 15:31:05,154 - seismic - DEBUG - prediction started...
