2018-08-22 11:22:22,902 - seismic - INFO - experiment started for:{'latent_noise:': 0.001, 'optimize_stochastic': False, 'sparsity_factor': 1.0, 'experiment': 'seismic', 'run_id': 1, 'll': 'SeismicLL', 'max_iter': 200, 'transformer': 'MeanStdXTransformation', 'sample_num': 100000, 'optimization_config': {'hyp': 100, 'mog': 100}, 'git_branch': 'seismic-dev', 'xtol': 0.001, 'random_Z': False, 'git_hash': '8443071dc984606c4246a6bbf47c261ffa671199', 'method': 'full', 'model_init': None, 'ftol': 1e-05}
2018-08-22 11:22:36,254 - seismic - INFO - Iteration 1 started.
2018-08-22 11:22:36,256 - seismic - INFO - Optimizing: hyp
2018-08-22 11:22:46,307 - seismic - DEBUG - Objective: 65438.0456
2018-08-22 11:22:46,307 - seismic - DEBUG - KL: 65941.8314
2018-08-22 11:22:46,308 - seismic - DEBUG - NELL: -503.7858
2018-08-22 11:22:46,447 - seismic - DEBUG - Objective: 66907.0066
2018-08-22 11:22:46,447 - seismic - DEBUG - KL: 67410.7924
2018-08-22 11:22:46,447 - seismic - DEBUG - NELL: -503.7858
2018-08-22 11:22:46,613 - seismic - DEBUG - Objective: 65737.9206
2018-08-22 11:22:46,613 - seismic - DEBUG - KL: 66241.7064
2018-08-22 11:22:46,614 - seismic - DEBUG - NELL: -503.7858
2018-08-22 11:22:46,783 - seismic - DEBUG - Objective: 64466.4987
2018-08-22 11:22:46,783 - seismic - DEBUG - KL: 64970.2845
2018-08-22 11:22:46,783 - seismic - DEBUG - NELL: -503.7858
2018-08-22 11:22:46,952 - seismic - DEBUG - Objective: 64659.4519
2018-08-22 11:22:46,952 - seismic - DEBUG - KL: 65163.2377
2018-08-22 11:22:46,952 - seismic - DEBUG - NELL: -503.7858
2018-08-22 11:22:47,121 - seismic - DEBUG - Objective: 64769.3425
2018-08-22 11:22:47,121 - seismic - DEBUG - KL: 65273.1283
2018-08-22 11:22:47,121 - seismic - DEBUG - NELL: -503.7858
2018-08-22 11:22:47,287 - seismic - DEBUG - Objective: 64827.8269
2018-08-22 11:22:47,287 - seismic - DEBUG - KL: 65331.6127
2018-08-22 11:22:47,287 - seismic - DEBUG - NELL: -503.7858
2018-08-22 11:22:47,452 - seismic - DEBUG - Objective: 64466.4987
2018-08-22 11:22:47,452 - seismic - DEBUG - KL: 64970.2845
2018-08-22 11:22:47,453 - seismic - DEBUG - NELL: -503.7858
2018-08-22 11:22:47,620 - seismic - DEBUG - Objective: 117757.1159
2018-08-22 11:22:47,621 - seismic - DEBUG - KL: 118260.9017
2018-08-22 11:22:47,621 - seismic - DEBUG - NELL: -503.7858
2018-08-22 11:22:47,793 - seismic - DEBUG - Objective: 64466.4987
2018-08-22 11:22:47,793 - seismic - DEBUG - KL: 64970.2845
2018-08-22 11:22:47,793 - seismic - DEBUG - NELL: -503.7858
2018-08-22 11:22:48,196 - seismic - DEBUG - Objective: 64466.4987
2018-08-22 11:22:48,197 - seismic - DEBUG - KL: 64970.2845
2018-08-22 11:22:48,197 - seismic - DEBUG - NELL: -503.7858
2018-08-22 11:22:48,360 - seismic - DEBUG - Objective: 64466.4987
2018-08-22 11:22:48,360 - seismic - DEBUG - KL: 64970.2845
2018-08-22 11:22:48,361 - seismic - DEBUG - NELL: -503.7858
2018-08-22 11:22:48,530 - seismic - DEBUG - Objective: 64466.4987
2018-08-22 11:22:48,530 - seismic - DEBUG - KL: 64970.2845
2018-08-22 11:22:48,530 - seismic - DEBUG - NELL: -503.7858
2018-08-22 11:22:48,698 - seismic - DEBUG - Objective: 64466.4987
2018-08-22 11:22:48,699 - seismic - DEBUG - KL: 64970.2845
2018-08-22 11:22:48,699 - seismic - DEBUG - NELL: -503.7858
2018-08-22 11:22:48,871 - seismic - DEBUG - Objective: 64466.4987
2018-08-22 11:22:48,872 - seismic - DEBUG - KL: 64970.2845
2018-08-22 11:22:48,872 - seismic - DEBUG - NELL: -503.7858
2018-08-22 11:22:49,036 - seismic - DEBUG - Objective: 64466.4987
2018-08-22 11:22:49,036 - seismic - DEBUG - KL: 64970.2845
2018-08-22 11:22:49,036 - seismic - DEBUG - NELL: -503.7858
2018-08-22 11:22:49,216 - seismic - DEBUG - Objective: 64466.4987
2018-08-22 11:22:49,216 - seismic - DEBUG - KL: 64970.2845
2018-08-22 11:22:49,216 - seismic - DEBUG - NELL: -503.7858
2018-08-22 11:22:49,393 - seismic - DEBUG - Objective: 64466.4987
2018-08-22 11:22:49,393 - seismic - DEBUG - KL: 64970.2845
2018-08-22 11:22:49,394 - seismic - DEBUG - NELL: -503.7858
2018-08-22 11:22:49,564 - seismic - DEBUG - Objective: 64466.4987
2018-08-22 11:22:49,565 - seismic - DEBUG - KL: 64970.2845
2018-08-22 11:22:49,565 - seismic - DEBUG - NELL: -503.7858
2018-08-22 11:22:49,736 - seismic - DEBUG - Objective: 64466.4987
2018-08-22 11:22:49,736 - seismic - DEBUG - KL: 64970.2845
2018-08-22 11:22:49,736 - seismic - DEBUG - NELL: -503.7858
2018-08-22 11:22:49,905 - seismic - DEBUG - Objective: 64466.4987
2018-08-22 11:22:49,906 - seismic - DEBUG - KL: 64970.2845
2018-08-22 11:22:49,906 - seismic - DEBUG - NELL: -503.7858
2018-08-22 11:22:50,067 - seismic - DEBUG - Objective: 64466.4987
2018-08-22 11:22:50,068 - seismic - DEBUG - KL: 64970.2845
2018-08-22 11:22:50,068 - seismic - DEBUG - NELL: -503.7858
2018-08-22 11:22:50,237 - seismic - DEBUG - Objective: 64466.4987
2018-08-22 11:22:50,237 - seismic - DEBUG - KL: 64970.2845
2018-08-22 11:22:50,237 - seismic - DEBUG - NELL: -503.7858
2018-08-22 11:22:50,405 - seismic - DEBUG - Objective: 64466.4987
2018-08-22 11:22:50,405 - seismic - DEBUG - KL: 64970.2845
2018-08-22 11:22:50,406 - seismic - DEBUG - NELL: -503.7858
2018-08-22 11:22:50,573 - seismic - DEBUG - Objective: 64466.4987
2018-08-22 11:22:50,574 - seismic - DEBUG - KL: 64970.2845
2018-08-22 11:22:50,574 - seismic - DEBUG - NELL: -503.7858
2018-08-22 11:22:50,741 - seismic - DEBUG - Objective: 64466.4987
2018-08-22 11:22:50,741 - seismic - DEBUG - KL: 64970.2845
2018-08-22 11:22:50,742 - seismic - DEBUG - NELL: -503.7858
2018-08-22 11:22:50,742 - seismic - DEBUG - Objective: 64466.4987
2018-08-22 11:22:50,742 - seismic - DEBUG - KL: 64970.2845
2018-08-22 11:22:50,742 - seismic - DEBUG - NELL: -503.7858
2018-08-22 11:22:50,918 - seismic - INFO - Optimizing: mog
2018-08-22 11:23:01,589 - seismic - DEBUG - Objective: 64466.4967
2018-08-22 11:23:01,594 - seismic - DEBUG - KL: 64970.2845
2018-08-22 11:23:01,594 - seismic - DEBUG - NELL: -503.7879
2018-08-22 11:23:13,407 - seismic - DEBUG - Objective: 54947.7664
2018-08-22 11:23:13,412 - seismic - DEBUG - KL: 55451.5558
2018-08-22 11:23:13,412 - seismic - DEBUG - NELL: -503.7895
2018-08-22 11:23:23,831 - seismic - DEBUG - Objective: 25304.8627
2018-08-22 11:23:23,837 - seismic - DEBUG - KL: 25808.6573
2018-08-22 11:23:23,837 - seismic - DEBUG - NELL: -503.7946
2018-08-22 11:23:34,375 - seismic - DEBUG - Objective: 15341.9899
2018-08-22 11:23:34,375 - seismic - DEBUG - KL: 15845.7844
2018-08-22 11:23:34,376 - seismic - DEBUG - NELL: -503.7945
2018-08-22 11:23:45,079 - seismic - INFO - Interrupted by the user.
2018-08-22 11:23:45,081 - seismic - INFO - Last objective value: 8534.918304
2018-08-22 11:23:45,183 - seismic - DEBUG - prediction started...
