2018-08-22 15:31:23,012 - seismic - INFO - experiment started for:{'latent_noise:': 0.001, 'optimize_stochastic': False, 'sparsity_factor': 1.0, 'experiment': 'seismic', 'run_id': 1, 'll': 'SeismicLL', 'max_iter': 200, 'transformer': 'MeanStdXTransformation', 'sample_num': 100000, 'optimization_config': {'hyp': 100, 'mog': 100}, 'git_branch': 'seismic-dev', 'xtol': 0.001, 'random_Z': False, 'git_hash': '2a83272f3ddc39c1968fa0e623f808b84ebeb267', 'method': 'full', 'model_init': None, 'ftol': 1e-05}
2018-08-22 15:31:35,076 - seismic - INFO - Iteration 1 started.
2018-08-22 15:31:35,081 - seismic - INFO - Optimizing: hyp
2018-08-22 15:31:44,348 - seismic - DEBUG - Objective: 65438.0448; KL: 65941.8314;  NELL: -503.7867
2018-08-22 15:31:44,558 - seismic - DEBUG - Objective: 66907.0057; KL: 67410.7924;  NELL: -503.7867
2018-08-22 15:31:44,810 - seismic - DEBUG - Objective: 65737.9198; KL: 66241.7064;  NELL: -503.7867
2018-08-22 15:31:45,060 - seismic - DEBUG - Objective: 64466.4979; KL: 64970.2845;  NELL: -503.7867
2018-08-22 15:31:45,315 - seismic - DEBUG - Objective: 64659.4510; KL: 65163.2377;  NELL: -503.7867
2018-08-22 15:31:45,569 - seismic - DEBUG - Objective: 64769.3416; KL: 65273.1283;  NELL: -503.7867
2018-08-22 15:31:45,819 - seismic - DEBUG - Objective: 64827.8260; KL: 65331.6127;  NELL: -503.7867
2018-08-22 15:31:46,067 - seismic - DEBUG - Objective: 64466.4979; KL: 64970.2845;  NELL: -503.7867
2018-08-22 15:31:46,335 - seismic - DEBUG - Objective: 117757.1151; KL: 118260.9017;  NELL: -503.7867
2018-08-22 15:31:46,582 - seismic - DEBUG - Objective: 64466.4979; KL: 64970.2845;  NELL: -503.7867
2018-08-22 15:31:46,839 - seismic - DEBUG - Objective: 64466.4979; KL: 64970.2845;  NELL: -503.7867
2018-08-22 15:31:47,090 - seismic - DEBUG - Objective: 64466.4979; KL: 64970.2845;  NELL: -503.7867
2018-08-22 15:31:47,341 - seismic - DEBUG - Objective: 64466.4979; KL: 64970.2845;  NELL: -503.7867
2018-08-22 15:31:47,598 - seismic - DEBUG - Objective: 64466.4979; KL: 64970.2845;  NELL: -503.7867
2018-08-22 15:31:47,851 - seismic - DEBUG - Objective: 64466.4979; KL: 64970.2845;  NELL: -503.7867
2018-08-22 15:31:48,100 - seismic - DEBUG - Objective: 64466.4979; KL: 64970.2845;  NELL: -503.7867
2018-08-22 15:31:48,373 - seismic - DEBUG - Objective: 64466.4979; KL: 64970.2845;  NELL: -503.7867
2018-08-22 15:31:48,639 - seismic - DEBUG - Objective: 64466.4979; KL: 64970.2845;  NELL: -503.7867
2018-08-22 15:31:48,902 - seismic - DEBUG - Objective: 64466.4979; KL: 64970.2845;  NELL: -503.7867
2018-08-22 15:31:49,172 - seismic - DEBUG - Objective: 64466.4979; KL: 64970.2845;  NELL: -503.7867
2018-08-22 15:31:49,431 - seismic - DEBUG - Objective: 64466.4979; KL: 64970.2845;  NELL: -503.7867
2018-08-22 15:31:49,485 - seismic - INFO - Interrupted by the user.
2018-08-22 15:31:49,485 - seismic - INFO - Last objective value: 64466.497894
2018-08-22 15:31:49,485 - seismic - DEBUG - prediction started...
